Log file open, 09/26/21 10:55:19
LogWindows: Failed to load 'aqProf.dll' (GetLastError=126)
LogWindows: File 'aqProf.dll' does not exist
LogWindows: Failed to load 'VtuneApi.dll' (GetLastError=126)
LogWindows: File 'VtuneApi.dll' does not exist
LogWindows: Failed to load 'VtuneApi32e.dll' (GetLastError=126)
LogWindows: File 'VtuneApi32e.dll' does not exist
LogConsoleResponse: Display: Failed to find resolution value strings in scalability ini. Falling back to default.
LogConsoleResponse: Display: Failed to find resolution value strings in scalability ini. Falling back to default.
LogInit: Display: Running engine for game: SCP_Infinity_Project
LogPlatformFile: Not using cached read wrapper
LogTaskGraph: Started task graph with 5 named threads and 35 total threads with 3 sets of task threads.
LogStats: Stats thread started at 0.253330
LogICUInternationalization: ICU TimeZone Detection - Raw Offset: +1:00, Platform Override: ''
LogInit: Display: Loading text-based GConfig....
LogPluginManager: Warning: Plugin 'EasyBallistics' is not compatible with the current engine version (4.26.0)
Message dialog closed, result: Yes, title: 'EasyBallistics' is Incompatible, text: The 'EasyBallistics' plugin was designed for build 4.26.0. Attempt to load it anyway?
LogPluginManager: Warning: Plugin 'UIWS' is not compatible with the current engine version (4.26.0)
Message dialog closed, result: Yes, title: 'UIWS' is Incompatible, text: The 'UIWS' plugin was designed for build 4.26.0. Attempt to load it anyway?
LogPluginManager: Warning: Plugin 'ElectronicNodes' is not compatible with the current engine version (4.26.0)
Message dialog closed, result: Yes, title: 'ElectronicNodes' is Incompatible, text: The 'ElectronicNodes' plugin was designed for build 4.26.0. Attempt to load it anyway?
LogPluginManager: Mounting plugin MeshPainting
LogPluginManager: Mounting plugin XGEController
LogPluginManager: Mounting plugin Paper2D
LogPluginManager: Mounting plugin AISupport
LogPluginManager: Mounting plugin EnvironmentQueryEditor
LogPluginManager: Mounting plugin LiveLink
LogPluginManager: Mounting plugin CameraShakePreviewer
LogPluginManager: Mounting plugin LightPropagationVolume
LogPluginManager: Mounting plugin GameplayCameras
LogPluginManager: Mounting plugin LensDistortion
LogPluginManager: Mounting plugin AnimationSharing
LogPluginManager: Mounting plugin CodeLiteSourceCodeAccess
LogPluginManager: Mounting plugin CLionSourceCodeAccess
LogPluginManager: Mounting plugin GitSourceControl
LogPluginManager: Mounting plugin KDevelopSourceCodeAccess
LogPluginManager: Mounting plugin NullSourceCodeAccess
LogPluginManager: Mounting plugin PerforceSourceControl
LogPluginManager: Mounting plugin PixWinPlugin
LogPluginManager: Mounting plugin PluginUtils
LogPluginManager: Mounting plugin PlasticSourceControl
LogPluginManager: Mounting plugin PropertyAccessNode
LogPluginManager: Mounting plugin RiderSourceCodeAccess
LogPluginManager: Mounting plugin TextureFormatOodle
LogPluginManager: Mounting plugin VisualStudioCodeSourceCodeAccess
LogPluginManager: Mounting plugin AssetManagerEditor
LogPluginManager: Mounting plugin VisualStudioSourceCodeAccess
LogPluginManager: Mounting plugin SubversionSourceControl
LogPluginManager: Mounting plugin UObjectPlugin
LogPluginManager: Mounting plugin XCodeSourceCodeAccess
LogPluginManager: Mounting plugin CurveEditorTools
LogPluginManager: Mounting plugin FacialAnimation
LogPluginManager: Mounting plugin GeometryMode
LogPluginManager: Mounting plugin DataValidation
LogPluginManager: Mounting plugin CryptoKeys
LogPluginManager: Mounting plugin GameplayTagsEditor
LogPluginManager: Mounting plugin MobileLauncherProfileWizard
LogPluginManager: Mounting plugin PluginBrowser
LogPluginManager: Mounting plugin SpeedTreeImporter
LogPluginManager: Mounting plugin MaterialAnalyzer
LogPluginManager: Mounting plugin DatasmithContent
LogPluginManager: Mounting plugin OodleData
LogPluginManager: Mounting plugin OodleNetwork
LogPluginManager: Mounting plugin AlembicImporter
LogPluginManager: Mounting plugin VariantManagerContent
LogPluginManager: Mounting plugin AutomationUtils
LogPluginManager: Mounting plugin BackChannel
LogPluginManager: Mounting plugin ChaosEditor
LogPluginManager: Mounting plugin ChaosCloth
LogPluginManager: Mounting plugin ChaosClothEditor
LogPluginManager: Mounting plugin ChaosNiagara
LogPluginManager: Mounting plugin ChaosSolverPlugin
LogPluginManager: Mounting plugin CharacterAI
LogPluginManager: Mounting plugin ControlRig
LogPluginManager: Mounting plugin GeometryCache
LogPluginManager: Mounting plugin GeometryCollectionPlugin
LogPluginManager: Mounting plugin GeometryProcessing
LogPluginManager: Mounting plugin GPULightmass
LogPluginManager: Mounting plugin MotoSynth
LogPluginManager: Mounting plugin OpenImageDenoise
LogPluginManager: Mounting plugin PlanarCut
LogPluginManager: Mounting plugin ProxyLODPlugin
LogPluginManager: Mounting plugin PlatformCrypto
LogPluginManager: Mounting plugin PythonScriptPlugin
LogPluginManager: Mounting plugin SkeletalReduction
LogPluginManager: Mounting plugin Niagara
LogPluginManager: Mounting plugin LuminPlatformFeatures
LogPluginManager: Mounting plugin MagicLeap
LogPluginManager: Mounting plugin AsyncLoadingScreen
LogPluginManager: Mounting plugin EasyBallistics
LogPluginManager: Mounting plugin MagicLeapLightEstimation
LogPluginManager: Mounting plugin MagicLeapMedia
LogPluginManager: Mounting plugin MagicLeapPassableWorld
LogPluginManager: Mounting plugin MLSDK
LogPluginManager: Mounting plugin Prefabricator
LogPluginManager: Mounting plugin LowEntryExtStdLib
LogPluginManager: Mounting plugin ProductivityTools
LogPluginManager: Mounting plugin GraphFormatter
LogPluginManager: Mounting plugin ElectronicNodes
LogPluginManager: Mounting plugin TimeClock
LogPluginManager: Mounting plugin UIWS
LogPluginManager: Mounting plugin AvfMedia
LogPluginManager: Mounting plugin ImgMedia
LogPluginManager: Mounting plugin MediaCompositing
LogPluginManager: Mounting plugin MediaPlayerEditor
LogPluginManager: Mounting plugin TcpMessaging
LogPluginManager: Mounting plugin WebMMedia
LogPluginManager: Mounting plugin ActorSequence
LogPluginManager: Mounting plugin WmfMedia
LogPluginManager: Mounting plugin UdpMessaging
LogPluginManager: Mounting plugin LevelSequenceEditor
LogPluginManager: Mounting plugin OnlineSubsystem
LogPluginManager: Mounting plugin MatineeToLevelSequence
LogPluginManager: Mounting plugin TemplateSequence
LogPluginManager: Mounting plugin LauncherChunkInstaller
LogPluginManager: Mounting plugin OnlineSubsystemSteam
LogPluginManager: Mounting plugin OnlineSubsystemNull
LogPluginManager: Mounting plugin OnlineSubsystemUtils
LogPluginManager: Mounting plugin ActorLayerUtilities
LogPluginManager: Mounting plugin AppleImageUtils
LogPluginManager: Mounting plugin AppleMoviePlayer
LogPluginManager: Mounting plugin AssetTags
LogPluginManager: Mounting plugin AudioCapture
LogPluginManager: Mounting plugin ArchVisCharacter
LogPluginManager: Mounting plugin CableComponent
LogPluginManager: Mounting plugin AudioSynesthesia
LogPluginManager: Mounting plugin ChunkDownloader
LogPluginManager: Mounting plugin CustomMeshComponent
LogPluginManager: Mounting plugin EditableMesh
LogPluginManager: Mounting plugin ExampleDeviceProfileSelector
LogPluginManager: Mounting plugin GoogleCloudMessaging
LogPluginManager: Mounting plugin LocationServicesBPLibrary
LogPluginManager: Mounting plugin MobilePatchingUtils
LogPluginManager: Mounting plugin OpenXR
LogPluginManager: Mounting plugin OpenXREyeTracker
LogPluginManager: Mounting plugin OpenXRHandTracking
LogPluginManager: Mounting plugin PostSplashScreen
LogPluginManager: Mounting plugin PhysXVehicles
LogPluginManager: Mounting plugin ProceduralMeshComponent
LogPluginManager: Mounting plugin PropertyAccessEditor
LogPluginManager: Mounting plugin RuntimePhysXCooking
LogPluginManager: Mounting plugin SignificanceManager
LogPluginManager: Mounting plugin SoundFields
LogPluginManager: Mounting plugin Synthesis
LogPluginManager: Mounting plugin WebMMoviePlayer
LogPluginManager: Mounting plugin WindowsMoviePlayer
LogPluginManager: Mounting plugin ScreenshotTools
LogPluginManager: Mounting plugin Takes
LogPluginManager: Mounting plugin ContentBrowserAssetDataSource
LogPluginManager: Mounting plugin ContentBrowserFileDataSource
LogPluginManager: Mounting plugin ContentBrowserClassDataSource
LogPluginManager: Mounting plugin OculusVR
LogPluginManager: Mounting plugin SteamShared
LogPluginManager: Mounting plugin SteamVR
LogPluginManager: Mounting plugin PowerIK
PixWinPlugin: PIX capture plugin failed to initialize! Check that the process is launched from PIX.
LogGPULightmass: GPULightmass module is loaded
LogInit: Using libcurl 7.55.1-DEV
LogInit:  - built for x86_64-pc-win32
LogInit:  - supports SSL with OpenSSL/1.1.1
LogInit:  - supports HTTP deflate (compression) using libz 1.2.8
LogInit:  - other features:
LogInit:      CURL_VERSION_SSL
LogInit:      CURL_VERSION_LIBZ
LogInit:      CURL_VERSION_IPV6
LogInit:      CURL_VERSION_ASYNCHDNS
LogInit:      CURL_VERSION_LARGEFILE
LogInit:      CURL_VERSION_IDN
LogInit:  CurlRequestOptions (configurable via config and command line):
LogInit:  - bVerifyPeer = true  - Libcurl will verify peer certificate
LogInit:  - bUseHttpProxy = false  - Libcurl will NOT use HTTP proxy
LogInit:  - bDontReuseConnections = false  - Libcurl will reuse connections
LogInit:  - MaxHostConnections = 16  - Libcurl will limit the number of connections to a host
LogInit:  - LocalHostAddr = Default
LogInit:  - BufferSize = 65536
LogSteamShared: Display: Loading Steam SDK 1.51
LogSteamShared: Steam SDK Loaded!
LogOnline: OSS: Creating online subsystem instance for: Steam
LogSteamShared: Warning: SteamAPI failed to initialize, conditions not met.
LogOnline: Warning: STEAM: Steamworks: SteamUtils() failed!
LogOnline: Warning: STEAM: Steamworks: SteamUser() failed!
LogOnline: Warning: STEAM: Steamworks: SteamFriends() failed!
LogOnline: Warning: STEAM: Steamworks: SteamRemoteStorage() failed!
LogOnline: Warning: STEAM: Steamworks: SteamUserStats() failed!
LogOnline: Warning: STEAM: Steamworks: SteamMatchmakingServers() failed!
LogOnline: Warning: STEAM: Steamworks: SteamApps() failed!
LogOnline: Warning: STEAM: Steamworks: SteamNetworking() failed!
LogOnline: Warning: STEAM: Steamworks: SteamMatchmaking() failed!
LogOnline: STEAM: [AppId: 0] Client API initialized 0
LogOnline: Display: STEAM: OnlineSubsystemSteam::Shutdown()
LogOnline: Warning: STEAM: Steam API failed to initialize!
LogOnline: Display: STEAM: OnlineSubsystemSteam::Shutdown()
LogOnline: OSS: Unable to create OnlineSubsystem module Steam
LogOnline: OSS: Creating online subsystem instance for: NULL
LogInit: WinSock: version 1.1 (2.2), MaxSocks=32767, MaxUdp=65467
LogOnline: OSS: TryLoadSubsystemAndSetDefault: Loaded subsystem for module [NULL]
LogOculusPluginWrapper: OculusPlugin initialized successfully
LogHMD: Failed initializing OVRPlugin 1.59.0
LogInit: Build: ++UE4+Release-4.27-CL-17155196
LogInit: Engine Version: 4.27.0-17155196+++UE4+Release-4.27
LogInit: Compatible Engine Version: 4.27.0-17155196+++UE4+Release-4.27
LogInit: Net CL: 17155196
LogInit: OS: Windows 10 (Release 2009) (), CPU: Intel(R) Core(TM) i7-8750H CPU @ 2.20GHz, GPU: NVIDIA GeForce GTX 1060
LogInit: Compiled (64-bit): Aug 13 2021 06:13:13
LogInit: Compiled with Visual C++: 19.24.28315.00
LogInit: Build Configuration: Development
LogInit: Branch Name: ++UE4+Release-4.27
LogInit: Command Line:  /Game/Menus/Main_Menu/Main_Menu_Scene -game -PIEVIACONSOLE -Multiprocess "GameUserSettingsINI=D:/Code Projects/UE/Flux Entertainment/SCP-Infinity-Github3/Game/betterbeworkin/Saved/Config/Windows/PIEGameUserSettings0.ini" -MultiprocessSaveConfig -forcepassthrough -messaging -SessionName="Play in Standalone Game" -windowed -WinX=0 -WinY=24 SAVEWINPOS=1 -ResX=2560 -ResY=1080
LogInit: Base Directory: D:/Epic Games/UE_4.27/Engine/Binaries/Win64/
LogInit: Allocator: TBB
LogInit: Installed Engine Build: 1
LogDevObjectVersion: Number of dev versions registered: 29
LogDevObjectVersion:   Dev-Blueprints (B0D832E4-1F89-4F0D-ACCF-7EB736FD4AA2): 10
LogDevObjectVersion:   Dev-Build (E1C64328-A22C-4D53-A36C-8E866417BD8C): 0
LogDevObjectVersion:   Dev-Core (375EC13C-06E4-48FB-B500-84F0262A717E): 4
LogDevObjectVersion:   Dev-Editor (E4B068ED-F494-42E9-A231-DA0B2E46BB41): 40
LogDevObjectVersion:   Dev-Framework (CFFC743F-43B0-4480-9391-14DF171D2073): 37
LogDevObjectVersion:   Dev-Mobile (B02B49B5-BB20-44E9-A304-32B752E40360): 3
LogDevObjectVersion:   Dev-Networking (A4E4105C-59A1-49B5-A7C5-40C4547EDFEE): 0
LogDevObjectVersion:   Dev-Online (39C831C9-5AE6-47DC-9A44-9C173E1C8E7C): 0
LogDevObjectVersion:   Dev-Physics (78F01B33-EBEA-4F98-B9B4-84EACCB95AA2): 14
LogDevObjectVersion:   Dev-Platform (6631380F-2D4D-43E0-8009-CF276956A95A): 0
LogDevObjectVersion:   Dev-Rendering (12F88B9F-8875-4AFC-A67C-D90C383ABD29): 45
LogDevObjectVersion:   Dev-Sequencer (7B5AE74C-D270-4C10-A958-57980B212A5A): 13
LogDevObjectVersion:   Dev-VR (D7296918-1DD6-4BDD-9DE2-64A83CC13884): 3
LogDevObjectVersion:   Dev-LoadTimes (C2A15278-BFE7-4AFE-6C17-90FF531DF755): 1
LogDevObjectVersion:   Private-Geometry (6EACA3D4-40EC-4CC1-B786-8BED09428FC5): 3
LogDevObjectVersion:   Dev-AnimPhys (29E575DD-E0A3-4627-9D10-D276232CDCEA): 17
LogDevObjectVersion:   Dev-Anim (AF43A65D-7FD3-4947-9873-3E8ED9C1BB05): 15
LogDevObjectVersion:   Dev-ReflectionCapture (6B266CEC-1EC7-4B8F-A30B-E4D90942FC07): 1
LogDevObjectVersion:   Dev-Automation (0DF73D61-A23F-47EA-B727-89E90C41499A): 1
LogDevObjectVersion:   FortniteMain (601D1886-AC64-4F84-AA16-D3DE0DEAC7D6): 47
LogDevObjectVersion:   FortniteRelease (E7086368-6B23-4C58-8439-1B7016265E91): 1
LogDevObjectVersion:   Dev-Enterprise (9DFFBCD6-494F-0158-E221-12823C92A888): 10
LogDevObjectVersion:   Dev-Niagara (F2AED0AC-9AFE-416F-8664-AA7FFA26D6FC): 1
LogDevObjectVersion:   Dev-Destruction (174F1F0B-B4C6-45A5-B13F-2EE8D0FB917D): 10
LogDevObjectVersion:   Dev-Physics-Ext (35F94A83-E258-406C-A318-09F59610247C): 41
LogDevObjectVersion:   Dev-PhysicsMaterial-Chaos (B68FC16E-8B1B-42E2-B453-215C058844FE): 1
LogDevObjectVersion:   Dev-CineCamera (B2E18506-4273-CFC2-A54E-F4BB758BBA07): 1
LogDevObjectVersion:   Dev-VirtualProduction (64F58936-FD1B-42BA-BA96-7289D5D0FA4E): 1
LogDevObjectVersion:   Dev-MediaFramework (6F0ED827-A609-4895-9C91-998D90180EA4): 2
LogInit: Presizing for max 25165824 objects, including 0 objects not considered by GC, pre-allocating 0 bytes for permanent pool.
LogConfig: Applying CVar settings from Section [/Script/Engine.StreamingSettings] File [D:/Code Projects/UE/Flux Entertainment/SCP-Infinity-Github3/Game/betterbeworkin/Saved/Config/Windows/Engine.ini]
LogConfig: Setting CVar [[s.MinBulkDataSizeForAsyncLoading:131072]]
LogConfig: Setting CVar [[s.AsyncLoadingThreadEnabled:0]]
LogConfig: Setting CVar [[s.EventDrivenLoaderEnabled:1]]
LogConfig: Setting CVar [[s.WarnIfTimeLimitExceeded:0]]
LogConfig: Setting CVar [[s.TimeLimitExceededMultiplier:1.5]]
LogConfig: Setting CVar [[s.TimeLimitExceededMinTime:0.005]]
LogConfig: Setting CVar [[s.UseBackgroundLevelStreaming:1]]
LogConfig: Setting CVar [[s.PriorityAsyncLoadingExtraTime:15.0]]
LogConfig: Setting CVar [[s.LevelStreamingActorsUpdateTimeLimit:5.0]]
LogConfig: Setting CVar [[s.PriorityLevelStreamingActorsUpdateExtraTime:5.0]]
LogConfig: Setting CVar [[s.LevelStreamingComponentsRegistrationGranularity:10]]
LogConfig: Setting CVar [[s.UnregisterComponentsTimeLimit:1.0]]
LogConfig: Setting CVar [[s.LevelStreamingComponentsUnregistrationGranularity:5]]
LogConfig: Setting CVar [[s.FlushStreamingOnExit:1]]
LogInit: Object subsystem initialized
LogConfig: Setting CVar [[con.DebugEarlyDefault:1]]
LogConfig: Setting CVar [[r.setres:1280x720]]
[2021.09.26-08.55.21:859][  0]LogConfig: Setting CVar [[con.DebugEarlyDefault:1]]
[2021.09.26-08.55.21:859][  0]LogConfig: Setting CVar [[r.setres:1280x720]]
[2021.09.26-08.55.21:859][  0]LogConfig: Applying CVar settings from Section [/Script/Engine.RendererSettings] File [D:/Code Projects/UE/Flux Entertainment/SCP-Infinity-Github3/Game/betterbeworkin/Saved/Config/Windows/Engine.ini]
[2021.09.26-08.55.21:859][  0]LogConfig: Setting CVar [[r.GPUCrashDebugging:0]]
[2021.09.26-08.55.21:859][  0]LogConfig: Setting CVar [[r.DefaultFeature.MotionBlur:1]]
[2021.09.26-08.55.21:859][  0]LogConfig: Setting CVar [[r.GenerateMeshDistanceFields:1]]
[2021.09.26-08.55.21:859][  0]LogConfig: Setting CVar [[r.VirtualTextures:1]]
[2021.09.26-08.55.21:859][  0]LogConfig: Setting CVar [[r.VirtualTexturedLightmaps:1]]
[2021.09.26-08.55.21:859][  0]LogConfig: Setting CVar [[r.SSGI.Enable:0]]
[2021.09.26-08.55.21:859][  0]LogConfig: Setting CVar [[r.AllowGlobalClipPlane:1]]
[2021.09.26-08.55.21:859][  0]LogConfig: Setting CVar [[r.SkinCache.CompileShaders:1]]
[2021.09.26-08.55.21:859][  0]LogConfig: Setting CVar [[r.SupportSkyAtmosphereAffectsHeightFog:1]]
[2021.09.26-08.55.21:859][  0]LogConfig: Setting CVar [[r.DefaultFeature.AntiAliasing:1]]
[2021.09.26-08.55.21:859][  0]LogConfig: Setting CVar [[r.RayTracing:0]]
[2021.09.26-08.55.21:859][  0]LogConfig: Setting CVar [[r.DBuffer:1]]
[2021.09.26-08.55.21:859][  0]LogConfig: Setting CVar [[r.DefaultFeature.Bloom:1]]
[2021.09.26-08.55.21:859][  0]LogConfig: Setting CVar [[r.DefaultFeature.AmbientOcclusion:0]]
[2021.09.26-08.55.21:859][  0]LogConfig: Setting CVar [[r.DefaultFeature.AmbientOcclusionStaticFraction:0]]
[2021.09.26-08.55.21:859][  0]LogConfig: Setting CVar [[r.DefaultFeature.AutoExposure:1]]
[2021.09.26-08.55.21:859][  0]LogConfig: Setting CVar [[r.MobileHDR:0]]
[2021.09.26-08.55.21:859][  0]LogConfig: Setting CVar [[r.Mobile.EnableMovableLightCSMShaderCulling:0]]
[2021.09.26-08.55.21:859][  0]LogConfig: Applying CVar settings from Section [/Script/Engine.RendererOverrideSettings] File [D:/Code Projects/UE/Flux Entertainment/SCP-Infinity-Github3/Game/betterbeworkin/Saved/Config/Windows/Engine.ini]
[2021.09.26-08.55.21:859][  0]LogConfig: Applying CVar settings from Section [/Script/Engine.StreamingSettings] File [D:/Code Projects/UE/Flux Entertainment/SCP-Infinity-Github3/Game/betterbeworkin/Saved/Config/Windows/Engine.ini]
[2021.09.26-08.55.21:859][  0]LogConfig: Setting CVar [[s.MinBulkDataSizeForAsyncLoading:131072]]
[2021.09.26-08.55.21:860][  0]LogConfig: Setting CVar [[s.AsyncLoadingThreadEnabled:0]]
[2021.09.26-08.55.21:860][  0]LogConfig: Setting CVar [[s.EventDrivenLoaderEnabled:1]]
[2021.09.26-08.55.21:860][  0]LogConfig: Setting CVar [[s.WarnIfTimeLimitExceeded:0]]
[2021.09.26-08.55.21:860][  0]LogConfig: Setting CVar [[s.TimeLimitExceededMultiplier:1.5]]
[2021.09.26-08.55.21:860][  0]LogConfig: Setting CVar [[s.TimeLimitExceededMinTime:0.005]]
[2021.09.26-08.55.21:860][  0]LogConfig: Setting CVar [[s.UseBackgroundLevelStreaming:1]]
[2021.09.26-08.55.21:860][  0]LogConfig: Setting CVar [[s.PriorityAsyncLoadingExtraTime:15.0]]
[2021.09.26-08.55.21:860][  0]LogConfig: Setting CVar [[s.LevelStreamingActorsUpdateTimeLimit:5.0]]
[2021.09.26-08.55.21:860][  0]LogConfig: Setting CVar [[s.PriorityLevelStreamingActorsUpdateExtraTime:5.0]]
[2021.09.26-08.55.21:860][  0]LogConfig: Setting CVar [[s.LevelStreamingComponentsRegistrationGranularity:10]]
[2021.09.26-08.55.21:860][  0]LogConfig: Setting CVar [[s.UnregisterComponentsTimeLimit:1.0]]
[2021.09.26-08.55.21:860][  0]LogConfig: Setting CVar [[s.LevelStreamingComponentsUnregistrationGranularity:5]]
[2021.09.26-08.55.21:860][  0]LogConfig: Setting CVar [[s.FlushStreamingOnExit:1]]
[2021.09.26-08.55.21:860][  0]LogConfig: Applying CVar settings from Section [/Script/Engine.GarbageCollectionSettings] File [D:/Code Projects/UE/Flux Entertainment/SCP-Infinity-Github3/Game/betterbeworkin/Saved/Config/Windows/Engine.ini]
[2021.09.26-08.55.21:860][  0]LogConfig: Setting CVar [[gc.MaxObjectsNotConsideredByGC:1]]
[2021.09.26-08.55.21:860][  0]LogConfig: Setting CVar [[gc.SizeOfPermanentObjectPool:0]]
[2021.09.26-08.55.21:860][  0]LogConfig: Setting CVar [[gc.FlushStreamingOnGC:0]]
[2021.09.26-08.55.21:860][  0]LogConfig: Setting CVar [[gc.NumRetriesBeforeForcingGC:10]]
[2021.09.26-08.55.21:860][  0]LogConfig: Setting CVar [[gc.AllowParallelGC:1]]
[2021.09.26-08.55.21:860][  0]LogConfig: Setting CVar [[gc.TimeBetweenPurgingPendingKillObjects:61.1]]
[2021.09.26-08.55.21:860][  0]LogConfig: Setting CVar [[gc.MaxObjectsInEditor:25165824]]
[2021.09.26-08.55.21:860][  0]LogConfig: Setting CVar [[gc.IncrementalBeginDestroyEnabled:1]]
[2021.09.26-08.55.21:860][  0]LogConfig: Setting CVar [[gc.CreateGCClusters:1]]
[2021.09.26-08.55.21:860][  0]LogConfig: Setting CVar [[gc.MinGCClusterSize:5]]
[2021.09.26-08.55.21:860][  0]LogConfig: Setting CVar [[gc.ActorClusteringEnabled:0]]
[2021.09.26-08.55.21:860][  0]LogConfig: Setting CVar [[gc.BlueprintClusteringEnabled:0]]
[2021.09.26-08.55.21:860][  0]LogConfig: Setting CVar [[gc.UseDisregardForGCOnDedicatedServers:0]]
[2021.09.26-08.55.21:860][  0]LogConfig: Setting CVar [[gc.MultithreadedDestructionEnabled:1]]
[2021.09.26-08.55.21:860][  0]LogConfig: Applying CVar settings from Section [/Script/Engine.NetworkSettings] File [D:/Code Projects/UE/Flux Entertainment/SCP-Infinity-Github3/Game/betterbeworkin/Saved/Config/Windows/Engine.ini]
[2021.09.26-08.55.21:860][  0]LogConfig: Applying CVar settings from Section [/Script/UnrealEd.CookerSettings] File [D:/Code Projects/UE/Flux Entertainment/SCP-Infinity-Github3/Game/betterbeworkin/Saved/Config/Windows/Engine.ini]
[2021.09.26-08.55.21:872][  0]LogConfig: Applying CVar settings from Section [ViewDistanceQuality@3] File [D:/Code Projects/UE/Flux Entertainment/SCP-Infinity-Github3/Game/betterbeworkin/Saved/Config/Windows/Scalability.ini]
[2021.09.26-08.55.21:872][  0]LogConfig: Setting CVar [[r.SkeletalMeshLODBias:0]]
[2021.09.26-08.55.21:872][  0]LogConfig: Setting CVar [[r.ViewDistanceScale:1.0]]
[2021.09.26-08.55.21:872][  0]LogConfig: Applying CVar settings from Section [AntiAliasingQuality@3] File [D:/Code Projects/UE/Flux Entertainment/SCP-Infinity-Github3/Game/betterbeworkin/Saved/Config/Windows/Scalability.ini]
[2021.09.26-08.55.21:872][  0]LogConfig: Setting CVar [[r.PostProcessAAQuality:4]]
[2021.09.26-08.55.21:872][  0]LogConfig: Applying CVar settings from Section [ShadowQuality@3] File [D:/Code Projects/UE/Flux Entertainment/SCP-Infinity-Github3/Game/betterbeworkin/Saved/Config/Windows/Scalability.ini]
[2021.09.26-08.55.21:872][  0]LogConfig: Setting CVar [[r.LightFunctionQuality:1]]
[2021.09.26-08.55.21:872][  0]LogConfig: Setting CVar [[r.ShadowQuality:5]]
[2021.09.26-08.55.21:872][  0]LogConfig: Setting CVar [[r.Shadow.CSM.MaxCascades:10]]
[2021.09.26-08.55.21:872][  0]LogConfig: Setting CVar [[r.Shadow.MaxResolution:2048]]
[2021.09.26-08.55.21:872][  0]LogConfig: Setting CVar [[r.Shadow.MaxCSMResolution:2048]]
[2021.09.26-08.55.21:872][  0]LogConfig: Setting CVar [[r.Shadow.RadiusThreshold:0.01]]
[2021.09.26-08.55.21:872][  0]LogConfig: Setting CVar [[r.Shadow.DistanceScale:1.0]]
[2021.09.26-08.55.21:872][  0]LogConfig: Setting CVar [[r.Shadow.CSM.TransitionScale:1.0]]
[2021.09.26-08.55.21:872][  0]LogConfig: Setting CVar [[r.Shadow.PreShadowResolutionFactor:1.0]]
[2021.09.26-08.55.21:872][  0]LogConfig: Setting CVar [[r.DistanceFieldShadowing:1]]
[2021.09.26-08.55.21:872][  0]LogConfig: Setting CVar [[r.DistanceFieldAO:1]]
[2021.09.26-08.55.21:872][  0]LogConfig: Setting CVar [[r.AOQuality:2]]
[2021.09.26-08.55.21:872][  0]LogConfig: Setting CVar [[r.VolumetricFog:1]]
[2021.09.26-08.55.21:873][  0]LogConfig: Setting CVar [[r.VolumetricFog.GridPixelSize:8]]
[2021.09.26-08.55.21:873][  0]LogConfig: Setting CVar [[r.VolumetricFog.GridSizeZ:128]]
[2021.09.26-08.55.21:873][  0]LogConfig: Setting CVar [[r.VolumetricFog.HistoryMissSupersampleCount:4]]
[2021.09.26-08.55.21:873][  0]LogConfig: Setting CVar [[r.LightMaxDrawDistanceScale:1]]
[2021.09.26-08.55.21:873][  0]LogConfig: Setting CVar [[r.CapsuleShadows:1]]
[2021.09.26-08.55.21:873][  0]LogConfig: Applying CVar settings from Section [PostProcessQuality@3] File [D:/Code Projects/UE/Flux Entertainment/SCP-Infinity-Github3/Game/betterbeworkin/Saved/Config/Windows/Scalability.ini]
[2021.09.26-08.55.21:873][  0]LogConfig: Setting CVar [[r.MotionBlurQuality:4]]
[2021.09.26-08.55.21:873][  0]LogConfig: Setting CVar [[r.AmbientOcclusionMipLevelFactor:0.4]]
[2021.09.26-08.55.21:873][  0]LogConfig: Setting CVar [[r.AmbientOcclusionMaxQuality:100]]
[2021.09.26-08.55.21:873][  0]LogConfig: Setting CVar [[r.AmbientOcclusionLevels:-1]]
[2021.09.26-08.55.21:873][  0]LogConfig: Setting CVar [[r.AmbientOcclusionRadiusScale:1.0]]
[2021.09.26-08.55.21:873][  0]LogConfig: Setting CVar [[r.DepthOfFieldQuality:2]]
[2021.09.26-08.55.21:873][  0]LogConfig: Setting CVar [[r.RenderTargetPoolMin:400]]
[2021.09.26-08.55.21:873][  0]LogConfig: Setting CVar [[r.LensFlareQuality:2]]
[2021.09.26-08.55.21:873][  0]LogConfig: Setting CVar [[r.SceneColorFringeQuality:1]]
[2021.09.26-08.55.21:873][  0]LogConfig: Setting CVar [[r.EyeAdaptationQuality:2]]
[2021.09.26-08.55.21:873][  0]LogConfig: Setting CVar [[r.BloomQuality:5]]
[2021.09.26-08.55.21:873][  0]LogConfig: Setting CVar [[r.FastBlurThreshold:100]]
[2021.09.26-08.55.21:873][  0]LogConfig: Setting CVar [[r.Upscale.Quality:3]]
[2021.09.26-08.55.21:873][  0]LogConfig: Setting CVar [[r.Tonemapper.GrainQuantization:1]]
[2021.09.26-08.55.21:873][  0]LogConfig: Setting CVar [[r.LightShaftQuality:1]]
[2021.09.26-08.55.21:873][  0]LogConfig: Setting CVar [[r.Filter.SizeScale:1]]
[2021.09.26-08.55.21:873][  0]LogConfig: Setting CVar [[r.Tonemapper.Quality:5]]
[2021.09.26-08.55.21:873][  0]LogConfig: Setting CVar [[r.DOF.Gather.AccumulatorQuality:1        ; higher gathering accumulator quality]]
[2021.09.26-08.55.21:873][  0]LogConfig: Setting CVar [[r.DOF.Gather.PostfilterMethod:1          ; Median3x3 postfilering method]]
[2021.09.26-08.55.21:873][  0]LogConfig: Setting CVar [[r.DOF.Gather.EnableBokehSettings:0       ; no bokeh simulation when gathering]]
[2021.09.26-08.55.21:873][  0]LogConfig: Setting CVar [[r.DOF.Gather.RingCount:4                 ; medium number of samples when gathering]]
[2021.09.26-08.55.21:873][  0]LogConfig: Setting CVar [[r.DOF.Scatter.ForegroundCompositing:1    ; additive foreground scattering]]
[2021.09.26-08.55.21:873][  0]LogConfig: Setting CVar [[r.DOF.Scatter.BackgroundCompositing:2    ; additive background scattering]]
[2021.09.26-08.55.21:873][  0]LogConfig: Setting CVar [[r.DOF.Scatter.EnableBokehSettings:1      ; bokeh simulation when scattering]]
[2021.09.26-08.55.21:873][  0]LogConfig: Setting CVar [[r.DOF.Scatter.MaxSpriteRatio:0.1         ; only a maximum of 10% of scattered bokeh]]
[2021.09.26-08.55.21:873][  0]LogConfig: Setting CVar [[r.DOF.Recombine.Quality:1                ; cheap slight out of focus]]
[2021.09.26-08.55.21:873][  0]LogConfig: Setting CVar [[r.DOF.Recombine.EnableBokehSettings:0    ; no bokeh simulation on slight out of focus]]
[2021.09.26-08.55.21:873][  0]LogConfig: Setting CVar [[r.DOF.TemporalAAQuality:1                ; more stable temporal accumulation]]
[2021.09.26-08.55.21:873][  0]LogConfig: Setting CVar [[r.DOF.Kernel.MaxForegroundRadius:0.025]]
[2021.09.26-08.55.21:873][  0]LogConfig: Setting CVar [[r.DOF.Kernel.MaxBackgroundRadius:0.025]]
[2021.09.26-08.55.21:873][  0]LogConfig: Applying CVar settings from Section [TextureQuality@3] File [D:/Code Projects/UE/Flux Entertainment/SCP-Infinity-Github3/Game/betterbeworkin/Saved/Config/Windows/Scalability.ini]
[2021.09.26-08.55.21:873][  0]LogConfig: Setting CVar [[r.Streaming.MipBias:0]]
[2021.09.26-08.55.21:873][  0]LogConfig: Setting CVar [[r.Streaming.AmortizeCPUToGPUCopy:0]]
[2021.09.26-08.55.21:873][  0]LogConfig: Setting CVar [[r.Streaming.MaxNumTexturesToStreamPerFrame:0]]
[2021.09.26-08.55.21:873][  0]LogConfig: Setting CVar [[r.Streaming.Boost:1]]
[2021.09.26-08.55.21:873][  0]LogConfig: Setting CVar [[r.MaxAnisotropy:8]]
[2021.09.26-08.55.21:873][  0]LogConfig: Setting CVar [[r.VT.MaxAnisotropy:8]]
[2021.09.26-08.55.21:873][  0]LogConfig: Setting CVar [[r.Streaming.LimitPoolSizeToVRAM:0]]
[2021.09.26-08.55.21:873][  0]LogConfig: Setting CVar [[r.Streaming.PoolSize:1000]]
[2021.09.26-08.55.21:873][  0]LogConfig: Setting CVar [[r.Streaming.MaxEffectiveScreenSize:0]]
[2021.09.26-08.55.21:873][  0]LogConfig: Applying CVar settings from Section [EffectsQuality@3] File [D:/Code Projects/UE/Flux Entertainment/SCP-Infinity-Github3/Game/betterbeworkin/Saved/Config/Windows/Scalability.ini]
[2021.09.26-08.55.21:873][  0]LogConfig: Setting CVar [[r.TranslucencyLightingVolumeDim:64]]
[2021.09.26-08.55.21:873][  0]LogConfig: Setting CVar [[r.RefractionQuality:2]]
[2021.09.26-08.55.21:873][  0]LogConfig: Setting CVar [[r.SSR.Quality:3]]
[2021.09.26-08.55.21:873][  0]LogConfig: Setting CVar [[r.SSR.HalfResSceneColor:0]]
[2021.09.26-08.55.21:873][  0]LogConfig: Setting CVar [[r.SceneColorFormat:4]]
[2021.09.26-08.55.21:873][  0]LogConfig: Setting CVar [[r.DetailMode:2]]
[2021.09.26-08.55.21:873][  0]LogConfig: Setting CVar [[r.TranslucencyVolumeBlur:1]]
[2021.09.26-08.55.21:873][  0]LogConfig: Setting CVar [[r.MaterialQualityLevel:1 ; High quality]]
[2021.09.26-08.55.21:873][  0]LogConfig: Setting CVar [[r.AnisotropicMaterials:1]]
[2021.09.26-08.55.21:873][  0]LogConfig: Setting CVar [[r.SSS.Scale:1]]
[2021.09.26-08.55.21:873][  0]LogConfig: Setting CVar [[r.SSS.SampleSet:2]]
[2021.09.26-08.55.21:873][  0]LogConfig: Setting CVar [[r.SSS.Quality:1]]
[2021.09.26-08.55.21:873][  0]LogConfig: Setting CVar [[r.SSS.HalfRes:0]]
[2021.09.26-08.55.21:873][  0]LogConfig: Setting CVar [[r.SSGI.Quality:3]]
[2021.09.26-08.55.21:873][  0]LogConfig: Setting CVar [[r.EmitterSpawnRateScale:1.0]]
[2021.09.26-08.55.21:873][  0]LogConfig: Setting CVar [[r.ParticleLightQuality:2]]
[2021.09.26-08.55.21:873][  0]LogConfig: Setting CVar [[r.SkyAtmosphere.AerialPerspectiveLUT.FastApplyOnOpaque:1 ; Always have FastSkyLUT 1 in this case to avoid wrong sky]]
[2021.09.26-08.55.21:873][  0]LogConfig: Setting CVar [[r.SkyAtmosphere.AerialPerspectiveLUT.SampleCountMaxPerSlice:4]]
[2021.09.26-08.55.21:873][  0]LogConfig: Setting CVar [[r.SkyAtmosphere.AerialPerspectiveLUT.DepthResolution:16.0]]
[2021.09.26-08.55.21:873][  0]LogConfig: Setting CVar [[r.SkyAtmosphere.FastSkyLUT:1]]
[2021.09.26-08.55.21:873][  0]LogConfig: Setting CVar [[r.SkyAtmosphere.FastSkyLUT.SampleCountMin:4.0]]
[2021.09.26-08.55.21:873][  0]LogConfig: Setting CVar [[r.SkyAtmosphere.FastSkyLUT.SampleCountMax:128.0]]
[2021.09.26-08.55.21:873][  0]LogConfig: Setting CVar [[r.SkyAtmosphere.SampleCountMin:4.0]]
[2021.09.26-08.55.21:873][  0]LogConfig: Setting CVar [[r.SkyAtmosphere.SampleCountMax:128.0]]
[2021.09.26-08.55.21:873][  0]LogConfig: Setting CVar [[r.SkyAtmosphere.TransmittanceLUT.UseSmallFormat:0]]
[2021.09.26-08.55.21:873][  0]LogConfig: Setting CVar [[r.SkyAtmosphere.TransmittanceLUT.SampleCount:10.0]]
[2021.09.26-08.55.21:874][  0]LogConfig: Setting CVar [[r.SkyAtmosphere.MultiScatteringLUT.SampleCount:15.0]]
[2021.09.26-08.55.21:874][  0]LogConfig: Setting CVar [[r.SkyLight.RealTimeReflectionCapture:1]]
[2021.09.26-08.55.21:874][  0]LogConfig: Applying CVar settings from Section [FoliageQuality@3] File [D:/Code Projects/UE/Flux Entertainment/SCP-Infinity-Github3/Game/betterbeworkin/Saved/Config/Windows/Scalability.ini]
[2021.09.26-08.55.21:874][  0]LogConfig: Setting CVar [[foliage.DensityScale:1.0]]
[2021.09.26-08.55.21:874][  0]LogConfig: Setting CVar [[grass.DensityScale:1.0]]
[2021.09.26-08.55.21:874][  0]LogConfig: Applying CVar settings from Section [ShadingQuality@3] File [D:/Code Projects/UE/Flux Entertainment/SCP-Infinity-Github3/Game/betterbeworkin/Saved/Config/Windows/Scalability.ini]
[2021.09.26-08.55.21:874][  0]LogConfig: Setting CVar [[r.HairStrands.SkyLighting.IntegrationType:2]]
[2021.09.26-08.55.21:874][  0]LogConfig: Setting CVar [[r.HairStrands.SkyAO.SampleCount:4]]
[2021.09.26-08.55.21:874][  0]LogConfig: Setting CVar [[r.HairStrands.Visibility.MSAA.SamplePerPixel:4]]
[2021.09.26-08.55.21:874][  0]LogInit: Selected Device Profile: [Windows]
[2021.09.26-08.55.21:874][  0]LogInit: Applying CVar settings loaded from the selected device profile: [Windows]
[2021.09.26-08.55.21:874][  0]LogHAL: Display: Platform has ~ 32 GB [34278969344 / 34359738368 / 32], which maps to Largest [LargestMinGB=32, LargerMinGB=12, DefaultMinGB=8, SmallerMinGB=6, SmallestMinGB=0)
[2021.09.26-08.55.21:874][  0]LogInit: Going up to parent DeviceProfile []
[2021.09.26-08.55.21:874][  0]LogConfig: Applying CVar settings from Section [ViewDistanceQuality@3] File [D:/Code Projects/UE/Flux Entertainment/SCP-Infinity-Github3/Game/betterbeworkin/Saved/Config/Windows/Scalability.ini]
[2021.09.26-08.55.21:874][  0]LogConfig: Setting CVar [[r.SkeletalMeshLODBias:0]]
[2021.09.26-08.55.21:874][  0]LogConfig: Setting CVar [[r.ViewDistanceScale:1.0]]
[2021.09.26-08.55.21:874][  0]LogConfig: Applying CVar settings from Section [AntiAliasingQuality@3] File [D:/Code Projects/UE/Flux Entertainment/SCP-Infinity-Github3/Game/betterbeworkin/Saved/Config/Windows/Scalability.ini]
[2021.09.26-08.55.21:874][  0]LogConfig: Setting CVar [[r.PostProcessAAQuality:4]]
[2021.09.26-08.55.21:874][  0]LogConfig: Applying CVar settings from Section [ShadowQuality@3] File [D:/Code Projects/UE/Flux Entertainment/SCP-Infinity-Github3/Game/betterbeworkin/Saved/Config/Windows/Scalability.ini]
[2021.09.26-08.55.21:874][  0]LogConfig: Setting CVar [[r.LightFunctionQuality:1]]
[2021.09.26-08.55.21:874][  0]LogConfig: Setting CVar [[r.ShadowQuality:5]]
[2021.09.26-08.55.21:874][  0]LogConfig: Setting CVar [[r.Shadow.CSM.MaxCascades:10]]
[2021.09.26-08.55.21:874][  0]LogConfig: Setting CVar [[r.Shadow.MaxResolution:2048]]
[2021.09.26-08.55.21:874][  0]LogConfig: Setting CVar [[r.Shadow.MaxCSMResolution:2048]]
[2021.09.26-08.55.21:874][  0]LogConfig: Setting CVar [[r.Shadow.RadiusThreshold:0.01]]
[2021.09.26-08.55.21:874][  0]LogConfig: Setting CVar [[r.Shadow.DistanceScale:1.0]]
[2021.09.26-08.55.21:874][  0]LogConfig: Setting CVar [[r.Shadow.CSM.TransitionScale:1.0]]
[2021.09.26-08.55.21:874][  0]LogConfig: Setting CVar [[r.Shadow.PreShadowResolutionFactor:1.0]]
[2021.09.26-08.55.21:874][  0]LogConfig: Setting CVar [[r.DistanceFieldShadowing:1]]
[2021.09.26-08.55.21:874][  0]LogConfig: Setting CVar [[r.DistanceFieldAO:1]]
[2021.09.26-08.55.21:874][  0]LogConfig: Setting CVar [[r.AOQuality:2]]
[2021.09.26-08.55.21:874][  0]LogConfig: Setting CVar [[r.VolumetricFog:1]]
[2021.09.26-08.55.21:874][  0]LogConfig: Setting CVar [[r.VolumetricFog.GridPixelSize:8]]
[2021.09.26-08.55.21:874][  0]LogConfig: Setting CVar [[r.VolumetricFog.GridSizeZ:128]]
[2021.09.26-08.55.21:874][  0]LogConfig: Setting CVar [[r.VolumetricFog.HistoryMissSupersampleCount:4]]
[2021.09.26-08.55.21:874][  0]LogConfig: Setting CVar [[r.LightMaxDrawDistanceScale:1]]
[2021.09.26-08.55.21:874][  0]LogConfig: Setting CVar [[r.CapsuleShadows:1]]
[2021.09.26-08.55.21:874][  0]LogConfig: Applying CVar settings from Section [PostProcessQuality@3] File [D:/Code Projects/UE/Flux Entertainment/SCP-Infinity-Github3/Game/betterbeworkin/Saved/Config/Windows/Scalability.ini]
[2021.09.26-08.55.21:874][  0]LogConfig: Setting CVar [[r.MotionBlurQuality:4]]
[2021.09.26-08.55.21:874][  0]LogConfig: Setting CVar [[r.AmbientOcclusionMipLevelFactor:0.4]]
[2021.09.26-08.55.21:874][  0]LogConfig: Setting CVar [[r.AmbientOcclusionMaxQuality:100]]
[2021.09.26-08.55.21:874][  0]LogConfig: Setting CVar [[r.AmbientOcclusionLevels:-1]]
[2021.09.26-08.55.21:874][  0]LogConfig: Setting CVar [[r.AmbientOcclusionRadiusScale:1.0]]
[2021.09.26-08.55.21:874][  0]LogConfig: Setting CVar [[r.DepthOfFieldQuality:2]]
[2021.09.26-08.55.21:874][  0]LogConfig: Setting CVar [[r.RenderTargetPoolMin:400]]
[2021.09.26-08.55.21:874][  0]LogConfig: Setting CVar [[r.LensFlareQuality:2]]
[2021.09.26-08.55.21:874][  0]LogConfig: Setting CVar [[r.SceneColorFringeQuality:1]]
[2021.09.26-08.55.21:874][  0]LogConfig: Setting CVar [[r.EyeAdaptationQuality:2]]
[2021.09.26-08.55.21:875][  0]LogConfig: Setting CVar [[r.BloomQuality:5]]
[2021.09.26-08.55.21:875][  0]LogConfig: Setting CVar [[r.FastBlurThreshold:100]]
[2021.09.26-08.55.21:875][  0]LogConfig: Setting CVar [[r.Upscale.Quality:3]]
[2021.09.26-08.55.21:875][  0]LogConfig: Setting CVar [[r.Tonemapper.GrainQuantization:1]]
[2021.09.26-08.55.21:875][  0]LogConfig: Setting CVar [[r.LightShaftQuality:1]]
[2021.09.26-08.55.21:875][  0]LogConfig: Setting CVar [[r.Filter.SizeScale:1]]
[2021.09.26-08.55.21:875][  0]LogConfig: Setting CVar [[r.Tonemapper.Quality:5]]
[2021.09.26-08.55.21:875][  0]LogConfig: Setting CVar [[r.DOF.Gather.AccumulatorQuality:1        ; higher gathering accumulator quality]]
[2021.09.26-08.55.21:875][  0]LogConfig: Setting CVar [[r.DOF.Gather.PostfilterMethod:1          ; Median3x3 postfilering method]]
[2021.09.26-08.55.21:875][  0]LogConfig: Setting CVar [[r.DOF.Gather.EnableBokehSettings:0       ; no bokeh simulation when gathering]]
[2021.09.26-08.55.21:875][  0]LogConfig: Setting CVar [[r.DOF.Gather.RingCount:4                 ; medium number of samples when gathering]]
[2021.09.26-08.55.21:875][  0]LogConfig: Setting CVar [[r.DOF.Scatter.ForegroundCompositing:1    ; additive foreground scattering]]
[2021.09.26-08.55.21:875][  0]LogConfig: Setting CVar [[r.DOF.Scatter.BackgroundCompositing:2    ; additive background scattering]]
[2021.09.26-08.55.21:875][  0]LogConfig: Setting CVar [[r.DOF.Scatter.EnableBokehSettings:1      ; bokeh simulation when scattering]]
[2021.09.26-08.55.21:875][  0]LogConfig: Setting CVar [[r.DOF.Scatter.MaxSpriteRatio:0.1         ; only a maximum of 10% of scattered bokeh]]
[2021.09.26-08.55.21:875][  0]LogConfig: Setting CVar [[r.DOF.Recombine.Quality:1                ; cheap slight out of focus]]
[2021.09.26-08.55.21:875][  0]LogConfig: Setting CVar [[r.DOF.Recombine.EnableBokehSettings:0    ; no bokeh simulation on slight out of focus]]
[2021.09.26-08.55.21:875][  0]LogConfig: Setting CVar [[r.DOF.TemporalAAQuality:1                ; more stable temporal accumulation]]
[2021.09.26-08.55.21:875][  0]LogConfig: Setting CVar [[r.DOF.Kernel.MaxForegroundRadius:0.025]]
[2021.09.26-08.55.21:875][  0]LogConfig: Setting CVar [[r.DOF.Kernel.MaxBackgroundRadius:0.025]]
[2021.09.26-08.55.21:875][  0]LogConfig: Applying CVar settings from Section [TextureQuality@3] File [D:/Code Projects/UE/Flux Entertainment/SCP-Infinity-Github3/Game/betterbeworkin/Saved/Config/Windows/Scalability.ini]
[2021.09.26-08.55.21:875][  0]LogConfig: Setting CVar [[r.Streaming.MipBias:0]]
[2021.09.26-08.55.21:875][  0]LogConfig: Setting CVar [[r.Streaming.AmortizeCPUToGPUCopy:0]]
[2021.09.26-08.55.21:875][  0]LogConfig: Setting CVar [[r.Streaming.MaxNumTexturesToStreamPerFrame:0]]
[2021.09.26-08.55.21:875][  0]LogConfig: Setting CVar [[r.Streaming.Boost:1]]
[2021.09.26-08.55.21:875][  0]LogConfig: Setting CVar [[r.MaxAnisotropy:8]]
[2021.09.26-08.55.21:875][  0]LogConfig: Setting CVar [[r.VT.MaxAnisotropy:8]]
[2021.09.26-08.55.21:875][  0]LogConfig: Setting CVar [[r.Streaming.LimitPoolSizeToVRAM:0]]
[2021.09.26-08.55.21:875][  0]LogConfig: Setting CVar [[r.Streaming.PoolSize:1000]]
[2021.09.26-08.55.21:875][  0]LogConfig: Setting CVar [[r.Streaming.MaxEffectiveScreenSize:0]]
[2021.09.26-08.55.21:875][  0]LogConfig: Applying CVar settings from Section [EffectsQuality@3] File [D:/Code Projects/UE/Flux Entertainment/SCP-Infinity-Github3/Game/betterbeworkin/Saved/Config/Windows/Scalability.ini]
[2021.09.26-08.55.21:875][  0]LogConfig: Setting CVar [[r.TranslucencyLightingVolumeDim:64]]
[2021.09.26-08.55.21:875][  0]LogConfig: Setting CVar [[r.RefractionQuality:2]]
[2021.09.26-08.55.21:875][  0]LogConfig: Setting CVar [[r.SSR.Quality:3]]
[2021.09.26-08.55.21:875][  0]LogConfig: Setting CVar [[r.SSR.HalfResSceneColor:0]]
[2021.09.26-08.55.21:875][  0]LogConfig: Setting CVar [[r.SceneColorFormat:4]]
[2021.09.26-08.55.21:875][  0]LogConfig: Setting CVar [[r.DetailMode:2]]
[2021.09.26-08.55.21:875][  0]LogConfig: Setting CVar [[r.TranslucencyVolumeBlur:1]]
[2021.09.26-08.55.21:875][  0]LogConfig: Setting CVar [[r.MaterialQualityLevel:1 ; High quality]]
[2021.09.26-08.55.21:875][  0]LogConfig: Setting CVar [[r.AnisotropicMaterials:1]]
[2021.09.26-08.55.21:875][  0]LogConfig: Setting CVar [[r.SSS.Scale:1]]
[2021.09.26-08.55.21:875][  0]LogConfig: Setting CVar [[r.SSS.SampleSet:2]]
[2021.09.26-08.55.21:875][  0]LogConfig: Setting CVar [[r.SSS.Quality:1]]
[2021.09.26-08.55.21:875][  0]LogConfig: Setting CVar [[r.SSS.HalfRes:0]]
[2021.09.26-08.55.21:875][  0]LogConfig: Setting CVar [[r.SSGI.Quality:3]]
[2021.09.26-08.55.21:875][  0]LogConfig: Setting CVar [[r.EmitterSpawnRateScale:1.0]]
[2021.09.26-08.55.21:875][  0]LogConfig: Setting CVar [[r.ParticleLightQuality:2]]
[2021.09.26-08.55.21:875][  0]LogConfig: Setting CVar [[r.SkyAtmosphere.AerialPerspectiveLUT.FastApplyOnOpaque:1 ; Always have FastSkyLUT 1 in this case to avoid wrong sky]]
[2021.09.26-08.55.21:875][  0]LogConfig: Setting CVar [[r.SkyAtmosphere.AerialPerspectiveLUT.SampleCountMaxPerSlice:4]]
[2021.09.26-08.55.21:875][  0]LogConfig: Setting CVar [[r.SkyAtmosphere.AerialPerspectiveLUT.DepthResolution:16.0]]
[2021.09.26-08.55.21:875][  0]LogConfig: Setting CVar [[r.SkyAtmosphere.FastSkyLUT:1]]
[2021.09.26-08.55.21:875][  0]LogConfig: Setting CVar [[r.SkyAtmosphere.FastSkyLUT.SampleCountMin:4.0]]
[2021.09.26-08.55.21:875][  0]LogConfig: Setting CVar [[r.SkyAtmosphere.FastSkyLUT.SampleCountMax:128.0]]
[2021.09.26-08.55.21:875][  0]LogConfig: Setting CVar [[r.SkyAtmosphere.SampleCountMin:4.0]]
[2021.09.26-08.55.21:875][  0]LogConfig: Setting CVar [[r.SkyAtmosphere.SampleCountMax:128.0]]
[2021.09.26-08.55.21:875][  0]LogConfig: Setting CVar [[r.SkyAtmosphere.TransmittanceLUT.UseSmallFormat:0]]
[2021.09.26-08.55.21:875][  0]LogConfig: Setting CVar [[r.SkyAtmosphere.TransmittanceLUT.SampleCount:10.0]]
[2021.09.26-08.55.21:875][  0]LogConfig: Setting CVar [[r.SkyAtmosphere.MultiScatteringLUT.SampleCount:15.0]]
[2021.09.26-08.55.21:875][  0]LogConfig: Setting CVar [[r.SkyLight.RealTimeReflectionCapture:1]]
[2021.09.26-08.55.21:875][  0]LogConfig: Applying CVar settings from Section [FoliageQuality@3] File [D:/Code Projects/UE/Flux Entertainment/SCP-Infinity-Github3/Game/betterbeworkin/Saved/Config/Windows/Scalability.ini]
[2021.09.26-08.55.21:875][  0]LogConfig: Setting CVar [[foliage.DensityScale:1.0]]
[2021.09.26-08.55.21:875][  0]LogConfig: Setting CVar [[grass.DensityScale:1.0]]
[2021.09.26-08.55.21:875][  0]LogConfig: Applying CVar settings from Section [ShadingQuality@3] File [D:/Code Projects/UE/Flux Entertainment/SCP-Infinity-Github3/Game/betterbeworkin/Saved/Config/Windows/Scalability.ini]
[2021.09.26-08.55.21:875][  0]LogConfig: Setting CVar [[r.HairStrands.SkyLighting.IntegrationType:2]]
[2021.09.26-08.55.21:875][  0]LogConfig: Setting CVar [[r.HairStrands.SkyAO.SampleCount:4]]
[2021.09.26-08.55.21:875][  0]LogConfig: Setting CVar [[r.HairStrands.Visibility.MSAA.SamplePerPixel:4]]
[2021.09.26-08.55.21:875][  0]LogConfig: Applying CVar settings from Section [Startup] File [../../../Engine/Config/ConsoleVariables.ini]
[2021.09.26-08.55.21:876][  0]LogConfig: Setting CVar [[net.UseAdaptiveNetUpdateFrequency:0]]
[2021.09.26-08.55.21:876][  0]LogConfig: Setting CVar [[p.chaos.AllowCreatePhysxBodies:1]]
[2021.09.26-08.55.21:876][  0]LogConfig: Setting CVar [[fx.SkipVectorVMBackendOptimizations:1]]
[2021.09.26-08.55.21:876][  0]LogConfig: Applying CVar settings from Section [ConsoleVariables] File [D:/Code Projects/UE/Flux Entertainment/SCP-Infinity-Github3/Game/betterbeworkin/Saved/Config/Windows/Engine.ini]
[2021.09.26-08.55.21:876][  0]LogConfig: Applying CVar settings from Section [ConsoleVariables] File [D:/Code Projects/UE/Flux Entertainment/SCP-Infinity-Github3/Game/betterbeworkin/Saved/Config/Windows/Editor.ini]
[2021.09.26-08.55.21:876][  0]LogInit: Computer: DESKTOP-T9UNCLG
[2021.09.26-08.55.21:876][  0]LogInit: User: Bruintjes
[2021.09.26-08.55.21:876][  0]LogInit: CPU Page size=4096, Cores=6
[2021.09.26-08.55.21:876][  0]LogInit: High frequency timer resolution =10.000000 MHz
[2021.09.26-08.55.21:876][  0]LogMemory: Memory total: Physical=31.9GB (32GB approx)
[2021.09.26-08.55.21:876][  0]LogMemory: Platform Memory Stats for Windows
[2021.09.26-08.55.21:876][  0]LogMemory: Process Physical Memory: 149.10 MB used, 149.11 MB peak
[2021.09.26-08.55.21:876][  0]LogMemory: Process Virtual Memory: 147.38 MB used, 147.38 MB peak
[2021.09.26-08.55.21:876][  0]LogMemory: Physical Memory: 12736.05 MB used,  19954.92 MB free, 32690.97 MB total
[2021.09.26-08.55.21:876][  0]LogMemory: Virtual Memory: 134203640.00 MB used,  14087.11 MB free, 134217728.00 MB total
[2021.09.26-08.55.21:882][  0]LogWindows: WindowsPlatformFeatures enabled
[2021.09.26-08.55.21:935][  0]LogInit: Physics initialised using underlying interface: PhysX
[2021.09.26-08.55.21:935][  0]LogInit: Using OS detected language (en-GB).
[2021.09.26-08.55.21:935][  0]LogInit: Using OS detected locale (en-GB).
[2021.09.26-08.55.21:941][  0]LogTextLocalizationManager: No specific localization for 'en-GB' exists, so the 'en' localization will be used.
[2021.09.26-08.55.22:142][  0]LogWindowsTextInputMethodSystem: Display: IME system deactivated.
[2021.09.26-08.55.22:173][  0]LogSlate: New Slate User Created.  User Index 0, Is Virtual User: 0
[2021.09.26-08.55.22:173][  0]LogSlate: Slate User Registered.  User Index 0, Is Virtual User: 0
[2021.09.26-08.55.22:194][  0]LogD3D11RHI: Loaded GFSDK_Aftermath_Lib.x64.dll
[2021.09.26-08.55.22:197][  0]LogHMD: Failed to initialize OpenVR with code 110
[2021.09.26-08.55.22:197][  0]LogD3D11RHI: D3D11 min allowed feature level: 11_0
[2021.09.26-08.55.22:197][  0]LogD3D11RHI: D3D11 max allowed feature level: 11_0
[2021.09.26-08.55.22:197][  0]LogD3D11RHI: D3D11 adapters:
[2021.09.26-08.55.22:321][  0]LogD3D11RHI:    0. 'NVIDIA GeForce GTX 1060' (Feature Level 11_0)
[2021.09.26-08.55.22:321][  0]LogD3D11RHI:       6052/0/16345 MB DedicatedVideo/DedicatedSystem/SharedSystem, Outputs:2, VendorId:0x10de
[2021.09.26-08.55.22:323][  0]LogD3D11RHI:    1. 'Microsoft Basic Render Driver' (Feature Level 11_0)
[2021.09.26-08.55.22:323][  0]LogD3D11RHI:       0/0/16345 MB DedicatedVideo/DedicatedSystem/SharedSystem, Outputs:0, VendorId:0x1414
[2021.09.26-08.55.22:323][  0]LogD3D11RHI: Chosen D3D11 Adapter: 0
[2021.09.26-08.55.22:330][  0]LogD3D11RHI: Creating new Direct3DDevice
[2021.09.26-08.55.22:330][  0]LogD3D11RHI:     GPU DeviceId: 0x1c20 (for the marketing name, search the web for "GPU Device Id")
[2021.09.26-08.55.22:330][  0]LogWindows: EnumDisplayDevices:
[2021.09.26-08.55.22:331][  0]LogWindows:    0. 'NVIDIA GeForce GTX 1060' (P:1 D:1)
[2021.09.26-08.55.22:331][  0]LogWindows:    1. 'NVIDIA GeForce GTX 1060' (P:0 D:1)
[2021.09.26-08.55.22:331][  0]LogWindows:    2. 'NVIDIA GeForce GTX 1060' (P:0 D:0)
[2021.09.26-08.55.22:331][  0]LogWindows:    3. 'NVIDIA GeForce GTX 1060' (P:0 D:0)
[2021.09.26-08.55.22:332][  0]LogWindows: DebugString: FoundDriverCount:4 
[2021.09.26-08.55.22:332][  0]LogD3D11RHI:     Adapter Name: NVIDIA GeForce GTX 1060
[2021.09.26-08.55.22:332][  0]LogD3D11RHI:   Driver Version: 471.11 (internal:30.0.14.7111, unified:471.11)
[2021.09.26-08.55.22:332][  0]LogD3D11RHI:      Driver Date: 6-21-2021
[2021.09.26-08.55.22:332][  0]LogRHI: Texture pool is 4236 MB (70% of 6052 MB)
[2021.09.26-08.55.22:409][  0]LogD3D11RHI: RHI has support for 64 bit atomics
[2021.09.26-08.55.22:409][  0]LogD3D11RHI: Async texture creation enabled
[2021.09.26-08.55.22:409][  0]LogD3D11RHI: Array index from any shader is supported
[2021.09.26-08.55.22:430][  0]LogD3D11RHI: GPU Timing Frequency: 1000.000000 (Debug: 2 1)
[2021.09.26-08.55.22:475][  0]LogRHI: GeForceNow SDK initialized: 1
[2021.09.26-08.55.22:784][  0]LogTargetPlatformManager: Display: Loaded TargetPlatform 'WindowsNoEditor'
[2021.09.26-08.55.22:789][  0]LogTargetPlatformManager: Display: Loaded TargetPlatform 'Windows'
[2021.09.26-08.55.22:795][  0]LogTargetPlatformManager: Display: Loaded TargetPlatform 'WindowsClient'
[2021.09.26-08.55.22:800][  0]LogTargetPlatformManager: Display: Loaded TargetPlatform 'WindowsServer'
[2021.09.26-08.55.22:800][  0]LogTargetPlatformManager: Display: Building Assets For Windows
[2021.09.26-08.55.22:809][  0]LogAudioDebug: Display: Lib vorbis DLL was dynamically loaded.
[2021.09.26-08.55.22:864][  0]LogTextureFormatOodle: Display: Oodle Texture 2.9.0 init RDO Off
[2021.09.26-08.55.22:902][  0]LogRendererCore: Ray tracing is disabled. Reason: r.RayTracing=0.
[2021.09.26-08.55.22:902][  0]LogShaderCompilers: Guid format shader working directory is -72 characters bigger than the processId version (../../../../../Code Projects/UE/Flux Entertainment/SCP-Infinity-Github3/Game/betterbeworkin/Intermediate/Shaders/WorkingDirectory/18064/).
[2021.09.26-08.55.22:902][  0]LogShaderCompilers: Cleaned the shader compiler working directory 'D:/Temp/UnrealShaderWorkingDir/CE860D474A4862D41F72A2B96D0EB8D8/'.
[2021.09.26-08.55.22:902][  0]LogXGEController: Cannot use XGE Controller as Incredibuild is not installed on this machine.
[2021.09.26-08.55.22:902][  0]LogShaderCompilers: Cannot use XGE Shader Compiler as Incredibuild is not installed on this machine.
[2021.09.26-08.55.22:902][  0]LogShaderCompilers: Display: Using Local Shader Compiler.
[2021.09.26-08.55.23:733][  0]LogDerivedDataCache: Display: Max Cache Size: 512 MB
[2021.09.26-08.55.23:803][  0]LogDerivedDataCache: Loaded boot cache 0.07s 126MB C:/Users/theod/AppData/Local/UnrealEngine/4.27/DerivedDataCache/Boot.ddc.
[2021.09.26-08.55.23:803][  0]LogDerivedDataCache: Display: Loaded Boot cache: C:/Users/theod/AppData/Local/UnrealEngine/4.27/DerivedDataCache/Boot.ddc
[2021.09.26-08.55.23:803][  0]LogDerivedDataCache: FDerivedDataBackendGraph:  Pak pak cache file ../../../../../Code Projects/UE/Flux Entertainment/SCP-Infinity-Github3/Game/betterbeworkin/DerivedDataCache/DDC.ddp not found, will not use a pak cache.
[2021.09.26-08.55.23:803][  0]LogDerivedDataCache: Unable to find inner node Pak for hierarchical cache Hierarchy.
[2021.09.26-08.55.23:803][  0]LogDerivedDataCache: FDerivedDataBackendGraph:  CompressedPak pak cache file ../../../../../Code Projects/UE/Flux Entertainment/SCP-Infinity-Github3/Game/betterbeworkin/DerivedDataCache/Compressed.ddp not found, will not use a pak cache.
[2021.09.26-08.55.23:803][  0]LogDerivedDataCache: Unable to find inner node CompressedPak for hierarchical cache Hierarchy.
[2021.09.26-08.55.23:819][  0]LogDerivedDataCache: Display: Pak cache opened for reading ../../../Engine/DerivedDataCache/Compressed.ddp.
[2021.09.26-08.55.23:819][  0]LogDerivedDataCache: FDerivedDataBackendGraph:  EnterprisePak pak cache file ../../../Enterprise/DerivedDataCache/Compressed.ddp not found, will not use a pak cache.
[2021.09.26-08.55.23:819][  0]LogDerivedDataCache: Unable to find inner node EnterprisePak for hierarchical cache Hierarchy.
[2021.09.26-08.55.23:827][  0]LogDerivedDataCache: Speed tests for D:/Unreal Engine DDC took 0.01 seconds
[2021.09.26-08.55.23:827][  0]LogDerivedDataCache: Display: Performance to D:/Unreal Engine DDC: Latency=0.07ms. RandomReadSpeed=852.06MBs, RandomWriteSpeed=174.60MBs. Assigned SpeedClass 'Local'
[2021.09.26-08.55.23:827][  0]LogDerivedDataCache: Using Local data cache path D:/Unreal Engine DDC: Writable
[2021.09.26-08.55.23:828][  0]LogDerivedDataCache: Shared data cache path not found in *engine.ini, will not use an Shared cache.
[2021.09.26-08.55.23:828][  0]LogDerivedDataCache: Unable to find inner node Shared for hierarchical cache Hierarchy.
[2021.09.26-08.55.23:867][  0]LogSlate: Using FreeType 2.10.0
[2021.09.26-08.55.23:867][  0]LogSlate: SlateFontServices - WITH_FREETYPE: 1, WITH_HARFBUZZ: 1
[2021.09.26-08.55.23:967][  0]LogInit: Using OS detected language (en-GB).
[2021.09.26-08.55.23:967][  0]LogInit: Using OS detected locale (en-GB).
[2021.09.26-08.55.23:967][  0]LogTextLocalizationManager: No localization for 'en-GB' exists, so 'en' will be used for the language.
[2021.09.26-08.55.23:967][  0]LogTextLocalizationManager: No localization for 'en-GB' exists, so 'en' will be used for the locale.
[2021.09.26-08.55.23:967][  0]LogSlate: FontCache flush requested. Reason: Culture for localization was changed
[2021.09.26-08.55.23:967][  0]LogSlate: FontCache flush requested. Reason: Culture for localization was changed
[2021.09.26-08.55.23:970][  0]LogTextLocalizationManager: Compacting localization data took   0.00ms
[2021.09.26-08.55.23:970][  0]LogAssetRegistry: FAssetRegistry took 0.0020 seconds to start up
[2021.09.26-08.55.24:142][  0]LogPackageLocalizationCache: Processed 36 localized package path(s) for 1 prioritized culture(s) in 0.002031 seconds
[2021.09.26-08.55.24:229][  0]LogInit: Selected Device Profile: [Windows]
[2021.09.26-08.55.24:229][  0]LogInit: Active device profile: [000001765804A600][000001764FB64C00 49] Windows
[2021.09.26-08.55.24:229][  0]LogInit: Profiles: [000001765804A600][000001764FB64C00 49] Windows, [000001765705DC00][000001764FB68EC0 49] WindowsNoEditor, [0000017658049C00][000001764FB6D180 49] WindowsServer, [000001765705EA00][000001764FB71440 49] WindowsClient, [000001765804AB00][000001764FB75700 49] IOS, [000001765705E500][000001764FB799C0 49] iPadAir, [000001765804A500][000001764FB7C100 49] iPadAir2, [0000017658002C00][000001764F830640 49] IPadPro, [0000017658002D00][000001764FB80680 49] iPadAir3, [0000017658049A00][000001764FB60900 49] iPadAir4, [0000017658003200][000001764FB88B80 49] iPadMini2, [000001765804A000][000001764FB8CE40 49] iPadMini3, [0000017658003800][000001764F835100 49] iPadMini4, [000001765804A700][000001764F8393C0 49] iPadMini5, [0000017658042500][000001764F84D900 49] iPhone6, [0000017658042600][000001764F83D940 49] iPodTouch6, [0000017658001400][000001764F854300 49] iPhone7, [0000017658001300][000001764F844340 49] iPodTouch7, [0000017658042A00][000001764F848600 49] iPhone5S, [0000017658000E00][000001764F8408C0 49] iPhone6Plus, [0000017658041A00][000001764FB84B40 49] iPhone6S, [0000017658000C00][000001764F850DC0 49] iPhone6SPlus, [0000017658042C00][000001764F85D080 49] iPhone7Plus, [0000017658001C00][000001764F861340 49] iPhoneSE, [0000017658041600][000001764F865600 49] iPhone8, [0000017658003400][000001764F8698C0 49] iPhone8Plus, [0000017658043E00][000001764F86DB80 49] iPhoneX, [0000017658001D00][000001764F8702C0 49] iPhoneXS, [0000017658040A00][000001764F874580 49] iPhoneXSMax, [0000017658003F00][000001764F878840 49] iPhoneXR, [0000017658043600][0000017656FB6B00 49] iPhone11, [0000017658000500][000001764F858D80 49] iPhone11Pro, [0000017658040D00][0000017656FBF040 49] iPhone11ProMax, [0000017658002700][0000017656FC3300 49] iPhoneSE2, [0000017658043100][0000017656FC75C0 49] iPhone12Mini, [0000017658003900][0000017656FCB880 49] iPhone12, [0000017658041500][0000017656FCFB40 49] iPhone12Pro, [0000017658002E00][0000017656FD2280 49] iPhone12ProMax, [0000017658040C00][0000017656FD6540 49] iPadPro105, [0000017658003100][0000017656FDA800 49] iPadPro129, [0000017658043800][0000017656FDEAC0 49] iPadPro97, [0000017658003500][0000017656FBAD40 49] iPadPro2_129, [0000017658041300][0000017656FE2FC0 49] iPad5, [0000017658003A00][0000017656FEB280 49] iPad6, [00000176570F0800][0000017656FEF540 49] iPad7, [000001765705F200][0000017656FF3800 49] iPad8, [00000176570F0700][0000017656FF7AC0 49] iPadPro11, [000001765705D100][0000017656FFA200 49] iPadPro2_11, [00000176570F1900][0000017656FFE4C0 49] iPadPro3_129, [000001765705FF00][0000017657002780 49] iPadPro4_129, [00000176570F1600][0000017657006A40 49] AppleTV, [000001765705F400][000001765700AD00 49] AppleTV4K, [00000176570F1500][0000017656FE6F80 49] TVOS, [000001765705FA00][000001765700F200 49] Mac, [0000017658003C00][00000176570174C0 49] MacClient, [0000017658040400][000001765701B780 49] MacNoEditor, [0000017658000800][000001765701FA40 49] MacServer, [0000017658041C00][0000017657022180 49] Linux, [0000017658002200][0000017657026440 49] LinuxAArch64, [0000017658043400][000001765702A700 49] LinuxNoEditor, [0000017658001900][000001765702E9C0 49] LinuxAArch64NoEditor, [0000017658041400][0000017657032C80 49] LinuxClient, [0000017658003D00][0000017657036F40 49] LinuxAArch64Client, [0000017658040600][00000176570131C0 49] LinuxServer, [0000017658002400][000001765703B440 49] LinuxAArch64Server, [0000017658042300][0000017658055700 49] Android, [0000017658003000][00000176580599C0 49] Android_Low, [0000017658042400][000001765805C100 49] Android_Mid, [0000017658001700][00000176580603C0 49] Android_High, [0000017658040500][0000017658064680 49] Android_Default, [0000017658001B00][0000017658068940 49] Android_Adreno4xx, [0000017658041E00][000001765806CC00 49] Android_Adreno5xx_Low, [0000017658002900][0000017658070EC0 49] Android_Adreno5xx, [0000017658043D00][0000017658075180 49] Android_Adreno6xx, [0000017658003600][0000017658051400 49] Android_Adreno6xx_Vulkan, [0000017658043200][0000017658079680 49] Android_Mali_T6xx, [0000017658002B00][0000017658081940 49] Android_Mali_T7xx, [0000017658042D00][0000017658085C00 49] Android_Mali_T8xx, [0000017658000B00][0000017658088340 49] Android_Mali_G71, [0000017658041F00][000001765808C600 49] Android_Mali_G72, [0000017658002000][00000176580908C0 49] Android_Mali_G72_Vulkan, [0000017658040800][0000017658094B80 49] Android_Mali_G76, [0000017658000100][0000017658098E40 49] Android_Mali_G76_Vulkan, [0000017658042B00][000001765809D100 49] Android_Mali_G77, [0000017658001200][00000176580A13C0 49] Android_Mali_G77_Vulkan, [0000017658042100][000001765807D640 49] Android_Mali_G78, [000001765705EE00][00000176580A58C0 49] Android_Mali_G78_Vulkan, [0000017658049F00][00000176580ADB80 49] Android_Mali_G710, [000001765705CC00][00000176580B02C0 49] Android_Mali_G710_Vulkan, [0000017658049E00][00000176580B4580 49] Android_Vulkan_SM5, [000001765705D500][00000176580B8840 49] Android_PowerVR_G6xxx, [0000017658049600][00000176580BCB00 49] Android_PowerVR_GT7xxx, [000001765705C500][00000176580C0DC0 49] Android_PowerVR_GE8xxx, [000001765804BF00][00000176580C5080 49] Android_PowerVR_GM9xxx, [000001765705C300][00000176580C9340 49] Android_PowerVR_GM9xxx_Vulkan, [000001765804BE00][00000176580CD600 49] Android_TegraK1, [000001765705D700][00000176580A9880 49] Android_Unknown_Vulkan, [000001765804AE00][00000176580D1B00 49] Lumin, [000001765705E100][00000176580D8240 49] Lumin_Desktop, [0000017658048700][00000176580DC500 49] HoloLens, 
[2021.09.26-08.55.24:376][  0]LogMeshReduction: Using QuadricMeshReduction for automatic static mesh reduction
[2021.09.26-08.55.24:376][  0]LogMeshReduction: Using SimplygonMeshReduction for automatic skeletal mesh reduction
[2021.09.26-08.55.24:376][  0]LogMeshReduction: Using ProxyLODMeshReduction for automatic mesh merging
[2021.09.26-08.55.24:376][  0]LogMeshReduction: No distributed automatic mesh merging module available
[2021.09.26-08.55.24:376][  0]LogMeshMerging: No distributed automatic mesh merging module available
[2021.09.26-08.55.24:405][  0]LogNetVersion: SCP_Infinity_Project 1.0.0, NetCL: 17155196, EngineNetVer: 17, GameNetVer: 0 (Checksum: 2392031992)
[2021.09.26-08.55.24:676][  0]LogTexture: Default maximum texture size for cubemaps generated from long-lat sources has been changed from 512 to unlimited. In order to preserve old behaiour for '/Engine/MapTemplates/Sky/DaylightAmbientCubemap.DaylightAmbientCubemap', its maximum texture size has been explicitly set to 512.
[2021.09.26-08.55.24:733][  0]LogHMD: PokeAHoleMaterial loaded successfully
[2021.09.26-08.55.24:902][  0]LogMoviePlayer: Initializing movie player
[2021.09.26-08.55.25:126][  0]LogPython: Using Python 3.7.7
[2021.09.26-08.55.25:645][  0]LogNiagaraDebuggerClient: Niagara Debugger Client Initialized | Session: DE37A19F4D6EBB19ED8CBAB0A694C15D | Instance: A1DF4BCE4838371F7B8ADCA82D645976 (DESKTOP-T9UNCLG-18064).
[2021.09.26-08.55.25:668][  0]LogCollectionManager: Loaded 0 collections in 0.000984 seconds
[2021.09.26-08.55.25:671][  0]LogFileCache: Scanning file cache for directory 'D:/Code Projects/UE/Flux Entertainment/SCP-Infinity-Github3/Game/betterbeworkin/Saved/Collections/' took 0.00s
[2021.09.26-08.55.25:671][  0]LogFileCache: Scanning file cache for directory 'D:/Code Projects/UE/Flux Entertainment/SCP-Infinity-Github3/Game/betterbeworkin/Content/Developers/Bruintjes/Collections/' took 0.00s
[2021.09.26-08.55.25:671][  0]LogFileCache: Scanning file cache for directory 'D:/Code Projects/UE/Flux Entertainment/SCP-Infinity-Github3/Game/betterbeworkin/Content/Collections/' took 0.00s
[2021.09.26-08.55.25:671][  0]LogCollectionManager: Fixed up redirectors for 0 collections in 0.000002 seconds (updated 0 objects)
[2021.09.26-08.55.25:674][  0]LogStreaming: Warning: Failed to read file '../../../Engine/Content/Editor/Slate/Niagara/MenuSeparator.png' error.
[2021.09.26-08.55.25:675][  0]LogSlate: Could not find file for Slate resource: ../../../Engine/Content/Editor/Slate/Niagara/MenuSeparator.png
[2021.09.26-08.55.25:675][  0]LogStreaming: Warning: Failed to read file '../../../Engine/Content/Editor/Slate/Niagara/Common/Selector.png' error.
[2021.09.26-08.55.25:675][  0]LogSlate: Could not find file for Slate resource: ../../../Engine/Content/Editor/Slate/Niagara/Common/Selector.png
[2021.09.26-08.55.25:675][  0]LogStreaming: Warning: Failed to read file '../../../Engine/Content/Editor/Slate/Niagara/Common/Selection.png' error.
[2021.09.26-08.55.25:675][  0]LogStreaming: Warning: Failed to read file '../../../Engine/Content/Editor/Slate/Niagara/Common/DropZoneIndicator_Above.png' error.
[2021.09.26-08.55.25:675][  0]LogSlate: Could not find file for Slate resource: ../../../Engine/Content/Editor/Slate/Niagara/Common/DropZoneIndicator_Above.png
[2021.09.26-08.55.25:675][  0]LogStreaming: Warning: Failed to read file '../../../Engine/Content/Editor/Slate/Niagara/Common/DropZoneIndicator_Onto.png' error.
[2021.09.26-08.55.25:675][  0]LogSlate: Could not find file for Slate resource: ../../../Engine/Content/Editor/Slate/Niagara/Common/DropZoneIndicator_Onto.png
[2021.09.26-08.55.25:675][  0]LogStreaming: Warning: Failed to read file '../../../Engine/Content/Editor/Slate/Niagara/Common/DropZoneIndicator_Below.png' error.
[2021.09.26-08.55.25:675][  0]LogSlate: Could not find file for Slate resource: ../../../Engine/Content/Editor/Slate/Niagara/Common/DropZoneIndicator_Below.png
[2021.09.26-08.55.25:675][  0]LogSlate: Could not find file for Slate resource: ../../../Engine/Content/Editor/Slate/Niagara/Common/Selection.png
[2021.09.26-08.55.25:882][  0]LogStreaming: Warning: Failed to read file '../../../Engine/Content/Editor/Slate/Niagara/Common/RoundedSelection_16x.png' error.
[2021.09.26-08.55.25:882][  0]LogSlate: Could not find file for Slate resource: ../../../Engine/Content/Editor/Slate/Niagara/Common/RoundedSelection_16x.png
[2021.09.26-08.55.25:882][  0]LogStreaming: Warning: Failed to read file '../../../Engine/Content/Editor/Slate/Niagara/Common/FlatButton.png' error.
[2021.09.26-08.55.25:883][  0]LogSlate: Could not find file for Slate resource: ../../../Engine/Content/Editor/Slate/Niagara/Common/FlatButton.png
[2021.09.26-08.55.25:883][  0]LogImageWrapper: Warning: PNG Warning: Duplicate iCCP chunk
[2021.09.26-08.55.25:883][  0]LogImageWrapper: Warning: PNG Warning: Duplicate iCCP chunk
[2021.09.26-08.55.25:883][  0]LogTcpMessaging: Initializing TcpMessaging bridge
[2021.09.26-08.55.25:891][  0]LogUdpMessaging: Initializing bridge on interface 0.0.0.0:0 to multicast group 230.0.0.1:6666.
[2021.09.26-08.55.26:051][  0]SourceControl: Source control is disabled
[2021.09.26-08.55.26:051][  0]SourceControl: Source control is disabled
[2021.09.26-08.55.26:054][  0]LogUProjectInfo: Found projects:
[2021.09.26-08.55.26:072][  0]SourceControl: Source control is disabled
[2021.09.26-08.55.26:165][  0]LogOpenImageDenoise: OIDN starting up
[2021.09.26-08.55.26:197][  0]LogActor: Warning: SetReplicates called on non-initialized actor Default__UIWSCapture. Directly setting bReplicates is the correct procedure for pre-init actors.
[2021.09.26-08.55.26:201][  0]LogActor: Warning: SetReplicates called on non-initialized actor Default__UIWSWaterBody. Directly setting bReplicates is the correct procedure for pre-init actors.
[2021.09.26-08.55.26:296][  0]LogActor: Warning: SetReplicates called on non-initialized actor Default__UIWSCustomBody. Directly setting bReplicates is the correct procedure for pre-init actors.
[2021.09.26-08.55.26:296][  0]LogActor: Warning: SetReplicates called on non-initialized actor Default__UIWSManager. Directly setting bReplicates is the correct procedure for pre-init actors.
[2021.09.26-08.55.26:297][  0]LogActor: Warning: SetReplicates called on non-initialized actor Default__UIWSRiver. Directly setting bReplicates is the correct procedure for pre-init actors.
[2021.09.26-08.55.26:318][  0]LogPython: Warning: 'UIWSWaterBody.bCustomCollisionProfile' and 'UIWSWaterBody.CustomCollisionProfile' have the same name (custom_collision_profile) when exposed to Python. Rename one of them using 'ScriptName' meta-data (or 'ScriptMethod' or 'ScriptConstant' for extension functions).
[2021.09.26-08.55.26:319][  0]LogPython: Warning: 'UIWSManager.bCustomCollisionProfile' and 'UIWSManager.CustomCollisionProfile' have the same name (custom_collision_profile) when exposed to Python. Rename one of them using 'ScriptName' meta-data (or 'ScriptMethod' or 'ScriptConstant' for extension functions).
[2021.09.26-08.55.26:379][  0]LogAudioCaptureCore: Display: No Audio Capture implementations found. Audio input will be silent.
[2021.09.26-08.55.26:379][  0]LogAudioCaptureCore: Display: No Audio Capture implementations found. Audio input will be silent.
[2021.09.26-08.55.26:465][  0]LogOcInput: OculusInput pre-init called
[2021.09.26-08.55.26:475][  0]LogUObjectArray: 25576 objects as part of root set at end of initial load.
[2021.09.26-08.55.26:475][  0]LogUObjectAllocator: 6997392 out of 0 bytes used by permanent object pool.
[2021.09.26-08.55.26:475][  0]LogUObjectArray: CloseDisregardForGC: 0/0 objects in disregard for GC pool
[2021.09.26-08.55.26:530][  0]LogClass: Display: ByteProperty FALoadingScreenSettings::PlaybackType is not initialized properly. Module:AsyncLoadingScreen File:Public/LoadingScreenSettings.h
[2021.09.26-08.55.26:530][  0]LogClass: Display: StructProperty FTextAppearance::ShadowOffset is not initialized properly. Module:AsyncLoadingScreen File:Public/LoadingScreenSettings.h
[2021.09.26-08.55.26:530][  0]LogClass: Display: StructProperty FTextAppearance::ShadowColorAndOpacity is not initialized properly. Module:AsyncLoadingScreen File:Public/LoadingScreenSettings.h
[2021.09.26-08.55.26:530][  0]LogClass: Display: ByteProperty FTextAppearance::Justification is not initialized properly. Module:AsyncLoadingScreen File:Public/LoadingScreenSettings.h
[2021.09.26-08.55.26:530][  0]LogClass: Display: FloatProperty FTipSettings::TipWrapAt is not initialized properly. Module:AsyncLoadingScreen File:Public/LoadingScreenSettings.h
[2021.09.26-08.55.26:532][  0]LogClass: Warning: ObjectProperty FConstructionSystemSaveConstructedItem::PrefabAsset is not initialized properly. Module:ConstructionSystemRuntime File:Public/Save/ConstructionSystemSaveGame.h
[2021.09.26-08.55.26:532][  0]LogClass: Display: IntProperty FConstructionSystemSaveConstructedItem::Seed is not initialized properly. Module:ConstructionSystemRuntime File:Public/Save/ConstructionSystemSaveGame.h
[2021.09.26-08.55.26:532][  0]LogClass: Warning: ObjectProperty FConstructionSystemUICategory::Icon is not initialized properly. Module:ConstructionSystemRuntime File:Public/ConstructionSystem/UI/ConstructionSystemUIAsset.h
[2021.09.26-08.55.26:532][  0]LogClass: Warning: ObjectProperty FConstructionSystemUIPrefabEntry::Icon is not initialized properly. Module:ConstructionSystemRuntime File:Public/ConstructionSystem/UI/ConstructionSystemUIAsset.h
[2021.09.26-08.55.26:532][  0]LogClass: Warning: ObjectProperty FConstructionSystemUIPrefabEntry::Prefab is not initialized properly. Module:ConstructionSystemRuntime File:Public/ConstructionSystem/UI/ConstructionSystemUIAsset.h
[2021.09.26-08.55.26:532][  0]LogClass: Display: IntProperty FLowEntryRegexCaptureGroup::CaptureGroupNumber is not initialized properly. Module:LowEntryExtendedStandardLibrary File:Public/Classes/FLowEntryRegexCaptureGroup.h
[2021.09.26-08.55.26:532][  0]LogClass: Display: IntProperty FLowEntryRegexCaptureGroup::BeginIndex is not initialized properly. Module:LowEntryExtendedStandardLibrary File:Public/Classes/FLowEntryRegexCaptureGroup.h
[2021.09.26-08.55.26:532][  0]LogClass: Display: IntProperty FLowEntryRegexCaptureGroup::EndIndex is not initialized properly. Module:LowEntryExtendedStandardLibrary File:Public/Classes/FLowEntryRegexCaptureGroup.h
[2021.09.26-08.55.26:532][  0]LogClass: Display: IntProperty FLowEntryRegexMatch::MatchNumber is not initialized properly. Module:LowEntryExtendedStandardLibrary File:Public/Classes/FLowEntryRegexMatch.h
[2021.09.26-08.55.26:532][  0]LogClass: Display: IntProperty FLowEntryRegexMatch::BeginIndex is not initialized properly. Module:LowEntryExtendedStandardLibrary File:Public/Classes/FLowEntryRegexMatch.h
[2021.09.26-08.55.26:532][  0]LogClass: Display: IntProperty FLowEntryRegexMatch::EndIndex is not initialized properly. Module:LowEntryExtendedStandardLibrary File:Public/Classes/FLowEntryRegexMatch.h
[2021.09.26-08.55.26:532][  0]LogClass: Display: BoolProperty FEBMaterialResponseMapEntry::NeverPenetrate is not initialized properly. Module:EasyBallistics File:Public/EBMaterialResponseMap.h
[2021.09.26-08.55.26:532][  0]LogClass: Display: BoolProperty FEBMaterialResponseMapEntry::NeverRicochet is not initialized properly. Module:EasyBallistics File:Public/EBMaterialResponseMap.h
[2021.09.26-08.55.26:532][  0]LogClass: Display: 18 Uninitialized script struct members found including 4 object properties
[2021.09.26-08.55.26:533][  0]LogAutomationTest: Warning: ObjectProperty FConstructionSystemSaveConstructedItem::PrefabAsset is not initialized properly. Module:ConstructionSystemRuntime File:Public/Save/ConstructionSystemSaveGame.h
[2021.09.26-08.55.26:533][  0]LogAutomationTest: Warning: ObjectProperty FConstructionSystemUICategory::Icon is not initialized properly. Module:ConstructionSystemRuntime File:Public/ConstructionSystem/UI/ConstructionSystemUIAsset.h
[2021.09.26-08.55.26:533][  0]LogAutomationTest: Warning: ObjectProperty FConstructionSystemUIPrefabEntry::Icon is not initialized properly. Module:ConstructionSystemRuntime File:Public/ConstructionSystem/UI/ConstructionSystemUIAsset.h
[2021.09.26-08.55.26:533][  0]LogAutomationTest: Warning: ObjectProperty FConstructionSystemUIPrefabEntry::Prefab is not initialized properly. Module:ConstructionSystemRuntime File:Public/ConstructionSystem/UI/ConstructionSystemUIAsset.h
[2021.09.26-08.55.26:533][  0]LogEngine: Initializing Engine...
[2021.09.26-08.55.26:536][  0]LogHMD: Failed to enumerate extensions. Please check that you have a valid OpenXR runtime installed.
[2021.09.26-08.55.26:537][  0]LogHMD: Failed to initialize OpenVR with code 110
[2021.09.26-08.55.26:537][  0]LogMagicLeap: Warning: VR disabled because ZI is not enabled.  To enable, in the editor, Edit -> Project Settings -> Plugins -> Magic Leap Plugin -> Enable Zero Iteration
[2021.09.26-08.55.26:540][  0]LogUObjectGlobals: Warning: Failed to load '/Game/AGR_EXAMPLES/Blueprints/PAragonCountess/Data/ParagonGamePlayTags': Can't find file.
[2021.09.26-08.55.26:540][  0]LogUObjectGlobals: Warning: Failed to load '/Game/AGR_EXAMPLES/Blueprints/PAragonCountess/Data/ParagonGamePlayTags': Can't find file.
[2021.09.26-08.55.26:540][  0]LogUObjectGlobals: Warning: Failed to find object 'DataTable /Game/AGR_EXAMPLES/Blueprints/PAragonCountess/Data/ParagonGamePlayTags.ParagonGamePlayTags'
[2021.09.26-08.55.26:540][  0]LogUObjectGlobals: Warning: Failed to load '/Game/AGR_EXAMPLES/Blueprints/BuildSystem/DT_BuilderSystem': Can't find file.
[2021.09.26-08.55.26:540][  0]LogUObjectGlobals: Warning: Failed to load '/Game/AGR_EXAMPLES/Blueprints/BuildSystem/DT_BuilderSystem': Can't find file.
[2021.09.26-08.55.26:540][  0]LogUObjectGlobals: Warning: Failed to find object 'DataTable /Game/AGR_EXAMPLES/Blueprints/BuildSystem/DT_BuilderSystem.DT_BuilderSystem'
[2021.09.26-08.55.26:541][  0]LogStats: UGameplayTagsManager::InitializeManager -  0.003 s
[2021.09.26-08.55.26:651][  0]LogInit: Initializing FReadOnlyCVARCache
[2021.09.26-08.55.26:651][  0]LogAudio: Display: Initializing Audio Device Manager...
[2021.09.26-08.55.26:655][  0]LogAudio: Display: Loading Default Audio Settings Objects...
[2021.09.26-08.55.26:656][  0]LogUObjectGlobals: Warning: Failed to load '/Game/AGR/Audio/Ambientconcurency': Can't find file.
[2021.09.26-08.55.26:657][  0]LogUObjectGlobals: Warning: Failed to load '/Game/AGR/Audio/Ambientconcurency': Can't find file.
[2021.09.26-08.55.26:657][  0]LogUObjectGlobals: Warning: Failed to find object 'Object /Game/AGR/Audio/Ambientconcurency.AmbientConcurency'
[2021.09.26-08.55.26:657][  0]LogAudio: Display: No default SoundConcurrencyObject specified (or failed to load).
[2021.09.26-08.55.26:658][  0]LogAudio: Display: Audio Device Manager Initialized
[2021.09.26-08.55.26:658][  0]LogAudio: Display: Creating Audio Device:                 Id: 1, Scope: Shared, Realtime: True
[2021.09.26-08.55.26:658][  0]LogAudioMixer: Display: Audio Mixer Platform Settings:
[2021.09.26-08.55.26:658][  0]LogAudioMixer: Display: 	Sample Rate:						  48000
[2021.09.26-08.55.26:658][  0]LogAudioMixer: Display: 	Callback Buffer Frame Size Requested: 1024
[2021.09.26-08.55.26:658][  0]LogAudioMixer: Display: 	Callback Buffer Frame Size To Use:	  1024
[2021.09.26-08.55.26:658][  0]LogAudioMixer: Display: 	Number of buffers to queue:			  2
[2021.09.26-08.55.26:658][  0]LogAudioMixer: Display: 	Max Channels (voices):				  32
[2021.09.26-08.55.26:658][  0]LogAudioMixer: Display: 	Number of Async Source Workers:		  0
[2021.09.26-08.55.26:658][  0]LogAudio: Display: AudioDevice MaxSources: 32
[2021.09.26-08.55.26:659][  0]LogAudio: Display: Audio Spatialization Plugin: None (built-in).
[2021.09.26-08.55.26:659][  0]LogAudio: Display: Audio Reverb Plugin: None (built-in).
[2021.09.26-08.55.26:659][  0]LogAudio: Display: Audio Occlusion Plugin: None (built-in).
[2021.09.26-08.55.26:659][  0]LogAudioMixer: Display: Initializing audio mixer.
[2021.09.26-08.55.26:669][  0]LogAudioMixer: Display: 0: FrontLeft
[2021.09.26-08.55.26:669][  0]LogAudioMixer: Display: 1: FrontRight
[2021.09.26-08.55.26:681][  0]LogAudioMixer: Display: Using Audio Device Luidsprekers (AudioBox USB 96)
[2021.09.26-08.55.26:684][  0]LogAudioMixer: Display: Initializing Sound Submixes...
[2021.09.26-08.55.26:687][  0]LogAudioMixer: Display: Creating Master Submix 'MasterSubmixDefault'
[2021.09.26-08.55.26:687][  0]LogAudioMixer: Display: Creating Master Submix 'MasterReverbSubmixDefault'
[2021.09.26-08.55.26:688][  0]LogAudioMixer: Display: Creating Master Submix 'MasterEQSubmixDefault'
[2021.09.26-08.55.26:688][  0]LogAudioMixer: FMixerPlatformXAudio2::StartAudioStream() called
[2021.09.26-08.55.26:688][  0]LogAudioMixer: Display: Output buffers initialized: Frames=1024, Channels=2, Samples=2048
[2021.09.26-08.55.26:690][  0]LogAudioMixer: Display: Starting AudioMixerPlatformInterface::RunInternal()
[2021.09.26-08.55.26:690][  0]LogAudioMixer: Display: FMixerPlatformXAudio2::SubmitBuffer() called for the first time
[2021.09.26-08.55.26:690][  0]LogInit: FAudioDevice initialized.
[2021.09.26-08.55.26:692][  0]LogNetVersion: Set ProjectVersion to 0.011. Version Checksum will be recalculated on next use.
[2021.09.26-08.55.26:696][  0]LogInit: Texture streaming: Enabled
[2021.09.26-08.55.26:786][  0]LogAudio: Display: Audio Device (ID: 1) registered with world 'Untitled'.
[2021.09.26-08.55.27:163][  0]LogInit: Error: Failed to load cursor '../../../../../Code Projects/UE/Flux Entertainment/SCP-Infinity-Github3/Game/betterbeworkin/Content/Curser'
[2021.09.26-08.55.27:163][  0]LogSlate: Updating window title bar state: overlay mode, drag disabled, window buttons hidden, title bar hidden
[2021.09.26-08.55.27:163][  0]LogInit: Display: Game Engine Initialized.
[2021.09.26-08.55.27:164][  0]LogNiagaraEditor: GEditor isn't valid! Particle reset commands will not work for Niagara components!
[2021.09.26-08.55.27:299][  0]LogStreaming: Warning: Failed to read file '../../../Engine/Content/Editor/Slate/Niagara/MenuSeparator.png' error.
[2021.09.26-08.55.27:299][  0]LogSlate: Could not find file for Slate resource: ../../../Engine/Content/Editor/Slate/Niagara/MenuSeparator.png
[2021.09.26-08.55.27:299][  0]LogStreaming: Warning: Failed to read file '../../../Engine/Content/Editor/Slate/Niagara/Common/Selector.png' error.
[2021.09.26-08.55.27:299][  0]LogSlate: Could not find file for Slate resource: ../../../Engine/Content/Editor/Slate/Niagara/Common/Selector.png
[2021.09.26-08.55.27:299][  0]LogStreaming: Warning: Failed to read file '../../../Engine/Content/Editor/Slate/Niagara/Common/Selection.png' error.
[2021.09.26-08.55.27:299][  0]LogSlate: Could not find file for Slate resource: ../../../Engine/Content/Editor/Slate/Niagara/Common/Selection.png
[2021.09.26-08.55.27:299][  0]LogStreaming: Warning: Failed to read file '../../../Engine/Content/Editor/Slate/Niagara/Common/DropZoneIndicator_Above.png' error.
[2021.09.26-08.55.27:299][  0]LogSlate: Could not find file for Slate resource: ../../../Engine/Content/Editor/Slate/Niagara/Common/DropZoneIndicator_Above.png
[2021.09.26-08.55.27:299][  0]LogStreaming: Warning: Failed to read file '../../../Engine/Content/Editor/Slate/Niagara/Common/DropZoneIndicator_Onto.png' error.
[2021.09.26-08.55.27:299][  0]LogSlate: Could not find file for Slate resource: ../../../Engine/Content/Editor/Slate/Niagara/Common/DropZoneIndicator_Onto.png
[2021.09.26-08.55.27:299][  0]LogStreaming: Warning: Failed to read file '../../../Engine/Content/Editor/Slate/Niagara/Common/DropZoneIndicator_Below.png' error.
[2021.09.26-08.55.27:299][  0]LogSlate: Could not find file for Slate resource: ../../../Engine/Content/Editor/Slate/Niagara/Common/DropZoneIndicator_Below.png
[2021.09.26-08.55.27:299][  0]LogStreaming: Warning: Failed to read file '../../../Engine/Content/Editor/Slate/Niagara/Common/RoundedSelection_16x.png' error.
[2021.09.26-08.55.27:299][  0]LogSlate: Could not find file for Slate resource: ../../../Engine/Content/Editor/Slate/Niagara/Common/RoundedSelection_16x.png
[2021.09.26-08.55.27:299][  0]LogStreaming: Warning: Failed to read file '../../../Engine/Content/Editor/Slate/Niagara/Common/FlatButton.png' error.
[2021.09.26-08.55.27:299][  0]LogSlate: Could not find file for Slate resource: ../../../Engine/Content/Editor/Slate/Niagara/Common/FlatButton.png
[2021.09.26-08.55.27:299][  0]LogImageWrapper: Warning: PNG Warning: Duplicate iCCP chunk
[2021.09.26-08.55.27:299][  0]LogImageWrapper: Warning: PNG Warning: Duplicate iCCP chunk
[2021.09.26-08.55.27:299][  0]LogInit: Display: Starting Game.
[2021.09.26-08.55.27:299][  0]LogNet: Browse: /Game/Menus/Main_Menu/Main_Menu_Scene?Name=Player
[2021.09.26-08.55.27:299][  0]LogLoad: LoadMap: /Game/Menus/Main_Menu/Main_Menu_Scene?Name=Player
[2021.09.26-08.55.27:299][  0]LogWorld: BeginTearingDown for /Temp/Untitled_0
[2021.09.26-08.55.27:301][  0]LogWorld: UWorld::CleanupWorld for Untitled, bSessionEnded=true, bCleanupResources=true
[2021.09.26-08.55.27:306][  0]LogAudio: Display: Audio Device unregistered from world 'None'.
[2021.09.26-08.55.27:309][  0]LogUObjectHash: Compacting FUObjectHashTables data took   0.96ms
[2021.09.26-08.55.28:561][  0]LogBlueprint: Warning: [AssetLog] D:\Code Projects\UE\Flux Entertainment\SCP-Infinity-Github3\Game\betterbeworkin\Content\Player\ExtraAnimBP\Injured_Overlay_AnimBP.uasset: [Compiler] Apply Additive  contains no LOD Threshold.
[2021.09.26-08.55.28:727][  0]LogBlueprint: Warning: [AssetLog] D:\Code Projects\UE\Flux Entertainment\SCP-Infinity-Github3\Game\betterbeworkin\Content\AGR\Blueprints\AnimBP\AGR_IK_Solver_AnimBP.uasset: [Compiler] Leg IK  contains no LOD Threshold.
[2021.09.26-08.55.28:728][  0]LogBlueprint: Warning: [AssetLog] D:\Code Projects\UE\Flux Entertainment\SCP-Infinity-Github3\Game\betterbeworkin\Content\AGR\Blueprints\AnimBP\AGR_IK_Solver_AnimBP.uasset: [Compiler] Two Bone IK - Bone: hand_l  contains no LOD Threshold.
[2021.09.26-08.55.28:728][  0]LogBlueprint: Warning: [AssetLog] D:\Code Projects\UE\Flux Entertainment\SCP-Infinity-Github3\Game\betterbeworkin\Content\AGR\Blueprints\AnimBP\AGR_IK_Solver_AnimBP.uasset: [Compiler] Two Bone IK - Bone: hand_r  contains no LOD Threshold.
[2021.09.26-08.55.28:728][  0]LogBlueprint: Warning: [AssetLog] D:\Code Projects\UE\Flux Entertainment\SCP-Infinity-Github3\Game\betterbeworkin\Content\AGR\Blueprints\AnimBP\AGR_IK_Solver_AnimBP.uasset: [Compiler] Transform (Modify) Bone - Bone: VB PerfectHandR  contains no LOD Threshold.
[2021.09.26-08.55.28:729][  0]LogBlueprint: Warning: [AssetLog] D:\Code Projects\UE\Flux Entertainment\SCP-Infinity-Github3\Game\betterbeworkin\Content\AGR\Blueprints\AnimBP\AGR_IK_Solver_AnimBP.uasset: [Compiler] Transform (Modify) Bone - Bone: VB PerfectHandL  contains no LOD Threshold.
[2021.09.26-08.55.28:729][  0]LogBlueprint: Warning: [AssetLog] D:\Code Projects\UE\Flux Entertainment\SCP-Infinity-Github3\Game\betterbeworkin\Content\AGR\Blueprints\AnimBP\AGR_IK_Solver_AnimBP.uasset: [Compiler] Transform (Modify) Bone - Bone: VB WeaponMount  contains no LOD Threshold.
[2021.09.26-08.55.28:729][  0]LogBlueprint: Warning: [AssetLog] D:\Code Projects\UE\Flux Entertainment\SCP-Infinity-Github3\Game\betterbeworkin\Content\AGR\Blueprints\AnimBP\AGR_IK_Solver_AnimBP.uasset: [Compiler] Transform (Modify) Bone - Bone: VB WeaponDirect  contains no LOD Threshold.
[2021.09.26-08.55.28:731][  0]LogBlueprint: Warning: [AssetLog] D:\Code Projects\UE\Flux Entertainment\SCP-Infinity-Github3\Game\betterbeworkin\Content\AGR\Blueprints\AnimBP\AGR_IK_to_FK_Fix.uasset: [Compiler] Copy Bone - Source Bone: ik_hand_l - Target Bone: VB LeftHand  contains no LOD Threshold.
[2021.09.26-08.55.28:731][  0]LogBlueprint: Warning: [AssetLog] D:\Code Projects\UE\Flux Entertainment\SCP-Infinity-Github3\Game\betterbeworkin\Content\AGR\Blueprints\AnimBP\AGR_IK_to_FK_Fix.uasset: [Compiler] Copy Bone - Source Bone: ik_hand_gun - Target Bone: VB WeaponMount  contains no LOD Threshold.
[2021.09.26-08.55.28:731][  0]LogBlueprint: Warning: [AssetLog] D:\Code Projects\UE\Flux Entertainment\SCP-Infinity-Github3\Game\betterbeworkin\Content\AGR\Blueprints\AnimBP\AGR_IK_to_FK_Fix.uasset: [Compiler] Copy Bone - Source Bone: hand_l - Target Bone: ik_hand_l  contains no LOD Threshold.
[2021.09.26-08.55.28:731][  0]LogBlueprint: Warning: [AssetLog] D:\Code Projects\UE\Flux Entertainment\SCP-Infinity-Github3\Game\betterbeworkin\Content\AGR\Blueprints\AnimBP\AGR_IK_to_FK_Fix.uasset: [Compiler] Copy Bone - Source Bone: hand_r - Target Bone: ik_hand_r  contains no LOD Threshold.
[2021.09.26-08.55.28:732][  0]LogBlueprint: Warning: [AssetLog] D:\Code Projects\UE\Flux Entertainment\SCP-Infinity-Github3\Game\betterbeworkin\Content\AGR\Blueprints\AnimBP\AGR_IK_to_FK_Fix.uasset: [Compiler] Copy Bone - Source Bone: hand_r - Target Bone: ik_hand_gun  contains no LOD Threshold.
[2021.09.26-08.55.28:732][  0]LogBlueprint: Warning: [AssetLog] D:\Code Projects\UE\Flux Entertainment\SCP-Infinity-Github3\Game\betterbeworkin\Content\AGR\Blueprints\AnimBP\AGR_IK_to_FK_Fix.uasset: [Compiler] Copy Bone - Source Bone: foot_l - Target Bone: ik_foot_l  contains no LOD Threshold.
[2021.09.26-08.55.28:732][  0]LogBlueprint: Warning: [AssetLog] D:\Code Projects\UE\Flux Entertainment\SCP-Infinity-Github3\Game\betterbeworkin\Content\AGR\Blueprints\AnimBP\AGR_IK_to_FK_Fix.uasset: [Compiler] Copy Bone - Source Bone: foot_r - Target Bone: ik_foot_r  contains no LOD Threshold.
[2021.09.26-08.55.28:740][  0]LogBlueprint: Warning: [AssetLog] D:\Code Projects\UE\Flux Entertainment\SCP-Infinity-Github3\Game\betterbeworkin\Content\AGR\Blueprints\AnimBP\AGR_ProceduralAimOffset_AnimBP.uasset: [Compiler] Transform (Modify) Bone - Bone: spine_02  contains no LOD Threshold.
[2021.09.26-08.55.28:740][  0]LogBlueprint: Warning: [AssetLog] D:\Code Projects\UE\Flux Entertainment\SCP-Infinity-Github3\Game\betterbeworkin\Content\AGR\Blueprints\AnimBP\AGR_ProceduralAimOffset_AnimBP.uasset: [Compiler] Transform (Modify) Bone - Bone: spine_01  contains no LOD Threshold.
[2021.09.26-08.55.28:741][  0]LogBlueprint: Warning: [AssetLog] D:\Code Projects\UE\Flux Entertainment\SCP-Infinity-Github3\Game\betterbeworkin\Content\AGR\Blueprints\AnimBP\AGR_ProceduralAimOffset_AnimBP.uasset: [Compiler] Transform (Modify) Bone - Bone: head  contains no LOD Threshold.
[2021.09.26-08.55.28:741][  0]LogBlueprint: Warning: [AssetLog] D:\Code Projects\UE\Flux Entertainment\SCP-Infinity-Github3\Game\betterbeworkin\Content\AGR\Blueprints\AnimBP\AGR_ProceduralAimOffset_AnimBP.uasset: [Compiler] Transform (Modify) Bone - Bone: neck_01  contains no LOD Threshold.
[2021.09.26-08.55.28:741][  0]LogBlueprint: Warning: [AssetLog] D:\Code Projects\UE\Flux Entertainment\SCP-Infinity-Github3\Game\betterbeworkin\Content\AGR\Blueprints\AnimBP\AGR_ProceduralAimOffset_AnimBP.uasset: [Compiler] Transform (Modify) Bone - Bone: spine_03  contains no LOD Threshold.
[2021.09.26-08.55.28:741][  0]LogBlueprint: Warning: [AssetLog] D:\Code Projects\UE\Flux Entertainment\SCP-Infinity-Github3\Game\betterbeworkin\Content\AGR\Blueprints\AnimBP\AGR_ProceduralAimOffset_AnimBP.uasset: [Compiler] Transform (Modify) Bone - Bone: head  contains no LOD Threshold.
[2021.09.26-08.55.28:741][  0]LogBlueprint: Warning: [AssetLog] D:\Code Projects\UE\Flux Entertainment\SCP-Infinity-Github3\Game\betterbeworkin\Content\AGR\Blueprints\AnimBP\AGR_ProceduralAimOffset_AnimBP.uasset: [Compiler] Transform (Modify) Bone - Bone: neck_01  contains no LOD Threshold.
[2021.09.26-08.55.28:742][  0]LogBlueprint: Warning: [AssetLog] D:\Code Projects\UE\Flux Entertainment\SCP-Infinity-Github3\Game\betterbeworkin\Content\AGR\Blueprints\AnimBP\AGR_ProceduralAimOffset_AnimBP.uasset: [Compiler] Transform (Modify) Bone - Bone: spine_03  contains no LOD Threshold.
[2021.09.26-08.55.28:742][  0]LogBlueprint: Warning: [AssetLog] D:\Code Projects\UE\Flux Entertainment\SCP-Infinity-Github3\Game\betterbeworkin\Content\AGR\Blueprints\AnimBP\AGR_ProceduralAimOffset_AnimBP.uasset: [Compiler] Transform (Modify) Bone - Bone: spine_02  contains no LOD Threshold.
[2021.09.26-08.55.28:742][  0]LogBlueprint: Warning: [AssetLog] D:\Code Projects\UE\Flux Entertainment\SCP-Infinity-Github3\Game\betterbeworkin\Content\AGR\Blueprints\AnimBP\AGR_ProceduralAimOffset_AnimBP.uasset: [Compiler] Transform (Modify) Bone - Bone: spine_01  contains no LOD Threshold.
[2021.09.26-08.55.28:742][  0]LogBlueprint: Warning: [AssetLog] D:\Code Projects\UE\Flux Entertainment\SCP-Infinity-Github3\Game\betterbeworkin\Content\AGR\Blueprints\AnimBP\AGR_ProceduralAimOffset_AnimBP.uasset: [Compiler] Transform (Modify) Bone - Bone: upperarm_l  contains no LOD Threshold.
[2021.09.26-08.55.28:742][  0]LogBlueprint: Warning: [AssetLog] D:\Code Projects\UE\Flux Entertainment\SCP-Infinity-Github3\Game\betterbeworkin\Content\AGR\Blueprints\AnimBP\AGR_ProceduralAimOffset_AnimBP.uasset: [Compiler] Transform (Modify) Bone - Bone: upperarm_r  contains no LOD Threshold.
[2021.09.26-08.55.28:743][  0]LogBlueprint: Warning: [AssetLog] D:\Code Projects\UE\Flux Entertainment\SCP-Infinity-Github3\Game\betterbeworkin\Content\AGR\Blueprints\AnimBP\AGR_ProceduralAimOffset_AnimBP.uasset: [Compiler] Transform (Modify) Bone - Bone: pelvis  contains no LOD Threshold.
[2021.09.26-08.55.28:743][  0]LogBlueprint: Warning: [AssetLog] D:\Code Projects\UE\Flux Entertainment\SCP-Infinity-Github3\Game\betterbeworkin\Content\AGR\Blueprints\AnimBP\AGR_ProceduralAimOffset_AnimBP.uasset: [Compiler] Transform (Modify) Bone - Bone: head  contains no LOD Threshold.
[2021.09.26-08.55.28:743][  0]LogBlueprint: Warning: [AssetLog] D:\Code Projects\UE\Flux Entertainment\SCP-Infinity-Github3\Game\betterbeworkin\Content\AGR\Blueprints\AnimBP\AGR_ProceduralAimOffset_AnimBP.uasset: [Compiler] Transform (Modify) Bone - Bone: neck_01  contains no LOD Threshold.
[2021.09.26-08.55.28:743][  0]LogBlueprint: Warning: [AssetLog] D:\Code Projects\UE\Flux Entertainment\SCP-Infinity-Github3\Game\betterbeworkin\Content\AGR\Blueprints\AnimBP\AGR_ProceduralAimOffset_AnimBP.uasset: [Compiler] Transform (Modify) Bone - Bone: spine_03  contains no LOD Threshold.
[2021.09.26-08.55.28:743][  0]LogBlueprint: Warning: [AssetLog] D:\Code Projects\UE\Flux Entertainment\SCP-Infinity-Github3\Game\betterbeworkin\Content\AGR\Blueprints\AnimBP\AGR_ProceduralAimOffset_AnimBP.uasset: [Compiler] Transform (Modify) Bone - Bone: spine_02  contains no LOD Threshold.
[2021.09.26-08.55.28:744][  0]LogBlueprint: Warning: [AssetLog] D:\Code Projects\UE\Flux Entertainment\SCP-Infinity-Github3\Game\betterbeworkin\Content\AGR\Blueprints\AnimBP\AGR_ProceduralAimOffset_AnimBP.uasset: [Compiler] Transform (Modify) Bone - Bone: spine_01  contains no LOD Threshold.
[2021.09.26-08.55.28:782][  0]LogBlueprint: Warning: [AssetLog] D:\Code Projects\UE\Flux Entertainment\SCP-Infinity-Github3\Game\betterbeworkin\Content\AGR_EXAMPLES\Animations\FirstPerson\FirstPerson_AnimBP.uasset: [Compiler] Transform (Modify) Bone - Bone: VB LeftHand  contains no LOD Threshold.
[2021.09.26-08.55.28:782][  0]LogBlueprint: Warning: [AssetLog] D:\Code Projects\UE\Flux Entertainment\SCP-Infinity-Github3\Game\betterbeworkin\Content\AGR_EXAMPLES\Animations\FirstPerson\FirstPerson_AnimBP.uasset: [Compiler] Copy Bone - Source Bone: hand_l - Target Bone: ik_hand_l  contains no LOD Threshold.
[2021.09.26-08.55.28:782][  0]LogBlueprint: Warning: [AssetLog] D:\Code Projects\UE\Flux Entertainment\SCP-Infinity-Github3\Game\betterbeworkin\Content\AGR_EXAMPLES\Animations\FirstPerson\FirstPerson_AnimBP.uasset: [Compiler] Copy Bone - Source Bone: hand_r - Target Bone: ik_hand_gun  contains no LOD Threshold.
[2021.09.26-08.55.28:785][  0]LogBlueprint: Warning: [AssetLog] D:\Code Projects\UE\Flux Entertainment\SCP-Infinity-Github3\Game\betterbeworkin\Content\Player\ExtraAnimBP\RifleAim_Overlay_AnimBP.uasset: [Compiler] Copy Bone - Source Bone: hand_l - Target Bone: ik_hand_l  contains no LOD Threshold.
[2021.09.26-08.55.28:786][  0]LogBlueprint: Warning: [AssetLog] D:\Code Projects\UE\Flux Entertainment\SCP-Infinity-Github3\Game\betterbeworkin\Content\Player\ExtraAnimBP\RifleAim_Overlay_AnimBP.uasset: [Compiler] Copy Bone - Source Bone: hand_r - Target Bone: ik_hand_gun  contains no LOD Threshold.
[2021.09.26-08.55.28:786][  0]LogBlueprint: Warning: [AssetLog] D:\Code Projects\UE\Flux Entertainment\SCP-Infinity-Github3\Game\betterbeworkin\Content\Player\ExtraAnimBP\StarterIronsight_Base_AnimBP.uasset: [Compiler] Copy Bone - Source Bone: hand_r - Target Bone: ik_hand_r  contains no LOD Threshold.
[2021.09.26-08.55.28:787][  0]LogBlueprint: Warning: [AssetLog] D:\Code Projects\UE\Flux Entertainment\SCP-Infinity-Github3\Game\betterbeworkin\Content\Player\ExtraAnimBP\StarterIronsight_Base_AnimBP.uasset: [Compiler] Copy Bone - Source Bone: foot_l - Target Bone: ik_foot_l  contains no LOD Threshold.
[2021.09.26-08.55.28:787][  0]LogBlueprint: Warning: [AssetLog] D:\Code Projects\UE\Flux Entertainment\SCP-Infinity-Github3\Game\betterbeworkin\Content\Player\ExtraAnimBP\StarterIronsight_Base_AnimBP.uasset: [Compiler] Copy Bone - Source Bone: foot_r - Target Bone: ik_foot_r  contains no LOD Threshold.
[2021.09.26-08.55.28:787][  0]LogBlueprint: Warning: [AssetLog] D:\Code Projects\UE\Flux Entertainment\SCP-Infinity-Github3\Game\betterbeworkin\Content\Player\ExtraAnimBP\StarterIronsight_Base_AnimBP.uasset: [Compiler] Copy Bone - Source Bone: hand_l - Target Bone: ik_hand_l  contains no LOD Threshold.
[2021.09.26-08.55.28:787][  0]LogBlueprint: Warning: [AssetLog] D:\Code Projects\UE\Flux Entertainment\SCP-Infinity-Github3\Game\betterbeworkin\Content\Player\ExtraAnimBP\StarterIronsight_Base_AnimBP.uasset: [Compiler] Copy Bone - Source Bone: hand_r - Target Bone: ik_hand_gun  contains no LOD Threshold.
[2021.09.26-08.55.28:789][  0]LogBlueprint: Warning: [AssetLog] D:\Code Projects\UE\Flux Entertainment\SCP-Infinity-Github3\Game\betterbeworkin\Content\Player\ExtraAnimBP\UE4ASP_Base_AnimBP.uasset: [Compiler] Copy Bone - Source Bone: foot_r - Target Bone: ik_foot_r  contains no LOD Threshold.
[2021.09.26-08.55.28:789][  0]LogBlueprint: Warning: [AssetLog] D:\Code Projects\UE\Flux Entertainment\SCP-Infinity-Github3\Game\betterbeworkin\Content\Player\ExtraAnimBP\UE4ASP_Base_AnimBP.uasset: [Compiler] Copy Bone - Source Bone: foot_l - Target Bone: ik_foot_l  contains no LOD Threshold.
[2021.09.26-08.55.28:789][  0]LogBlueprint: Warning: [AssetLog] D:\Code Projects\UE\Flux Entertainment\SCP-Infinity-Github3\Game\betterbeworkin\Content\Player\ExtraAnimBP\UE4ASP_Base_AnimBP.uasset: [Compiler] Copy Bone - Source Bone: hand_l - Target Bone: ik_hand_l  contains no LOD Threshold.
[2021.09.26-08.55.28:789][  0]LogBlueprint: Warning: [AssetLog] D:\Code Projects\UE\Flux Entertainment\SCP-Infinity-Github3\Game\betterbeworkin\Content\Player\ExtraAnimBP\UE4ASP_Base_AnimBP.uasset: [Compiler] Copy Bone - Source Bone: hand_r - Target Bone: ik_hand_gun  contains no LOD Threshold.
[2021.09.26-08.55.29:227][  0]LogUObjectGlobals: Warning: [AssetLog] D:\Code Projects\UE\Flux Entertainment\SCP-Infinity-Github3\Game\betterbeworkin\Content\AGR_EXAMPLES\Blueprints\WeaponExamples\DA_BaseBullet.uasset: Failed to load '/Game/AGR_EXAMPLES/Base/PM_Stone': Can't find file.
[2021.09.26-08.55.29:227][  0]LogUObjectGlobals: Warning: [AssetLog] D:\Code Projects\UE\Flux Entertainment\SCP-Infinity-Github3\Game\betterbeworkin\Content\AGR_EXAMPLES\Blueprints\WeaponExamples\DA_BaseBullet.uasset: Failed to load '/Game/AGR_EXAMPLES/Base/PM_Concrete': Can't find file.
[2021.09.26-08.55.29:228][  0]LogUObjectGlobals: Warning: [AssetLog] D:\Code Projects\UE\Flux Entertainment\SCP-Infinity-Github3\Game\betterbeworkin\Content\AGR_EXAMPLES\Blueprints\WeaponExamples\DA_BaseBullet.uasset: Failed to load '/Game/AGR_EXAMPLES/Base/PM_Wood': Can't find file.
[2021.09.26-08.55.31:198][  0]LogSkeletalMesh: Display: [AssetLog] D:\Code Projects\UE\Flux Entertainment\SCP-Infinity-Github3\Game\betterbeworkin\Content\FPS_Assault_Pack\Meshes\RU74\SK_RU74.uasset: Find and fix some bad tangent! please re-import this skeletal mesh asset to fix the issue. The shading of the skeletal mesh will be bad and faceted.
[2021.09.26-08.55.31:400][  0]LogAudio: Display: Audio Device (ID: 1) registered with world 'Main_Menu_Scene'.
[2021.09.26-08.55.31:412][  0]LogAIModule: Creating AISystem for world Main_Menu_Scene
[2021.09.26-08.55.31:412][  0]LogLoad: Game class is 'Main_Menu_GM_C'
[2021.09.26-08.55.31:416][  0]LogWorld: Bringing World /Game/Menus/Main_Menu/Main_Menu_Scene.Main_Menu_Scene up for play (max tick rate 0) at 2021.09.26-10.55.31
[2021.09.26-08.55.31:416][  0]LogWorld: Bringing up level for play took: 0.003084
[2021.09.26-08.55.31:419][  0]LogViewport: Display: Viewport MouseLockMode Changed, LockOnCapture -> DoNotLock
[2021.09.26-08.55.31:419][  0]LogViewport: Display: Viewport MouseCaptureMode Changed, CapturePermanently_IncludingInitialMouseDown -> NoCapture
[2021.09.26-08.55.31:420][  0]LogLoad: Took 4.120274 seconds to LoadMap(/Game/Menus/Main_Menu/Main_Menu_Scene)
[2021.09.26-08.55.31:512][  0]LogSlate: InvalidateAllWidgets triggered.  All widgets were invalidated
[2021.09.26-08.55.31:525][  0]LogInit: Display: Engine is initialized. Leaving FEngineLoop::Init()
[2021.09.26-08.55.31:525][  0]LogLoad: (Engine Initialization) Total time: 12.68 seconds
[2021.09.26-08.55.31:525][  0]LogLoad: (Engine Initialization) Total Blueprint compile time: 0.00 seconds
[2021.09.26-08.55.31:527][  0]LogContentStreaming: Texture pool size now 1000 MB
[2021.09.26-08.55.31:623][  1]LogRenderer: Reallocating scene render targets to support 2560x1080 Format 10 NumSamples 1 (Frame:1).
[2021.09.26-08.55.31:623][  1]LogSlate: Took 0.000206 seconds to synchronously load lazily loaded font '../../../Engine/Content/Slate/Fonts/Roboto-Regular.ttf' (155K)
[2021.09.26-08.55.38:930][305]r.SetRes = "2560x1080"
[2021.09.26-08.55.40:986][391]r.SetRes = "2560x1440"
[2021.09.26-08.55.41:317][392]LogRenderer: Reallocating scene render targets to support 2560x1440 Format 10 NumSamples 1 (Frame:391).
[2021.09.26-08.55.43:076][452]r.SetRes = "2560x1080"
[2021.09.26-08.55.43:226][453]LogRenderer: Reallocating scene render targets to support 2560x1080 Format 10 NumSamples 1 (Frame:453).
[2021.09.26-08.55.48:906][699]Closing by request
[2021.09.26-08.55.48:906][699]LogWindows: FPlatformMisc::RequestExit(0)
[2021.09.26-08.55.48:906][699]LogWindows: FPlatformMisc::RequestExitWithStatus(0, 0)
[2021.09.26-08.55.48:906][699]LogCore: Engine exit requested (reason: Win RequestExit)
[2021.09.26-08.55.48:931][700]LogCore: Engine exit requested (reason: EngineExit() was called; note: exit was already requested)
[2021.09.26-08.55.48:931][700]LogInit: Display: PreExit Game.
[2021.09.26-08.55.48:931][700]LogWorld: BeginTearingDown for /Game/Menus/Main_Menu/Main_Menu_Scene
[2021.09.26-08.55.48:932][700]LogWorld: UWorld::CleanupWorld for Main_Menu_Scene, bSessionEnded=true, bCleanupResources=true
[2021.09.26-08.55.48:932][700]LogSlate: InvalidateAllWidgets triggered.  All widgets were invalidated
[2021.09.26-08.55.49:552][700]LogAudio: Display: Beginning Audio Device Manager Shutdown (Module: AudioMixerXAudio2)...
[2021.09.26-08.55.49:552][700]LogAudio: Display: Destroying 1 Remaining Audio Device(s)...
[2021.09.26-08.55.49:552][700]LogAudio: Display: Audio Device unregistered from world 'Main_Menu_Scene'.
[2021.09.26-08.55.49:586][700]LogAudioMixer: FMixerPlatformXAudio2::StopAudioStream() called
[2021.09.26-08.55.49:587][700]LogAudioMixer: FMixerPlatformXAudio2::StopAudioStream() called
[2021.09.26-08.55.49:589][700]LogAudio: Display: Audio Device Manager Shutdown
[2021.09.26-08.55.49:595][700]LogSlate: Window 'SCP Infinity (64-bit Development PCD3D_SM5) ' being destroyed
[2021.09.26-08.55.49:596][700]LogWindowsTextInputMethodSystem: Display: IME system deactivated.
[2021.09.26-08.55.49:600][700]LogWindowsTextInputMethodSystem: Display: IME system deactivated.
[2021.09.26-08.55.49:602][700]LogExit: Preparing to exit.
