Log file open, 03/04/22 00:43:48
LogWindows: Failed to load 'aqProf.dll' (GetLastError=126)
LogWindows: File 'aqProf.dll' does not exist
LogWindows: Failed to load 'VtuneApi.dll' (GetLastError=126)
LogWindows: File 'VtuneApi.dll' does not exist
LogWindows: Failed to load 'VtuneApi32e.dll' (GetLastError=126)
LogWindows: File 'VtuneApi32e.dll' does not exist
LogConsoleResponse: Display: Failed to find resolution value strings in scalability ini. Falling back to default.
LogConsoleResponse: Display: Failed to find resolution value strings in scalability ini. Falling back to default.
LogInit: Display: Running engine for game: SCP_Infinity
LogPlatformFile: Not using cached read wrapper
LogTaskGraph: Started task graph with 5 named threads and 23 total threads with 3 sets of task threads.
LogStats: Stats thread started at 0.212754
LogICUInternationalization: ICU TimeZone Detection - Raw Offset: +1:00, Platform Override: ''
LogInit: Display: Loading text-based GConfig....
LogPluginManager: Warning: Engine version string in ../../../../../Code Projects/UE/SCP-Infinity/Game/new new/Plugins/PowerIK/PowerIK.uplugin could not be parsed ("4.27")
LogPluginManager: Mounting plugin MeshPainting
LogPluginManager: Mounting plugin XGEController
LogPluginManager: Mounting plugin Paper2D
LogPluginManager: Mounting plugin AISupport
LogPluginManager: Mounting plugin LiveLink
LogPluginManager: Mounting plugin EnvironmentQueryEditor
LogPluginManager: Mounting plugin LightPropagationVolume
LogPluginManager: Mounting plugin OodleData
LogPluginManager: Mounting plugin OodleNetwork
LogPluginManager: Mounting plugin DatasmithContent
LogPluginManager: Mounting plugin VariantManagerContent
LogPluginManager: Mounting plugin AlembicImporter
LogPluginManager: Mounting plugin AutomationUtils
LogPluginManager: Mounting plugin BackChannel
LogPluginManager: Mounting plugin ChaosCloth
LogPluginManager: Mounting plugin ChaosClothEditor
LogPluginManager: Mounting plugin ChaosEditor
LogPluginManager: Mounting plugin ChaosNiagara
LogPluginManager: Mounting plugin ChaosSolverPlugin
LogPluginManager: Mounting plugin Niagara
LogPluginManager: Mounting plugin ControlRig
LogPluginManager: Mounting plugin GeometryCache
LogPluginManager: Mounting plugin GeometryCollectionPlugin
LogPluginManager: Mounting plugin GeometryProcessing
LogPluginManager: Mounting plugin CharacterAI
LogPluginManager: Mounting plugin MotoSynth
LogPluginManager: Mounting plugin OpenImageDenoise
LogPluginManager: Mounting plugin PlanarCut
LogPluginManager: Mounting plugin AssetManagerEditor
LogPluginManager: Mounting plugin PlatformCrypto
LogPluginManager: Mounting plugin ProxyLODPlugin
LogPluginManager: Mounting plugin PythonScriptPlugin
LogPluginManager: Mounting plugin CryptoKeys
LogPluginManager: Mounting plugin CurveEditorTools
LogPluginManager: Mounting plugin DataValidation
LogPluginManager: Mounting plugin GeometryMode
LogPluginManager: Mounting plugin FacialAnimation
LogPluginManager: Mounting plugin GameplayTagsEditor
LogPluginManager: Mounting plugin MaterialAnalyzer
LogPluginManager: Mounting plugin MacGraphicsSwitching
LogPluginManager: Mounting plugin MobileLauncherProfileWizard
LogPluginManager: Mounting plugin PluginBrowser
LogPluginManager: Mounting plugin SpeedTreeImporter
LogPluginManager: Mounting plugin SkeletalReduction
LogPluginManager: Mounting plugin LuminPlatformFeatures
LogPluginManager: Mounting plugin MagicLeap
LogPluginManager: Mounting plugin MagicLeapLightEstimation
LogPluginManager: Mounting plugin MagicLeapMedia
LogPluginManager: Mounting plugin MagicLeapPassableWorld
LogPluginManager: Mounting plugin MLSDK
LogPluginManager: Mounting plugin AndroidMedia
LogPluginManager: Mounting plugin AvfMedia
LogPluginManager: Mounting plugin ImgMedia
LogPluginManager: Mounting plugin MediaCompositing
LogPluginManager: Mounting plugin MediaPlayerEditor
LogPluginManager: Mounting plugin WebMMedia
LogPluginManager: Mounting plugin WmfMedia
LogPluginManager: Mounting plugin EasyBallistics
LogPluginManager: Mounting plugin GraphFormatter
LogPluginManager: Mounting plugin AsyncLoadingScreen
LogPluginManager: Mounting plugin ElectronicNodes
LogPluginManager: Mounting plugin LowEntryExtStdLib
LogPluginManager: Mounting plugin TimeClock
LogPluginManager: Mounting plugin UIWS
LogPluginManager: Mounting plugin TcpMessaging
LogPluginManager: Mounting plugin UdpMessaging
LogPluginManager: Mounting plugin OnlineSubsystem
LogPluginManager: Mounting plugin OnlineSubsystemNull
LogPluginManager: Mounting plugin LauncherChunkInstaller
LogPluginManager: Mounting plugin OnlineSubsystemUtils
LogPluginManager: Mounting plugin ActorLayerUtilities
LogPluginManager: Mounting plugin AndroidMoviePlayer
LogPluginManager: Mounting plugin AndroidDeviceProfileSelector
LogPluginManager: Mounting plugin AndroidPermission
LogPluginManager: Mounting plugin AppleImageUtils
LogPluginManager: Mounting plugin AppleMoviePlayer
LogPluginManager: Mounting plugin ArchVisCharacter
LogPluginManager: Mounting plugin AssetTags
LogPluginManager: Mounting plugin AudioCapture
LogPluginManager: Mounting plugin CableComponent
LogPluginManager: Mounting plugin AudioSynesthesia
LogPluginManager: Mounting plugin ChunkDownloader
LogPluginManager: Mounting plugin CustomMeshComponent
LogPluginManager: Mounting plugin EditableMesh
LogPluginManager: Mounting plugin ExampleDeviceProfileSelector
LogPluginManager: Mounting plugin GooglePAD
LogPluginManager: Mounting plugin GoogleCloudMessaging
LogPluginManager: Mounting plugin IOSDeviceProfileSelector
LogPluginManager: Mounting plugin LinuxDeviceProfileSelector
LogPluginManager: Mounting plugin LocationServicesBPLibrary
LogPluginManager: Mounting plugin MobilePatchingUtils
LogPluginManager: Mounting plugin OpenXR
LogPluginManager: Mounting plugin OpenXREyeTracker
LogPluginManager: Mounting plugin OpenXRHandTracking
LogPluginManager: Mounting plugin PhysXVehicles
LogPluginManager: Mounting plugin PostSplashScreen
LogPluginManager: Mounting plugin ProceduralMeshComponent
LogPluginManager: Mounting plugin PropertyAccessEditor
LogPluginManager: Mounting plugin RuntimePhysXCooking
LogPluginManager: Mounting plugin SignificanceManager
LogPluginManager: Mounting plugin ActorSequence
LogPluginManager: Mounting plugin LevelSequenceEditor
LogPluginManager: Mounting plugin MatineeToLevelSequence
LogPluginManager: Mounting plugin TemplateSequence
LogPluginManager: Mounting plugin SoundFields
LogPluginManager: Mounting plugin Synthesis
LogPluginManager: Mounting plugin ScreenshotTools
LogPluginManager: Mounting plugin WebMMoviePlayer
LogPluginManager: Mounting plugin WindowsMoviePlayer
LogPluginManager: Mounting plugin Takes
LogPluginManager: Mounting plugin AnimationSharing
LogPluginManager: Mounting plugin CLionSourceCodeAccess
LogPluginManager: Mounting plugin CodeLiteSourceCodeAccess
LogPluginManager: Mounting plugin GitSourceControl
LogPluginManager: Mounting plugin NullSourceCodeAccess
LogPluginManager: Mounting plugin KDevelopSourceCodeAccess
LogPluginManager: Mounting plugin PerforceSourceControl
LogPluginManager: Mounting plugin PixWinPlugin
LogPluginManager: Mounting plugin PlasticSourceControl
LogPluginManager: Mounting plugin PluginUtils
LogPluginManager: Mounting plugin PropertyAccessNode
LogPluginManager: Mounting plugin RiderSourceCodeAccess
LogPluginManager: Mounting plugin SubversionSourceControl
LogPluginManager: Mounting plugin TextureFormatOodle
LogPluginManager: Mounting plugin UObjectPlugin
LogPluginManager: Mounting plugin VisualStudioCodeSourceCodeAccess
LogPluginManager: Mounting plugin XCodeSourceCodeAccess
LogPluginManager: Mounting plugin VisualStudioSourceCodeAccess
LogPluginManager: Mounting plugin CameraShakePreviewer
LogPluginManager: Mounting plugin GameplayCameras
LogPluginManager: Mounting plugin ContentBrowserAssetDataSource
LogPluginManager: Mounting plugin ContentBrowserClassDataSource
LogPluginManager: Mounting plugin ContentBrowserFileDataSource
LogPluginManager: Mounting plugin OnlineSubsystemGooglePlay
LogPluginManager: Mounting plugin OnlineSubsystemIOS
LogPluginManager: Mounting plugin OculusVR
LogPluginManager: Mounting plugin SteamVR
LogPluginManager: Mounting plugin PowerIK
LogInit: Using libcurl 7.55.1-DEV
LogInit:  - built for x86_64-pc-win32
LogInit:  - supports SSL with OpenSSL/1.1.1
LogInit:  - supports HTTP deflate (compression) using libz 1.2.8
LogInit:  - other features:
LogInit:      CURL_VERSION_SSL
LogInit:      CURL_VERSION_LIBZ
LogInit:      CURL_VERSION_IPV6
LogInit:      CURL_VERSION_ASYNCHDNS
LogInit:      CURL_VERSION_LARGEFILE
LogInit:      CURL_VERSION_IDN
LogInit:  CurlRequestOptions (configurable via config and command line):
LogInit:  - bVerifyPeer = true  - Libcurl will verify peer certificate
LogInit:  - bUseHttpProxy = false  - Libcurl will NOT use HTTP proxy
LogInit:  - bDontReuseConnections = false  - Libcurl will reuse connections
LogInit:  - MaxHostConnections = 16  - Libcurl will limit the number of connections to a host
LogInit:  - LocalHostAddr = Default
LogInit:  - BufferSize = 65536
LogModuleManager: Warning: ModuleManager: Unable to load module 'OnlineSubsystemSteam'  - 0 instances of that module name found.
LogOnline: Warning: OSS: TryLoadSubsystemAndSetDefault: LoadSubsystemModule([Steam]) failed
LogOnline: OSS: Creating online subsystem instance for: NULL
LogInit: WinSock: version 1.1 (2.2), MaxSocks=32767, MaxUdp=65467
LogOnline: OSS: TryLoadSubsystemAndSetDefault: Loaded subsystem for module [NULL]
PixWinPlugin: PIX capture plugin failed to initialize! Check that the process is launched from PIX.
LogOculusPluginWrapper: OculusPlugin initialized successfully
LogHMD: Failed initializing OVRPlugin 1.59.0
LogInit: Build: ++UE4+Release-4.27-CL-18319896
LogInit: Engine Version: 4.27.2-18319896+++UE4+Release-4.27
LogInit: Compatible Engine Version: 4.27.0-17155196+++UE4+Release-4.27
LogInit: Net CL: 17155196
LogInit: OS: Windows 10 (Release 2009) (), CPU: Intel(R) Core(TM) i7-6700K CPU @ 4.00GHz, GPU: NVIDIA GeForce GTX 1080
LogInit: Compiled (64-bit): Nov 30 2021 07:12:08
LogInit: Compiled with Visual C++: 19.24.28315.00
LogInit: Build Configuration: Development
LogInit: Branch Name: ++UE4+Release-4.27
LogInit: Command Line: 
LogInit: Base Directory: D:/Epic Games/UE_4.27/Engine/Binaries/Win64/
LogInit: Allocator: TBB
LogInit: Installed Engine Build: 1
LogDevObjectVersion: Number of dev versions registered: 29
LogDevObjectVersion:   Dev-Blueprints (B0D832E4-1F89-4F0D-ACCF-7EB736FD4AA2): 10
LogDevObjectVersion:   Dev-Build (E1C64328-A22C-4D53-A36C-8E866417BD8C): 0
LogDevObjectVersion:   Dev-Core (375EC13C-06E4-48FB-B500-84F0262A717E): 4
LogDevObjectVersion:   Dev-Editor (E4B068ED-F494-42E9-A231-DA0B2E46BB41): 40
LogDevObjectVersion:   Dev-Framework (CFFC743F-43B0-4480-9391-14DF171D2073): 37
LogDevObjectVersion:   Dev-Mobile (B02B49B5-BB20-44E9-A304-32B752E40360): 3
LogDevObjectVersion:   Dev-Networking (A4E4105C-59A1-49B5-A7C5-40C4547EDFEE): 0
LogDevObjectVersion:   Dev-Online (39C831C9-5AE6-47DC-9A44-9C173E1C8E7C): 0
LogDevObjectVersion:   Dev-Physics (78F01B33-EBEA-4F98-B9B4-84EACCB95AA2): 14
LogDevObjectVersion:   Dev-Platform (6631380F-2D4D-43E0-8009-CF276956A95A): 0
LogDevObjectVersion:   Dev-Rendering (12F88B9F-8875-4AFC-A67C-D90C383ABD29): 45
LogDevObjectVersion:   Dev-Sequencer (7B5AE74C-D270-4C10-A958-57980B212A5A): 13
LogDevObjectVersion:   Dev-VR (D7296918-1DD6-4BDD-9DE2-64A83CC13884): 3
LogDevObjectVersion:   Dev-LoadTimes (C2A15278-BFE7-4AFE-6C17-90FF531DF755): 1
LogDevObjectVersion:   Private-Geometry (6EACA3D4-40EC-4CC1-B786-8BED09428FC5): 3
LogDevObjectVersion:   Dev-AnimPhys (29E575DD-E0A3-4627-9D10-D276232CDCEA): 17
LogDevObjectVersion:   Dev-Anim (AF43A65D-7FD3-4947-9873-3E8ED9C1BB05): 15
LogDevObjectVersion:   Dev-ReflectionCapture (6B266CEC-1EC7-4B8F-A30B-E4D90942FC07): 1
LogDevObjectVersion:   Dev-Automation (0DF73D61-A23F-47EA-B727-89E90C41499A): 1
LogDevObjectVersion:   FortniteMain (601D1886-AC64-4F84-AA16-D3DE0DEAC7D6): 47
LogDevObjectVersion:   FortniteRelease (E7086368-6B23-4C58-8439-1B7016265E91): 1
LogDevObjectVersion:   Dev-Enterprise (9DFFBCD6-494F-0158-E221-12823C92A888): 10
LogDevObjectVersion:   Dev-Niagara (F2AED0AC-9AFE-416F-8664-AA7FFA26D6FC): 1
LogDevObjectVersion:   Dev-Destruction (174F1F0B-B4C6-45A5-B13F-2EE8D0FB917D): 10
LogDevObjectVersion:   Dev-Physics-Ext (35F94A83-E258-406C-A318-09F59610247C): 41
LogDevObjectVersion:   Dev-PhysicsMaterial-Chaos (B68FC16E-8B1B-42E2-B453-215C058844FE): 1
LogDevObjectVersion:   Dev-CineCamera (B2E18506-4273-CFC2-A54E-F4BB758BBA07): 1
LogDevObjectVersion:   Dev-VirtualProduction (64F58936-FD1B-42BA-BA96-7289D5D0FA4E): 1
LogDevObjectVersion:   Dev-MediaFramework (6F0ED827-A609-4895-9C91-998D90180EA4): 2
LogFileManager: Warning: Error deleting file: ../../../../../Code Projects/UE/SCP-Infinity/Game/new new/Saved/Logs/SCP_Infinity_2-backup-2022.02.17-12.51.05.log (Error Code 2)
LogInit: Presizing for max 25165824 objects, including 0 objects not considered by GC, pre-allocating 0 bytes for permanent pool.
LogConfig: Applying CVar settings from Section [/Script/Engine.StreamingSettings] File [D:/Code Projects/UE/SCP-Infinity/Game/new new/Saved/Config/Windows/Engine.ini]
LogConfig: Setting CVar [[s.MinBulkDataSizeForAsyncLoading:131072]]
LogConfig: Setting CVar [[s.AsyncLoadingThreadEnabled:0]]
LogConfig: Setting CVar [[s.EventDrivenLoaderEnabled:1]]
LogConfig: Setting CVar [[s.WarnIfTimeLimitExceeded:0]]
LogConfig: Setting CVar [[s.TimeLimitExceededMultiplier:1.5]]
LogConfig: Setting CVar [[s.TimeLimitExceededMinTime:0.005]]
LogConfig: Setting CVar [[s.UseBackgroundLevelStreaming:1]]
LogConfig: Setting CVar [[s.PriorityAsyncLoadingExtraTime:15.0]]
LogConfig: Setting CVar [[s.LevelStreamingActorsUpdateTimeLimit:5.0]]
LogConfig: Setting CVar [[s.PriorityLevelStreamingActorsUpdateExtraTime:5.0]]
LogConfig: Setting CVar [[s.LevelStreamingComponentsRegistrationGranularity:10]]
LogConfig: Setting CVar [[s.UnregisterComponentsTimeLimit:1.0]]
LogConfig: Setting CVar [[s.LevelStreamingComponentsUnregistrationGranularity:5]]
LogConfig: Setting CVar [[s.FlushStreamingOnExit:1]]
LogInit: Object subsystem initialized
LogConfig: Setting CVar [[con.DebugEarlyDefault:1]]
LogConfig: Setting CVar [[r.setres:1280x720]]
[2022.03.03-23.43.50:293][  0]LogConfig: Setting CVar [[r.VSync:0]]
[2022.03.03-23.43.50:293][  0]LogConfig: Setting CVar [[r.RHICmdBypass:0]]
[2022.03.03-23.43.50:293][  0]LogConfig: Applying CVar settings from Section [/Script/Engine.RendererSettings] File [D:/Code Projects/UE/SCP-Infinity/Game/new new/Saved/Config/Windows/Engine.ini]
[2022.03.03-23.43.50:293][  0]LogConfig: Setting CVar [[r.GPUCrashDebugging:0]]
[2022.03.03-23.43.50:293][  0]LogConfig: Setting CVar [[r.DefaultFeature.MotionBlur:1]]
[2022.03.03-23.43.50:293][  0]LogConfig: Setting CVar [[r.GenerateMeshDistanceFields:1]]
[2022.03.03-23.43.50:293][  0]LogConfig: Setting CVar [[r.VirtualTextures:1]]
[2022.03.03-23.43.50:293][  0]LogConfig: Setting CVar [[r.VirtualTexturedLightmaps:1]]
[2022.03.03-23.43.50:293][  0]LogConfig: Setting CVar [[r.SSGI.Enable:0]]
[2022.03.03-23.43.50:293][  0]LogConfig: Setting CVar [[r.AllowGlobalClipPlane:1]]
[2022.03.03-23.43.50:293][  0]LogConfig: Setting CVar [[r.SkinCache.CompileShaders:1]]
[2022.03.03-23.43.50:293][  0]LogConfig: Setting CVar [[r.SupportSkyAtmosphereAffectsHeightFog:1]]
[2022.03.03-23.43.50:293][  0]LogConfig: Setting CVar [[r.DefaultFeature.AntiAliasing:1]]
[2022.03.03-23.43.50:293][  0]LogConfig: Setting CVar [[r.RayTracing:0]]
[2022.03.03-23.43.50:293][  0]LogConfig: Setting CVar [[r.DBuffer:1]]
[2022.03.03-23.43.50:293][  0]LogConfig: Setting CVar [[r.DefaultFeature.Bloom:1]]
[2022.03.03-23.43.50:293][  0]LogConfig: Setting CVar [[r.DefaultFeature.AmbientOcclusion:0]]
[2022.03.03-23.43.50:293][  0]LogConfig: Setting CVar [[r.DefaultFeature.AmbientOcclusionStaticFraction:0]]
[2022.03.03-23.43.50:293][  0]LogConfig: Setting CVar [[r.DefaultFeature.AutoExposure:1]]
[2022.03.03-23.43.50:293][  0]LogConfig: Setting CVar [[r.MobileHDR:0]]
[2022.03.03-23.43.50:293][  0]LogConfig: Setting CVar [[r.Mobile.EnableMovableLightCSMShaderCulling:0]]
[2022.03.03-23.43.50:293][  0]LogConfig: Setting CVar [[r.ReflectionCaptureResolution:256]]
[2022.03.03-23.43.50:293][  0]LogConfig: Applying CVar settings from Section [/Script/Engine.RendererOverrideSettings] File [D:/Code Projects/UE/SCP-Infinity/Game/new new/Saved/Config/Windows/Engine.ini]
[2022.03.03-23.43.50:293][  0]LogConfig: Applying CVar settings from Section [/Script/Engine.StreamingSettings] File [D:/Code Projects/UE/SCP-Infinity/Game/new new/Saved/Config/Windows/Engine.ini]
[2022.03.03-23.43.50:293][  0]LogConfig: Setting CVar [[s.MinBulkDataSizeForAsyncLoading:131072]]
[2022.03.03-23.43.50:293][  0]LogConfig: Setting CVar [[s.AsyncLoadingThreadEnabled:0]]
[2022.03.03-23.43.50:293][  0]LogConfig: Setting CVar [[s.EventDrivenLoaderEnabled:1]]
[2022.03.03-23.43.50:293][  0]LogConfig: Setting CVar [[s.WarnIfTimeLimitExceeded:0]]
[2022.03.03-23.43.50:293][  0]LogConfig: Setting CVar [[s.TimeLimitExceededMultiplier:1.5]]
[2022.03.03-23.43.50:293][  0]LogConfig: Setting CVar [[s.TimeLimitExceededMinTime:0.005]]
[2022.03.03-23.43.50:293][  0]LogConfig: Setting CVar [[s.UseBackgroundLevelStreaming:1]]
[2022.03.03-23.43.50:293][  0]LogConfig: Setting CVar [[s.PriorityAsyncLoadingExtraTime:15.0]]
[2022.03.03-23.43.50:293][  0]LogConfig: Setting CVar [[s.LevelStreamingActorsUpdateTimeLimit:5.0]]
[2022.03.03-23.43.50:293][  0]LogConfig: Setting CVar [[s.PriorityLevelStreamingActorsUpdateExtraTime:5.0]]
[2022.03.03-23.43.50:293][  0]LogConfig: Setting CVar [[s.LevelStreamingComponentsRegistrationGranularity:10]]
[2022.03.03-23.43.50:293][  0]LogConfig: Setting CVar [[s.UnregisterComponentsTimeLimit:1.0]]
[2022.03.03-23.43.50:293][  0]LogConfig: Setting CVar [[s.LevelStreamingComponentsUnregistrationGranularity:5]]
[2022.03.03-23.43.50:293][  0]LogConfig: Setting CVar [[s.FlushStreamingOnExit:1]]
[2022.03.03-23.43.50:293][  0]LogConfig: Applying CVar settings from Section [/Script/Engine.GarbageCollectionSettings] File [D:/Code Projects/UE/SCP-Infinity/Game/new new/Saved/Config/Windows/Engine.ini]
[2022.03.03-23.43.50:293][  0]LogConfig: Setting CVar [[gc.MaxObjectsNotConsideredByGC:1]]
[2022.03.03-23.43.50:293][  0]LogConfig: Setting CVar [[gc.SizeOfPermanentObjectPool:0]]
[2022.03.03-23.43.50:293][  0]LogConfig: Setting CVar [[gc.FlushStreamingOnGC:0]]
[2022.03.03-23.43.50:293][  0]LogConfig: Setting CVar [[gc.NumRetriesBeforeForcingGC:10]]
[2022.03.03-23.43.50:293][  0]LogConfig: Setting CVar [[gc.AllowParallelGC:1]]
[2022.03.03-23.43.50:293][  0]LogConfig: Setting CVar [[gc.TimeBetweenPurgingPendingKillObjects:61.1]]
[2022.03.03-23.43.50:293][  0]LogConfig: Setting CVar [[gc.MaxObjectsInEditor:25165824]]
[2022.03.03-23.43.50:293][  0]LogConfig: Setting CVar [[gc.IncrementalBeginDestroyEnabled:1]]
[2022.03.03-23.43.50:293][  0]LogConfig: Setting CVar [[gc.CreateGCClusters:1]]
[2022.03.03-23.43.50:293][  0]LogConfig: Setting CVar [[gc.MinGCClusterSize:5]]
[2022.03.03-23.43.50:293][  0]LogConfig: Setting CVar [[gc.ActorClusteringEnabled:0]]
[2022.03.03-23.43.50:293][  0]LogConfig: Setting CVar [[gc.BlueprintClusteringEnabled:0]]
[2022.03.03-23.43.50:293][  0]LogConfig: Setting CVar [[gc.UseDisregardForGCOnDedicatedServers:0]]
[2022.03.03-23.43.50:293][  0]LogConfig: Setting CVar [[gc.MultithreadedDestructionEnabled:1]]
[2022.03.03-23.43.50:293][  0]LogConfig: Applying CVar settings from Section [/Script/Engine.NetworkSettings] File [D:/Code Projects/UE/SCP-Infinity/Game/new new/Saved/Config/Windows/Engine.ini]
[2022.03.03-23.43.50:294][  0]LogConfig: Applying CVar settings from Section [/Script/UnrealEd.CookerSettings] File [D:/Code Projects/UE/SCP-Infinity/Game/new new/Saved/Config/Windows/Engine.ini]
[2022.03.03-23.43.50:306][  0]LogConfig: Applying CVar settings from Section [ViewDistanceQuality@3] File [D:/Code Projects/UE/SCP-Infinity/Game/new new/Saved/Config/Windows/Scalability.ini]
[2022.03.03-23.43.50:306][  0]LogConfig: Setting CVar [[r.SkeletalMeshLODBias:0]]
[2022.03.03-23.43.50:306][  0]LogConfig: Setting CVar [[r.ViewDistanceScale:1.0]]
[2022.03.03-23.43.50:306][  0]LogConfig: Applying CVar settings from Section [AntiAliasingQuality@3] File [D:/Code Projects/UE/SCP-Infinity/Game/new new/Saved/Config/Windows/Scalability.ini]
[2022.03.03-23.43.50:306][  0]LogConfig: Setting CVar [[r.PostProcessAAQuality:4]]
[2022.03.03-23.43.50:306][  0]LogConfig: Applying CVar settings from Section [ShadowQuality@3] File [D:/Code Projects/UE/SCP-Infinity/Game/new new/Saved/Config/Windows/Scalability.ini]
[2022.03.03-23.43.50:307][  0]LogConfig: Setting CVar [[r.LightFunctionQuality:1]]
[2022.03.03-23.43.50:307][  0]LogConfig: Setting CVar [[r.ShadowQuality:5]]
[2022.03.03-23.43.50:307][  0]LogConfig: Setting CVar [[r.Shadow.CSM.MaxCascades:10]]
[2022.03.03-23.43.50:307][  0]LogConfig: Setting CVar [[r.Shadow.MaxResolution:2048]]
[2022.03.03-23.43.50:307][  0]LogConfig: Setting CVar [[r.Shadow.MaxCSMResolution:2048]]
[2022.03.03-23.43.50:307][  0]LogConfig: Setting CVar [[r.Shadow.RadiusThreshold:0.01]]
[2022.03.03-23.43.50:307][  0]LogConfig: Setting CVar [[r.Shadow.DistanceScale:1.0]]
[2022.03.03-23.43.50:307][  0]LogConfig: Setting CVar [[r.Shadow.CSM.TransitionScale:1.0]]
[2022.03.03-23.43.50:307][  0]LogConfig: Setting CVar [[r.Shadow.PreShadowResolutionFactor:1.0]]
[2022.03.03-23.43.50:307][  0]LogConfig: Setting CVar [[r.DistanceFieldShadowing:1]]
[2022.03.03-23.43.50:307][  0]LogConfig: Setting CVar [[r.DistanceFieldAO:1]]
[2022.03.03-23.43.50:307][  0]LogConfig: Setting CVar [[r.AOQuality:2]]
[2022.03.03-23.43.50:307][  0]LogConfig: Setting CVar [[r.VolumetricFog:1]]
[2022.03.03-23.43.50:307][  0]LogConfig: Setting CVar [[r.VolumetricFog.GridPixelSize:8]]
[2022.03.03-23.43.50:307][  0]LogConfig: Setting CVar [[r.VolumetricFog.GridSizeZ:128]]
[2022.03.03-23.43.50:307][  0]LogConfig: Setting CVar [[r.VolumetricFog.HistoryMissSupersampleCount:4]]
[2022.03.03-23.43.50:307][  0]LogConfig: Setting CVar [[r.LightMaxDrawDistanceScale:1]]
[2022.03.03-23.43.50:307][  0]LogConfig: Setting CVar [[r.CapsuleShadows:1]]
[2022.03.03-23.43.50:307][  0]LogConfig: Applying CVar settings from Section [PostProcessQuality@3] File [D:/Code Projects/UE/SCP-Infinity/Game/new new/Saved/Config/Windows/Scalability.ini]
[2022.03.03-23.43.50:307][  0]LogConfig: Setting CVar [[r.MotionBlurQuality:4]]
[2022.03.03-23.43.50:307][  0]LogConfig: Setting CVar [[r.AmbientOcclusionMipLevelFactor:0.4]]
[2022.03.03-23.43.50:307][  0]LogConfig: Setting CVar [[r.AmbientOcclusionMaxQuality:100]]
[2022.03.03-23.43.50:307][  0]LogConfig: Setting CVar [[r.AmbientOcclusionLevels:-1]]
[2022.03.03-23.43.50:307][  0]LogConfig: Setting CVar [[r.AmbientOcclusionRadiusScale:1.0]]
[2022.03.03-23.43.50:307][  0]LogConfig: Setting CVar [[r.DepthOfFieldQuality:2]]
[2022.03.03-23.43.50:307][  0]LogConfig: Setting CVar [[r.RenderTargetPoolMin:400]]
[2022.03.03-23.43.50:307][  0]LogConfig: Setting CVar [[r.LensFlareQuality:2]]
[2022.03.03-23.43.50:307][  0]LogConfig: Setting CVar [[r.SceneColorFringeQuality:1]]
[2022.03.03-23.43.50:307][  0]LogConfig: Setting CVar [[r.EyeAdaptationQuality:2]]
[2022.03.03-23.43.50:307][  0]LogConfig: Setting CVar [[r.BloomQuality:5]]
[2022.03.03-23.43.50:307][  0]LogConfig: Setting CVar [[r.FastBlurThreshold:100]]
[2022.03.03-23.43.50:307][  0]LogConfig: Setting CVar [[r.Upscale.Quality:3]]
[2022.03.03-23.43.50:307][  0]LogConfig: Setting CVar [[r.Tonemapper.GrainQuantization:1]]
[2022.03.03-23.43.50:307][  0]LogConfig: Setting CVar [[r.LightShaftQuality:1]]
[2022.03.03-23.43.50:307][  0]LogConfig: Setting CVar [[r.Filter.SizeScale:1]]
[2022.03.03-23.43.50:307][  0]LogConfig: Setting CVar [[r.Tonemapper.Quality:5]]
[2022.03.03-23.43.50:307][  0]LogConfig: Setting CVar [[r.DOF.Gather.AccumulatorQuality:1        ; higher gathering accumulator quality]]
[2022.03.03-23.43.50:307][  0]LogConfig: Setting CVar [[r.DOF.Gather.PostfilterMethod:1          ; Median3x3 postfilering method]]
[2022.03.03-23.43.50:307][  0]LogConfig: Setting CVar [[r.DOF.Gather.EnableBokehSettings:0       ; no bokeh simulation when gathering]]
[2022.03.03-23.43.50:307][  0]LogConfig: Setting CVar [[r.DOF.Gather.RingCount:4                 ; medium number of samples when gathering]]
[2022.03.03-23.43.50:307][  0]LogConfig: Setting CVar [[r.DOF.Scatter.ForegroundCompositing:1    ; additive foreground scattering]]
[2022.03.03-23.43.50:307][  0]LogConfig: Setting CVar [[r.DOF.Scatter.BackgroundCompositing:2    ; additive background scattering]]
[2022.03.03-23.43.50:307][  0]LogConfig: Setting CVar [[r.DOF.Scatter.EnableBokehSettings:1      ; bokeh simulation when scattering]]
[2022.03.03-23.43.50:307][  0]LogConfig: Setting CVar [[r.DOF.Scatter.MaxSpriteRatio:0.1         ; only a maximum of 10% of scattered bokeh]]
[2022.03.03-23.43.50:308][  0]LogConfig: Setting CVar [[r.DOF.Recombine.Quality:1                ; cheap slight out of focus]]
[2022.03.03-23.43.50:308][  0]LogConfig: Setting CVar [[r.DOF.Recombine.EnableBokehSettings:0    ; no bokeh simulation on slight out of focus]]
[2022.03.03-23.43.50:308][  0]LogConfig: Setting CVar [[r.DOF.TemporalAAQuality:1                ; more stable temporal accumulation]]
[2022.03.03-23.43.50:308][  0]LogConfig: Setting CVar [[r.DOF.Kernel.MaxForegroundRadius:0.025]]
[2022.03.03-23.43.50:308][  0]LogConfig: Setting CVar [[r.DOF.Kernel.MaxBackgroundRadius:0.025]]
[2022.03.03-23.43.50:308][  0]LogConfig: Applying CVar settings from Section [TextureQuality@3] File [D:/Code Projects/UE/SCP-Infinity/Game/new new/Saved/Config/Windows/Scalability.ini]
[2022.03.03-23.43.50:308][  0]LogConfig: Setting CVar [[r.Streaming.MipBias:0]]
[2022.03.03-23.43.50:308][  0]LogConfig: Setting CVar [[r.Streaming.AmortizeCPUToGPUCopy:0]]
[2022.03.03-23.43.50:308][  0]LogConfig: Setting CVar [[r.Streaming.MaxNumTexturesToStreamPerFrame:0]]
[2022.03.03-23.43.50:308][  0]LogConfig: Setting CVar [[r.Streaming.Boost:1]]
[2022.03.03-23.43.50:308][  0]LogConfig: Setting CVar [[r.MaxAnisotropy:8]]
[2022.03.03-23.43.50:308][  0]LogConfig: Setting CVar [[r.VT.MaxAnisotropy:8]]
[2022.03.03-23.43.50:308][  0]LogConfig: Setting CVar [[r.Streaming.LimitPoolSizeToVRAM:0]]
[2022.03.03-23.43.50:308][  0]LogConfig: Setting CVar [[r.Streaming.PoolSize:1000]]
[2022.03.03-23.43.50:308][  0]LogConfig: Setting CVar [[r.Streaming.MaxEffectiveScreenSize:0]]
[2022.03.03-23.43.50:308][  0]LogConfig: Applying CVar settings from Section [EffectsQuality@3] File [D:/Code Projects/UE/SCP-Infinity/Game/new new/Saved/Config/Windows/Scalability.ini]
[2022.03.03-23.43.50:308][  0]LogConfig: Setting CVar [[r.TranslucencyLightingVolumeDim:64]]
[2022.03.03-23.43.50:308][  0]LogConfig: Setting CVar [[r.RefractionQuality:2]]
[2022.03.03-23.43.50:308][  0]LogConfig: Setting CVar [[r.SSR.Quality:3]]
[2022.03.03-23.43.50:308][  0]LogConfig: Setting CVar [[r.SSR.HalfResSceneColor:0]]
[2022.03.03-23.43.50:308][  0]LogConfig: Setting CVar [[r.SceneColorFormat:4]]
[2022.03.03-23.43.50:308][  0]LogConfig: Setting CVar [[r.DetailMode:2]]
[2022.03.03-23.43.50:308][  0]LogConfig: Setting CVar [[r.TranslucencyVolumeBlur:1]]
[2022.03.03-23.43.50:308][  0]LogConfig: Setting CVar [[r.MaterialQualityLevel:1 ; High quality]]
[2022.03.03-23.43.50:308][  0]LogConfig: Setting CVar [[r.AnisotropicMaterials:1]]
[2022.03.03-23.43.50:308][  0]LogConfig: Setting CVar [[r.SSS.Scale:1]]
[2022.03.03-23.43.50:308][  0]LogConfig: Setting CVar [[r.SSS.SampleSet:2]]
[2022.03.03-23.43.50:308][  0]LogConfig: Setting CVar [[r.SSS.Quality:1]]
[2022.03.03-23.43.50:308][  0]LogConfig: Setting CVar [[r.SSS.HalfRes:0]]
[2022.03.03-23.43.50:308][  0]LogConfig: Setting CVar [[r.SSGI.Quality:3]]
[2022.03.03-23.43.50:308][  0]LogConfig: Setting CVar [[r.EmitterSpawnRateScale:1.0]]
[2022.03.03-23.43.50:308][  0]LogConfig: Setting CVar [[r.ParticleLightQuality:2]]
[2022.03.03-23.43.50:308][  0]LogConfig: Setting CVar [[r.SkyAtmosphere.AerialPerspectiveLUT.FastApplyOnOpaque:1 ; Always have FastSkyLUT 1 in this case to avoid wrong sky]]
[2022.03.03-23.43.50:308][  0]LogConfig: Setting CVar [[r.SkyAtmosphere.AerialPerspectiveLUT.SampleCountMaxPerSlice:4]]
[2022.03.03-23.43.50:308][  0]LogConfig: Setting CVar [[r.SkyAtmosphere.AerialPerspectiveLUT.DepthResolution:16.0]]
[2022.03.03-23.43.50:308][  0]LogConfig: Setting CVar [[r.SkyAtmosphere.FastSkyLUT:1]]
[2022.03.03-23.43.50:308][  0]LogConfig: Setting CVar [[r.SkyAtmosphere.FastSkyLUT.SampleCountMin:4.0]]
[2022.03.03-23.43.50:308][  0]LogConfig: Setting CVar [[r.SkyAtmosphere.FastSkyLUT.SampleCountMax:128.0]]
[2022.03.03-23.43.50:308][  0]LogConfig: Setting CVar [[r.SkyAtmosphere.SampleCountMin:4.0]]
[2022.03.03-23.43.50:308][  0]LogConfig: Setting CVar [[r.SkyAtmosphere.SampleCountMax:128.0]]
[2022.03.03-23.43.50:308][  0]LogConfig: Setting CVar [[r.SkyAtmosphere.TransmittanceLUT.UseSmallFormat:0]]
[2022.03.03-23.43.50:308][  0]LogConfig: Setting CVar [[r.SkyAtmosphere.TransmittanceLUT.SampleCount:10.0]]
[2022.03.03-23.43.50:308][  0]LogConfig: Setting CVar [[r.SkyAtmosphere.MultiScatteringLUT.SampleCount:15.0]]
[2022.03.03-23.43.50:308][  0]LogConfig: Setting CVar [[r.SkyLight.RealTimeReflectionCapture:1]]
[2022.03.03-23.43.50:308][  0]LogConfig: Applying CVar settings from Section [FoliageQuality@3] File [D:/Code Projects/UE/SCP-Infinity/Game/new new/Saved/Config/Windows/Scalability.ini]
[2022.03.03-23.43.50:308][  0]LogConfig: Setting CVar [[foliage.DensityScale:1.0]]
[2022.03.03-23.43.50:308][  0]LogConfig: Setting CVar [[grass.DensityScale:1.0]]
[2022.03.03-23.43.50:308][  0]LogConfig: Applying CVar settings from Section [ShadingQuality@3] File [D:/Code Projects/UE/SCP-Infinity/Game/new new/Saved/Config/Windows/Scalability.ini]
[2022.03.03-23.43.50:308][  0]LogConfig: Setting CVar [[r.HairStrands.SkyLighting.IntegrationType:2]]
[2022.03.03-23.43.50:308][  0]LogConfig: Setting CVar [[r.HairStrands.SkyAO.SampleCount:4]]
[2022.03.03-23.43.50:308][  0]LogConfig: Setting CVar [[r.HairStrands.Visibility.MSAA.SamplePerPixel:4]]
[2022.03.03-23.43.50:308][  0]LogInit: Selected Device Profile: [Windows]
[2022.03.03-23.43.50:308][  0]LogInit: Applying CVar settings loaded from the selected device profile: [Windows]
[2022.03.03-23.43.50:322][  0]LogHAL: Display: Platform has ~ 32 GB [34320416768 / 34359738368 / 32], which maps to Largest [LargestMinGB=32, LargerMinGB=12, DefaultMinGB=8, SmallerMinGB=6, SmallestMinGB=0)
[2022.03.03-23.43.50:322][  0]LogInit: Going up to parent DeviceProfile []
[2022.03.03-23.43.50:322][  0]LogConfig: Applying CVar settings from Section [ViewDistanceQuality@3] File [D:/Code Projects/UE/SCP-Infinity/Game/new new/Saved/Config/Windows/Scalability.ini]
[2022.03.03-23.43.50:322][  0]LogConfig: Setting CVar [[r.SkeletalMeshLODBias:0]]
[2022.03.03-23.43.50:322][  0]LogConfig: Setting CVar [[r.ViewDistanceScale:1.0]]
[2022.03.03-23.43.50:322][  0]LogConfig: Applying CVar settings from Section [AntiAliasingQuality@3] File [D:/Code Projects/UE/SCP-Infinity/Game/new new/Saved/Config/Windows/Scalability.ini]
[2022.03.03-23.43.50:322][  0]LogConfig: Setting CVar [[r.PostProcessAAQuality:4]]
[2022.03.03-23.43.50:322][  0]LogConfig: Applying CVar settings from Section [ShadowQuality@3] File [D:/Code Projects/UE/SCP-Infinity/Game/new new/Saved/Config/Windows/Scalability.ini]
[2022.03.03-23.43.50:322][  0]LogConfig: Setting CVar [[r.LightFunctionQuality:1]]
[2022.03.03-23.43.50:322][  0]LogConfig: Setting CVar [[r.ShadowQuality:5]]
[2022.03.03-23.43.50:322][  0]LogConfig: Setting CVar [[r.Shadow.CSM.MaxCascades:10]]
[2022.03.03-23.43.50:322][  0]LogConfig: Setting CVar [[r.Shadow.MaxResolution:2048]]
[2022.03.03-23.43.50:322][  0]LogConfig: Setting CVar [[r.Shadow.MaxCSMResolution:2048]]
[2022.03.03-23.43.50:322][  0]LogConfig: Setting CVar [[r.Shadow.RadiusThreshold:0.01]]
[2022.03.03-23.43.50:322][  0]LogConfig: Setting CVar [[r.Shadow.DistanceScale:1.0]]
[2022.03.03-23.43.50:322][  0]LogConfig: Setting CVar [[r.Shadow.CSM.TransitionScale:1.0]]
[2022.03.03-23.43.50:322][  0]LogConfig: Setting CVar [[r.Shadow.PreShadowResolutionFactor:1.0]]
[2022.03.03-23.43.50:322][  0]LogConfig: Setting CVar [[r.DistanceFieldShadowing:1]]
[2022.03.03-23.43.50:322][  0]LogConfig: Setting CVar [[r.DistanceFieldAO:1]]
[2022.03.03-23.43.50:322][  0]LogConfig: Setting CVar [[r.AOQuality:2]]
[2022.03.03-23.43.50:322][  0]LogConfig: Setting CVar [[r.VolumetricFog:1]]
[2022.03.03-23.43.50:322][  0]LogConfig: Setting CVar [[r.VolumetricFog.GridPixelSize:8]]
[2022.03.03-23.43.50:322][  0]LogConfig: Setting CVar [[r.VolumetricFog.GridSizeZ:128]]
[2022.03.03-23.43.50:322][  0]LogConfig: Setting CVar [[r.VolumetricFog.HistoryMissSupersampleCount:4]]
[2022.03.03-23.43.50:322][  0]LogConfig: Setting CVar [[r.LightMaxDrawDistanceScale:1]]
[2022.03.03-23.43.50:322][  0]LogConfig: Setting CVar [[r.CapsuleShadows:1]]
[2022.03.03-23.43.50:322][  0]LogConfig: Applying CVar settings from Section [PostProcessQuality@3] File [D:/Code Projects/UE/SCP-Infinity/Game/new new/Saved/Config/Windows/Scalability.ini]
[2022.03.03-23.43.50:322][  0]LogConfig: Setting CVar [[r.MotionBlurQuality:4]]
[2022.03.03-23.43.50:322][  0]LogConfig: Setting CVar [[r.AmbientOcclusionMipLevelFactor:0.4]]
[2022.03.03-23.43.50:322][  0]LogConfig: Setting CVar [[r.AmbientOcclusionMaxQuality:100]]
[2022.03.03-23.43.50:322][  0]LogConfig: Setting CVar [[r.AmbientOcclusionLevels:-1]]
[2022.03.03-23.43.50:322][  0]LogConfig: Setting CVar [[r.AmbientOcclusionRadiusScale:1.0]]
[2022.03.03-23.43.50:322][  0]LogConfig: Setting CVar [[r.DepthOfFieldQuality:2]]
[2022.03.03-23.43.50:322][  0]LogConfig: Setting CVar [[r.RenderTargetPoolMin:400]]
[2022.03.03-23.43.50:322][  0]LogConfig: Setting CVar [[r.LensFlareQuality:2]]
[2022.03.03-23.43.50:323][  0]LogConfig: Setting CVar [[r.SceneColorFringeQuality:1]]
[2022.03.03-23.43.50:323][  0]LogConfig: Setting CVar [[r.EyeAdaptationQuality:2]]
[2022.03.03-23.43.50:323][  0]LogConfig: Setting CVar [[r.BloomQuality:5]]
[2022.03.03-23.43.50:323][  0]LogConfig: Setting CVar [[r.FastBlurThreshold:100]]
[2022.03.03-23.43.50:323][  0]LogConfig: Setting CVar [[r.Upscale.Quality:3]]
[2022.03.03-23.43.50:323][  0]LogConfig: Setting CVar [[r.Tonemapper.GrainQuantization:1]]
[2022.03.03-23.43.50:323][  0]LogConfig: Setting CVar [[r.LightShaftQuality:1]]
[2022.03.03-23.43.50:323][  0]LogConfig: Setting CVar [[r.Filter.SizeScale:1]]
[2022.03.03-23.43.50:323][  0]LogConfig: Setting CVar [[r.Tonemapper.Quality:5]]
[2022.03.03-23.43.50:323][  0]LogConfig: Setting CVar [[r.DOF.Gather.AccumulatorQuality:1        ; higher gathering accumulator quality]]
[2022.03.03-23.43.50:323][  0]LogConfig: Setting CVar [[r.DOF.Gather.PostfilterMethod:1          ; Median3x3 postfilering method]]
[2022.03.03-23.43.50:323][  0]LogConfig: Setting CVar [[r.DOF.Gather.EnableBokehSettings:0       ; no bokeh simulation when gathering]]
[2022.03.03-23.43.50:323][  0]LogConfig: Setting CVar [[r.DOF.Gather.RingCount:4                 ; medium number of samples when gathering]]
[2022.03.03-23.43.50:323][  0]LogConfig: Setting CVar [[r.DOF.Scatter.ForegroundCompositing:1    ; additive foreground scattering]]
[2022.03.03-23.43.50:323][  0]LogConfig: Setting CVar [[r.DOF.Scatter.BackgroundCompositing:2    ; additive background scattering]]
[2022.03.03-23.43.50:323][  0]LogConfig: Setting CVar [[r.DOF.Scatter.EnableBokehSettings:1      ; bokeh simulation when scattering]]
[2022.03.03-23.43.50:323][  0]LogConfig: Setting CVar [[r.DOF.Scatter.MaxSpriteRatio:0.1         ; only a maximum of 10% of scattered bokeh]]
[2022.03.03-23.43.50:323][  0]LogConfig: Setting CVar [[r.DOF.Recombine.Quality:1                ; cheap slight out of focus]]
[2022.03.03-23.43.50:323][  0]LogConfig: Setting CVar [[r.DOF.Recombine.EnableBokehSettings:0    ; no bokeh simulation on slight out of focus]]
[2022.03.03-23.43.50:323][  0]LogConfig: Setting CVar [[r.DOF.TemporalAAQuality:1                ; more stable temporal accumulation]]
[2022.03.03-23.43.50:323][  0]LogConfig: Setting CVar [[r.DOF.Kernel.MaxForegroundRadius:0.025]]
[2022.03.03-23.43.50:323][  0]LogConfig: Setting CVar [[r.DOF.Kernel.MaxBackgroundRadius:0.025]]
[2022.03.03-23.43.50:323][  0]LogConfig: Applying CVar settings from Section [TextureQuality@3] File [D:/Code Projects/UE/SCP-Infinity/Game/new new/Saved/Config/Windows/Scalability.ini]
[2022.03.03-23.43.50:323][  0]LogConfig: Setting CVar [[r.Streaming.MipBias:0]]
[2022.03.03-23.43.50:323][  0]LogConfig: Setting CVar [[r.Streaming.AmortizeCPUToGPUCopy:0]]
[2022.03.03-23.43.50:323][  0]LogConfig: Setting CVar [[r.Streaming.MaxNumTexturesToStreamPerFrame:0]]
[2022.03.03-23.43.50:323][  0]LogConfig: Setting CVar [[r.Streaming.Boost:1]]
[2022.03.03-23.43.50:323][  0]LogConfig: Setting CVar [[r.MaxAnisotropy:8]]
[2022.03.03-23.43.50:323][  0]LogConfig: Setting CVar [[r.VT.MaxAnisotropy:8]]
[2022.03.03-23.43.50:323][  0]LogConfig: Setting CVar [[r.Streaming.LimitPoolSizeToVRAM:0]]
[2022.03.03-23.43.50:323][  0]LogConfig: Setting CVar [[r.Streaming.PoolSize:1000]]
[2022.03.03-23.43.50:323][  0]LogConfig: Setting CVar [[r.Streaming.MaxEffectiveScreenSize:0]]
[2022.03.03-23.43.50:323][  0]LogConfig: Applying CVar settings from Section [EffectsQuality@3] File [D:/Code Projects/UE/SCP-Infinity/Game/new new/Saved/Config/Windows/Scalability.ini]
[2022.03.03-23.43.50:323][  0]LogConfig: Setting CVar [[r.TranslucencyLightingVolumeDim:64]]
[2022.03.03-23.43.50:323][  0]LogConfig: Setting CVar [[r.RefractionQuality:2]]
[2022.03.03-23.43.50:323][  0]LogConfig: Setting CVar [[r.SSR.Quality:3]]
[2022.03.03-23.43.50:323][  0]LogConfig: Setting CVar [[r.SSR.HalfResSceneColor:0]]
[2022.03.03-23.43.50:323][  0]LogConfig: Setting CVar [[r.SceneColorFormat:4]]
[2022.03.03-23.43.50:323][  0]LogConfig: Setting CVar [[r.DetailMode:2]]
[2022.03.03-23.43.50:323][  0]LogConfig: Setting CVar [[r.TranslucencyVolumeBlur:1]]
[2022.03.03-23.43.50:323][  0]LogConfig: Setting CVar [[r.MaterialQualityLevel:1 ; High quality]]
[2022.03.03-23.43.50:323][  0]LogConfig: Setting CVar [[r.AnisotropicMaterials:1]]
[2022.03.03-23.43.50:323][  0]LogConfig: Setting CVar [[r.SSS.Scale:1]]
[2022.03.03-23.43.50:323][  0]LogConfig: Setting CVar [[r.SSS.SampleSet:2]]
[2022.03.03-23.43.50:323][  0]LogConfig: Setting CVar [[r.SSS.Quality:1]]
[2022.03.03-23.43.50:323][  0]LogConfig: Setting CVar [[r.SSS.HalfRes:0]]
[2022.03.03-23.43.50:323][  0]LogConfig: Setting CVar [[r.SSGI.Quality:3]]
[2022.03.03-23.43.50:323][  0]LogConfig: Setting CVar [[r.EmitterSpawnRateScale:1.0]]
[2022.03.03-23.43.50:323][  0]LogConfig: Setting CVar [[r.ParticleLightQuality:2]]
[2022.03.03-23.43.50:323][  0]LogConfig: Setting CVar [[r.SkyAtmosphere.AerialPerspectiveLUT.FastApplyOnOpaque:1 ; Always have FastSkyLUT 1 in this case to avoid wrong sky]]
[2022.03.03-23.43.50:323][  0]LogConfig: Setting CVar [[r.SkyAtmosphere.AerialPerspectiveLUT.SampleCountMaxPerSlice:4]]
[2022.03.03-23.43.50:323][  0]LogConfig: Setting CVar [[r.SkyAtmosphere.AerialPerspectiveLUT.DepthResolution:16.0]]
[2022.03.03-23.43.50:323][  0]LogConfig: Setting CVar [[r.SkyAtmosphere.FastSkyLUT:1]]
[2022.03.03-23.43.50:323][  0]LogConfig: Setting CVar [[r.SkyAtmosphere.FastSkyLUT.SampleCountMin:4.0]]
[2022.03.03-23.43.50:323][  0]LogConfig: Setting CVar [[r.SkyAtmosphere.FastSkyLUT.SampleCountMax:128.0]]
[2022.03.03-23.43.50:323][  0]LogConfig: Setting CVar [[r.SkyAtmosphere.SampleCountMin:4.0]]
[2022.03.03-23.43.50:323][  0]LogConfig: Setting CVar [[r.SkyAtmosphere.SampleCountMax:128.0]]
[2022.03.03-23.43.50:323][  0]LogConfig: Setting CVar [[r.SkyAtmosphere.TransmittanceLUT.UseSmallFormat:0]]
[2022.03.03-23.43.50:323][  0]LogConfig: Setting CVar [[r.SkyAtmosphere.TransmittanceLUT.SampleCount:10.0]]
[2022.03.03-23.43.50:323][  0]LogConfig: Setting CVar [[r.SkyAtmosphere.MultiScatteringLUT.SampleCount:15.0]]
[2022.03.03-23.43.50:323][  0]LogConfig: Setting CVar [[r.SkyLight.RealTimeReflectionCapture:1]]
[2022.03.03-23.43.50:323][  0]LogConfig: Applying CVar settings from Section [FoliageQuality@3] File [D:/Code Projects/UE/SCP-Infinity/Game/new new/Saved/Config/Windows/Scalability.ini]
[2022.03.03-23.43.50:324][  0]LogConfig: Setting CVar [[foliage.DensityScale:1.0]]
[2022.03.03-23.43.50:324][  0]LogConfig: Setting CVar [[grass.DensityScale:1.0]]
[2022.03.03-23.43.50:324][  0]LogConfig: Applying CVar settings from Section [ShadingQuality@3] File [D:/Code Projects/UE/SCP-Infinity/Game/new new/Saved/Config/Windows/Scalability.ini]
[2022.03.03-23.43.50:324][  0]LogConfig: Setting CVar [[r.HairStrands.SkyLighting.IntegrationType:2]]
[2022.03.03-23.43.50:324][  0]LogConfig: Setting CVar [[r.HairStrands.SkyAO.SampleCount:4]]
[2022.03.03-23.43.50:324][  0]LogConfig: Setting CVar [[r.HairStrands.Visibility.MSAA.SamplePerPixel:4]]
[2022.03.03-23.43.50:324][  0]LogConfig: Applying CVar settings from Section [Startup] File [../../../Engine/Config/ConsoleVariables.ini]
[2022.03.03-23.43.50:324][  0]LogConfig: Setting CVar [[net.UseAdaptiveNetUpdateFrequency:0]]
[2022.03.03-23.43.50:324][  0]LogConfig: Setting CVar [[p.chaos.AllowCreatePhysxBodies:1]]
[2022.03.03-23.43.50:324][  0]LogConfig: Setting CVar [[fx.SkipVectorVMBackendOptimizations:1]]
[2022.03.03-23.43.50:324][  0]LogConfig: Applying CVar settings from Section [ConsoleVariables] File [D:/Code Projects/UE/SCP-Infinity/Game/new new/Saved/Config/Windows/Engine.ini]
[2022.03.03-23.43.50:324][  0]LogConfig: Applying CVar settings from Section [ConsoleVariables] File [D:/Code Projects/UE/SCP-Infinity/Game/new new/Saved/Config/Windows/Editor.ini]
[2022.03.03-23.43.50:324][  0]LogInit: Computer: DESKTOP-1J3FP2F
[2022.03.03-23.43.50:324][  0]LogInit: User: User
[2022.03.03-23.43.50:324][  0]LogInit: CPU Page size=4096, Cores=4
[2022.03.03-23.43.50:324][  0]LogInit: High frequency timer resolution =10.000000 MHz
[2022.03.03-23.43.50:324][  0]LogMemory: Memory total: Physical=32.0GB (32GB approx)
[2022.03.03-23.43.50:324][  0]LogMemory: Platform Memory Stats for Windows
[2022.03.03-23.43.50:324][  0]LogMemory: Process Physical Memory: 142.10 MB used, 142.11 MB peak
[2022.03.03-23.43.50:324][  0]LogMemory: Process Virtual Memory: 126.71 MB used, 126.71 MB peak
[2022.03.03-23.43.50:324][  0]LogMemory: Physical Memory: 7452.67 MB used,  25277.83 MB free, 32730.50 MB total
[2022.03.03-23.43.50:324][  0]LogMemory: Virtual Memory: 134192040.00 MB used,  25690.29 MB free, 134217728.00 MB total
[2022.03.03-23.43.50:332][  0]LogWindows: WindowsPlatformFeatures enabled
[2022.03.03-23.43.50:877][  0]LogInit: Physics initialised using underlying interface: PhysX
[2022.03.03-23.43.50:886][  0]LogInit: Using OS detected language (en-US).
[2022.03.03-23.43.50:886][  0]LogInit: Using OS detected locale (en-GB).
[2022.03.03-23.43.51:184][  0]LogTextLocalizationManager: No specific localization for 'en-US' exists, so the 'en' localization will be used.
[2022.03.03-23.43.51:797][  0]LogInit: Setting process to per monitor DPI aware
[2022.03.03-23.43.51:826][  0]LogWindowsTextInputMethodSystem: Display: IME system deactivated.
[2022.03.03-23.43.52:073][  0]LogSlate: New Slate User Created.  User Index 0, Is Virtual User: 0
[2022.03.03-23.43.52:073][  0]LogSlate: Slate User Registered.  User Index 0, Is Virtual User: 0
[2022.03.03-23.43.52:552][  0]LogD3D11RHI: Loaded GFSDK_Aftermath_Lib.x64.dll
[2022.03.03-23.43.52:561][  0]LogHMD: Failed to initialize OpenVR with code 110
[2022.03.03-23.43.52:561][  0]LogD3D11RHI: D3D11 min allowed feature level: 11_0
[2022.03.03-23.43.52:561][  0]LogD3D11RHI: D3D11 max allowed feature level: 11_0
[2022.03.03-23.43.52:561][  0]LogD3D11RHI: D3D11 adapters:
[2022.03.03-23.43.52:704][  0]LogD3D11RHI:    0. 'NVIDIA GeForce GTX 1080' (Feature Level 11_0)
[2022.03.03-23.43.52:704][  0]LogD3D11RHI:       8079/0/16365 MB DedicatedVideo/DedicatedSystem/SharedSystem, Outputs:1, VendorId:0x10de
[2022.03.03-23.43.52:756][  0]LogD3D11RHI:    1. 'Microsoft Basic Render Driver' (Feature Level 11_0)
[2022.03.03-23.43.52:757][  0]LogD3D11RHI:       0/0/16365 MB DedicatedVideo/DedicatedSystem/SharedSystem, Outputs:0, VendorId:0x1414
[2022.03.03-23.43.52:757][  0]LogD3D11RHI: Chosen D3D11 Adapter:
[2022.03.03-23.43.52:757][  0]LogD3D11RHI:     Description : NVIDIA GeForce GTX 1080
[2022.03.03-23.43.52:757][  0]LogD3D11RHI:     VendorId    : 10de
[2022.03.03-23.43.52:757][  0]LogD3D11RHI:     DeviceId    : 1b80
[2022.03.03-23.43.52:757][  0]LogD3D11RHI:     SubSysId    : 33661462
[2022.03.03-23.43.52:757][  0]LogD3D11RHI:     Revision    : 00a1
[2022.03.03-23.43.52:757][  0]LogD3D11RHI:     DedicatedVideoMemory : 8471445504 bytes
[2022.03.03-23.43.52:757][  0]LogD3D11RHI:     DedicatedSystemMemory : 0 bytes
[2022.03.03-23.43.52:757][  0]LogD3D11RHI:     SharedSystemMemory : 17160208384 bytes
[2022.03.03-23.43.52:757][  0]LogD3D11RHI:     AdapterLuid : 0 59196
[2022.03.03-23.43.52:765][  0]LogD3D11RHI: Creating new Direct3DDevice
[2022.03.03-23.43.52:765][  0]LogD3D11RHI:     GPU DeviceId: 0x1b80 (for the marketing name, search the web for "GPU Device Id")
[2022.03.03-23.43.52:765][  0]LogWindows: EnumDisplayDevices:
[2022.03.03-23.43.52:765][  0]LogWindows:    0. 'NVIDIA GeForce GTX 1080' (P:1 D:1)
[2022.03.03-23.43.52:765][  0]LogWindows:    1. 'NVIDIA GeForce GTX 1080' (P:0 D:0)
[2022.03.03-23.43.52:766][  0]LogWindows:    2. 'NVIDIA GeForce GTX 1080' (P:0 D:0)
[2022.03.03-23.43.52:766][  0]LogWindows:    3. 'NVIDIA GeForce GTX 1080' (P:0 D:0)
[2022.03.03-23.43.52:766][  0]LogWindows: DebugString: FoundDriverCount:4 
[2022.03.03-23.43.52:766][  0]LogD3D11RHI:     Adapter Name: NVIDIA GeForce GTX 1080
[2022.03.03-23.43.52:766][  0]LogD3D11RHI:   Driver Version: 511.79 (internal:30.0.15.1179, unified:511.79)
[2022.03.03-23.43.52:766][  0]LogD3D11RHI:      Driver Date: 2-10-2022
[2022.03.03-23.43.52:767][  0]LogRHI: Texture pool is 5655 MB (70% of 8079 MB)
[2022.03.03-23.43.52:783][  0]LogD3D11RHI: Creating D3DDevice using adapter:
[2022.03.03-23.43.52:783][  0]LogD3D11RHI:     Description : NVIDIA GeForce GTX 1080
[2022.03.03-23.43.52:783][  0]LogD3D11RHI:     VendorId    : 10de
[2022.03.03-23.43.52:783][  0]LogD3D11RHI:     DeviceId    : 1b80
[2022.03.03-23.43.52:783][  0]LogD3D11RHI:     SubSysId    : 33661462
[2022.03.03-23.43.52:783][  0]LogD3D11RHI:     Revision    : 00a1
[2022.03.03-23.43.52:783][  0]LogD3D11RHI:     DedicatedVideoMemory : 8471445504 bytes
[2022.03.03-23.43.52:783][  0]LogD3D11RHI:     DedicatedSystemMemory : 0 bytes
[2022.03.03-23.43.52:783][  0]LogD3D11RHI:     SharedSystemMemory : 17160208384 bytes
[2022.03.03-23.43.52:783][  0]LogD3D11RHI:     AdapterLuid : 0 59196
[2022.03.03-23.43.52:856][  0]LogD3D11RHI: RHI has support for 64 bit atomics
[2022.03.03-23.43.52:857][  0]LogD3D11RHI: Async texture creation enabled
[2022.03.03-23.43.52:857][  0]LogD3D11RHI: Array index from any shader is supported
[2022.03.03-23.43.53:673][  0]LogTargetPlatformManager: Display: Loaded TargetPlatform 'AllDesktop'
[2022.03.03-23.43.53:704][  0]LogTargetPlatformManager: Display: Loaded TargetPlatform 'Android'
[2022.03.03-23.43.53:704][  0]LogTargetPlatformManager: Display: Loaded TargetPlatform 'Android_ASTC'
[2022.03.03-23.43.53:704][  0]LogTargetPlatformManager: Display: Loaded TargetPlatform 'Android_DXT'
[2022.03.03-23.43.53:704][  0]LogTargetPlatformManager: Display: Loaded TargetPlatform 'Android_ETC2'
[2022.03.03-23.43.53:704][  0]LogTargetPlatformManager: Display: Loaded TargetPlatform 'AndroidClient'
[2022.03.03-23.43.53:704][  0]LogTargetPlatformManager: Display: Loaded TargetPlatform 'Android_ASTCClient'
[2022.03.03-23.43.53:704][  0]LogTargetPlatformManager: Display: Loaded TargetPlatform 'Android_DXTClient'
[2022.03.03-23.43.53:704][  0]LogTargetPlatformManager: Display: Loaded TargetPlatform 'Android_ETC2Client'
[2022.03.03-23.43.53:704][  0]LogTargetPlatformManager: Display: Loaded TargetPlatform 'Android_Multi'
[2022.03.03-23.43.53:704][  0]LogTargetPlatformManager: Display: Loaded TargetPlatform 'Android_MultiClient'
[2022.03.03-23.43.53:797][  0]LogTargetPlatformManager: Display: Loaded TargetPlatform 'IOSClient'
[2022.03.03-23.43.53:797][  0]LogTargetPlatformManager: Display: Loaded TargetPlatform 'IOS'
[2022.03.03-23.43.53:822][  0]LogTargetPlatformManager: Display: Loaded TargetPlatform 'Linux'
[2022.03.03-23.43.53:826][  0]LogTargetPlatformManager: Display: Loaded TargetPlatform 'LinuxNoEditor'
[2022.03.03-23.43.53:831][  0]LogTargetPlatformManager: Display: Loaded TargetPlatform 'LinuxClient'
[2022.03.03-23.43.53:835][  0]LogTargetPlatformManager: Display: Loaded TargetPlatform 'LinuxServer'
[2022.03.03-23.43.53:882][  0]LogTargetPlatformManager: Display: Loaded TargetPlatform 'LinuxAArch64NoEditor'
[2022.03.03-23.43.53:886][  0]LogTargetPlatformManager: Display: Loaded TargetPlatform 'LinuxAArch64Client'
[2022.03.03-23.43.53:891][  0]LogTargetPlatformManager: Display: Loaded TargetPlatform 'LinuxAArch64Server'
[2022.03.03-23.43.53:916][  0]LogTargetPlatformManager: Display: Loaded TargetPlatform 'Lumin'
[2022.03.03-23.43.53:916][  0]LogTargetPlatformManager: Display: Loaded TargetPlatform 'LuminClient'
[2022.03.03-23.43.53:939][  0]LogTargetPlatformManager: Display: Loaded TargetPlatform 'MacNoEditor'
[2022.03.03-23.43.53:951][  0]LogTargetPlatformManager: Display: Loaded TargetPlatform 'Mac'
[2022.03.03-23.43.53:956][  0]LogTargetPlatformManager: Display: Loaded TargetPlatform 'MacClient'
[2022.03.03-23.43.53:961][  0]LogTargetPlatformManager: Display: Loaded TargetPlatform 'MacServer'
[2022.03.03-23.43.53:978][  0]LogTargetPlatformManager: Display: Loaded TargetPlatform 'TVOSClient'
[2022.03.03-23.43.53:978][  0]LogTargetPlatformManager: Display: Loaded TargetPlatform 'TVOS'
[2022.03.03-23.43.53:988][  0]LogTargetPlatformManager: Display: Loaded TargetPlatform 'WindowsNoEditor'
[2022.03.03-23.43.54:029][  0]LogTargetPlatformManager: Display: Loaded TargetPlatform 'Windows'
[2022.03.03-23.43.54:034][  0]LogTargetPlatformManager: Display: Loaded TargetPlatform 'WindowsClient'
[2022.03.03-23.43.54:038][  0]LogTargetPlatformManager: Display: Loaded TargetPlatform 'WindowsServer'
[2022.03.03-23.43.54:038][  0]LogTargetPlatformManager: Display: Building Assets For Windows
[2022.03.03-23.43.54:122][  0]LogAudioDebug: Display: Lib vorbis DLL was dynamically loaded.
[2022.03.03-23.43.54:291][  0]LogTextureFormatOodle: Display: Oodle Texture 2.9.0 init RDO Off
[2022.03.03-23.43.54:541][  0]LogD3D11RHI: GPU Timing Frequency: 1000.000000 (Debug: 2 1)
[2022.03.03-23.43.54:631][  0]LogRHI: GeForceNow SDK initialized: 1
[2022.03.03-23.43.54:644][  0]LogRendererCore: Ray tracing is disabled. Reason: r.RayTracing=0.
[2022.03.03-23.43.54:644][  0]LogShaderCompilers: Guid format shader working directory is -12 characters bigger than the processId version (../../../../../Code Projects/UE/SCP-Infinity/Game/new new/Intermediate/Shaders/WorkingDirectory/9556/).
[2022.03.03-23.43.54:645][  0]LogShaderCompilers: Cleaned the shader compiler working directory 'C:/Users/User/AppData/Local/Temp/UnrealShaderWorkingDir/AACB29734ABC8E7C222F81B8C8BE1D6C/'.
[2022.03.03-23.43.54:645][  0]LogXGEController: Cannot use XGE Controller as Incredibuild is not installed on this machine.
[2022.03.03-23.43.54:645][  0]LogShaderCompilers: Cannot use XGE Shader Compiler as Incredibuild is not installed on this machine.
[2022.03.03-23.43.54:645][  0]LogShaderCompilers: Display: Using Local Shader Compiler.
[2022.03.03-23.43.55:963][  0]LogDerivedDataCache: Display: Max Cache Size: 512 MB
[2022.03.03-23.43.56:122][  0]LogDerivedDataCache: Loaded boot cache 0.16s 123MB C:/Users/User/AppData/Local/UnrealEngine/4.27/DerivedDataCache/Boot.ddc.
[2022.03.03-23.43.56:122][  0]LogDerivedDataCache: Display: Loaded Boot cache: C:/Users/User/AppData/Local/UnrealEngine/4.27/DerivedDataCache/Boot.ddc
[2022.03.03-23.43.56:122][  0]LogDerivedDataCache: FDerivedDataBackendGraph:  Pak pak cache file ../../../../../Code Projects/UE/SCP-Infinity/Game/new new/DerivedDataCache/DDC.ddp not found, will not use a pak cache.
[2022.03.03-23.43.56:122][  0]LogDerivedDataCache: Unable to find inner node Pak for hierarchical cache Hierarchy.
[2022.03.03-23.43.56:122][  0]LogDerivedDataCache: FDerivedDataBackendGraph:  CompressedPak pak cache file ../../../../../Code Projects/UE/SCP-Infinity/Game/new new/DerivedDataCache/Compressed.ddp not found, will not use a pak cache.
[2022.03.03-23.43.56:122][  0]LogDerivedDataCache: Unable to find inner node CompressedPak for hierarchical cache Hierarchy.
[2022.03.03-23.43.56:164][  0]LogDerivedDataCache: Display: Pak cache opened for reading ../../../Engine/DerivedDataCache/Compressed.ddp.
[2022.03.03-23.43.56:164][  0]LogDerivedDataCache: FDerivedDataBackendGraph:  EnterprisePak pak cache file ../../../Enterprise/DerivedDataCache/Compressed.ddp not found, will not use a pak cache.
[2022.03.03-23.43.56:164][  0]LogDerivedDataCache: Unable to find inner node EnterprisePak for hierarchical cache Hierarchy.
[2022.03.03-23.43.56:412][  0]LogDerivedDataCache: Speed tests for D:/Epic Games/DDC took 0.25 seconds
[2022.03.03-23.43.56:412][  0]LogDerivedDataCache: Display: Performance to D:/Epic Games/DDC: Latency=2.78ms. RandomReadSpeed=4.60MBs, RandomWriteSpeed=68.46MBs. Assigned SpeedClass 'Fast'
[2022.03.03-23.43.56:413][  0]LogDerivedDataCache: Using Local data cache path D:/Epic Games/DDC: Writable
[2022.03.03-23.43.56:417][  0]LogDerivedDataCache: Speed tests for D:/Epic Games/DDC took 0.00 seconds
[2022.03.03-23.43.56:417][  0]LogDerivedDataCache: Display: Performance to D:/Epic Games/DDC: Latency=0.02ms. RandomReadSpeed=1725.16MBs, RandomWriteSpeed=262.22MBs. Assigned SpeedClass 'Local'
[2022.03.03-23.43.56:417][  0]LogDerivedDataCache: Using Shared data cache path D:/Epic Games/DDC: Writable
[2022.03.03-23.43.56:645][  0]LogSlate: Using FreeType 2.10.0
[2022.03.03-23.43.56:661][  0]LogSlate: SlateFontServices - WITH_FREETYPE: 1, WITH_HARFBUZZ: 1
[2022.03.03-23.43.56:929][  0]LogAssetRegistry: FAssetRegistry took 0.0073 seconds to start up
[2022.03.03-23.43.58:749][  0]LogInit: Selected Device Profile: [Windows]
[2022.03.03-23.43.58:749][  0]LogInit: Active device profile: [000001EFD818AD00][000001EFCEB9FA00 49] Windows
[2022.03.03-23.43.58:749][  0]LogInit: Profiles: [000001EFD818AD00][000001EFCEB9FA00 49] Windows, [000001EFD8192F00][000001EFC83D9B80 49] WindowsNoEditor, [000001EFD818B600][000001EFC83DC180 49] WindowsServer, [000001EFD8190B00][000001EFC83E0300 49] WindowsClient, [000001EFD8188B00][000001EFC83E4480 49] IOS, [000001EFD8193800][000001EFC83E8600 49] iPadAir, [000001EFD818BC00][000001EFC83EC780 49] iPadAir2, [000001EFD9126700][000001EFC83F4A40 49] IPadPro, [000001EFD9126800][000001EFC83F0A80 49] iPadAir3, [000001EFD8188400][000001EFC83F8C00 49] iPadAir4, [000001EFD9127600][000001EFC83D4D40 49] iPadMini2, [000001EFD8188100][000001EFC83FCE80 49] iPadMini3, [000001EFD9125300][000001EFC8400FC0 49] iPadMini4, [000001EFD8189800][000001EFC8405100 49] iPadMini5, [000001EFD8176000][000001EFC84113C0 49] iPhone6, [000001EFD8176100][000001EFC840D400 49] iPodTouch6, [000001EFD9126A00][000001EFC84196C0 49] iPhone7, [000001EFD9124E00][000001EFC8415700 49] iPodTouch7, [000001EFD8176E00][000001EFD8085880 49] iPhone5S, [000001EFD9124800][000001EFD8089A00 49] iPhone6Plus, [000001EFD8174B00][000001EFD808DB80 49] iPhone6S, [000001EFD9125500][000001EFD8090180 49] iPhone6SPlus, [000001EFD8175000][000001EFD8094300 49] iPhone7Plus, [000001EFD9125900][000001EFD8098480 49] iPhoneSE, [000001EFD8177700][000001EFD809C600 49] iPhone8, [000001EFD9125800][000001EFD80A0780 49] iPhone8Plus, [000001EFD8177800][000001EFD80A4900 49] iPhoneX, [000001EFD9124500][000001EFD80A8A80 49] iPhoneXS, [000001EFD8177300][000001EFD80ACC00 49] iPhoneXSMax, [000001EFD9124A00][000001EFD80B0D80 49] iPhoneXR, [000001EFD8176300][000001EFD80B4F00 49] iPhone11, [000001EFD9126C00][000001EFC8409040 49] iPhone11Pro, [000001EFD8175C00][000001EFD80B9180 49] iPhone11ProMax, [000001EFD9125100][000001EFD80BD2C0 49] iPhoneSE2, [000001EFD8176D00][000001EFD80C5440 49] iPhone12Mini, [000001EFD9126B00][000001EFD80C95C0 49] iPhone12, [000001EFD8177F00][000001EFD80CD740 49] iPhone12Pro, [000001EFD9127B00][000001EFD80D18C0 49] iPhone12ProMax, [000001EFD8175900][000001EFD80D5A40 49] iPadPro105, [000001EFD9127D00][000001EFD80D9BC0 49] iPadPro129, [000001EFD8175B00][000001EFD80DC1C0 49] iPadPro97, [000001EFD9124600][000001EFD80E0340 49] iPadPro2_129, [000001EFD8175F00][000001EFD80E44C0 49] iPad5, [000001EFD9127800][000001EFD80E8640 49] iPad6, [000001EFD8174500][000001EFD80EC7C0 49] iPad7, [000001EFD9126E00][000001EFD80F0940 49] iPad8, [000001EFD8174E00][000001EFD80F4AC0 49] iPadPro11, [000001EFD9126000][000001EFD80F8C40 49] iPadPro2_11, [000001EFD8190100][000001EFD80FCDC0 49] iPadPro3_129, [000001EFD8206300][000001EFD8100F40 49] iPadPro4_129, [000001EFD8192D00][000001EFD81050C0 49] AppleTV, [000001EFD8204A00][000001EFD80C1200 49] AppleTV4K, [000001EFD8190400][000001EFD8109340 49] TVOS, [000001EFD8205300][000001EFD810D480 49] Mac, [000001EFD8193B00][000001EFD81115C0 49] MacClient, [000001EFD8205D00][000001EFD8119740 49] MacNoEditor, [000001EFD8192C00][000001EFD811D8C0 49] MacServer, [000001EFD8205800][000001EFD8121A40 49] Linux, [000001EFD8191F00][000001EFD8125BC0 49] LinuxAArch64, [000001EFD8205600][000001EFD81281C0 49] LinuxNoEditor, [000001EFD8192500][000001EFD812C340 49] LinuxAArch64NoEditor, [000001EFD8205500][000001EFD81304C0 49] LinuxClient, [000001EFD8193A00][000001EFD8134640 49] LinuxAArch64Client, [000001EFD8204300][000001EFD81387C0 49] LinuxServer, [000001EFD8190300][000001EFD813C940 49] LinuxAArch64Server, [000001EFD8205C00][000001EFD8140AC0 49] Android, [000001EFD9125200][000001EFD8144C40 49] Android_Low, [000001EFD8175200][000001EFD8148DC0 49] Android_Mid, [000001EFD9127500][000001EFD814CF40 49] Android_High, [000001EFD8176C00][000001EFD91610C0 49] Android_Default, [000001EFD9127C00][000001EFD9165240 49] Android_Adreno4xx, [000001EFD8175800][000001EFD8115380 49] Android_Adreno5xx_Low, [000001EFD9127000][000001EFD91694C0 49] Android_Adreno5xx, [000001EFD8176B00][000001EFD916D600 49] Android_Adreno6xx, [000001EFD9126500][000001EFD9171740 49] Android_Adreno6xx_Vulkan, [000001EFD8175300][000001EFD91798C0 49] Android_Mali_T6xx, [000001EFD9124B00][000001EFD917DA40 49] Android_Mali_T7xx, [000001EFD8206100][000001EFD9181BC0 49] Android_Mali_T8xx, [000001EFD9126D00][000001EFD91841C0 49] Android_Mali_G71, [000001EFD8206600][000001EFD9188340 49] Android_Mali_G72, [000001EFD9127700][000001EFD918C4C0 49] Android_Mali_G72_Vulkan, [000001EFD8204200][000001EFD9190640 49] Android_Mali_G76, [000001EFD9127400][000001EFD91947C0 49] Android_Mali_G76_Vulkan, [000001EFD8204600][000001EFD9198940 49] Android_Mali_G77, [000001EFD9124100][000001EFD919CAC0 49] Android_Mali_G77_Vulkan, [000001EFD8204C00][000001EFD91A0C40 49] Android_Mali_G78, [000001EFD9124900][000001EFD91A4DC0 49] Android_Mali_G78_Vulkan, [000001EFD8174C00][000001EFD91A8F40 49] Android_Mali_G710, [000001EFD9124200][000001EFD91AD0C0 49] Android_Mali_G710_Vulkan, [000001EFD8177A00][000001EFD91B1240 49] Android_Vulkan_SM5, [000001EFD9124300][000001EFD91B53C0 49] Android_PowerVR_G6xxx, [000001EFD8175400][000001EFD91B9540 49] Android_PowerVR_GT7xxx, [000001EFD9127E00][000001EFD9175680 49] Android_PowerVR_GE8xxx, [000001EFD8174100][000001EFD91BD7C0 49] Android_PowerVR_GM9xxx, [000001EFD9124F00][000001EFD91C1900 49] Android_PowerVR_GM9xxx_Vulkan, [000001EFD8176F00][000001EFD91C9A80 49] Android_TegraK1, [000001EFD9127300][000001EFD91CDC00 49] Android_Unknown_Vulkan, [000001EFD8177900][000001EFD91D0200 49] Lumin, [000001EFD9126300][000001EFD91D4380 49] Lumin_Desktop, [000001EFD8177D00][000001EFD91D8500 49] HoloLens, 
